<?xml version="1.0" encoding="UTF-8"?>
<!-- Generated by org.testng.reporters.JUnitXMLReporter -->
<testsuite hostname="Vijay-CH" ignored="29" name="Default test(failed)(failed)" tests="7" failures="0" timestamp="15 Nov 2019 11:31:01 GMT" time="31.546" errors="0">
  <testcase name="@BeforeMethod setUp" time="30.998" classname="com.staff.qa.testcases.PlacementPageTest">
    <failure type="org.openqa.selenium.NoSuchElementException" message="no such element: Unable to locate element: {&amp;quot;method&amp;quot;:&amp;quot;xpath&amp;quot;,&amp;quot;selector&amp;quot;:&amp;quot;//div[@id=&amp;apos;hamburgerMenuIcon&amp;apos;]&amp;quot;}
  (Session info: chrome=78.0.3904.97)
For documentation on this error, please visit: http://seleniumhq.org/exceptions/no_such_element.html
Build info: version: &amp;apos;3.141.5&amp;apos;, revision: &amp;apos;d54ebd709a&amp;apos;, time: &amp;apos;2018-11-06T11:42:16&amp;apos;
System info: host: &amp;apos;VIJAY-CH&amp;apos;, ip: &amp;apos;10.20.8.248&amp;apos;, os.name: &amp;apos;Windows 10&amp;apos;, os.arch: &amp;apos;amd64&amp;apos;, os.version: &amp;apos;10.0&amp;apos;, java.version: &amp;apos;1.8.0_152&amp;apos;
Driver info: org.openqa.selenium.chrome.ChromeDriver
Capabilities {acceptInsecureCerts: false, browserName: chrome, browserVersion: 78.0.3904.97, chrome: {chromedriverVersion: 78.0.3904.70 (edb9c9f3de024..., userDataDir: C:\Users\chavan_v\AppData\L...}, goog:chromeOptions: {debuggerAddress: localhost:59010}, javascriptEnabled: true, networkConnectionEnabled: false, pageLoadStrategy: normal, platform: XP, platformName: XP, proxy: Proxy(), setWindowRect: true, strictFileInteractability: false, timeouts: {implicit: 0, pageLoad: 300000, script: 30000}, unhandledPromptBehavior: dismiss and notify}
Session ID: 135079a17d2a756c1fdac50f7b411507
*** Element info: {Using=xpath, value=//div[@id=&amp;apos;hamburgerMenuIcon&amp;apos;]}">
      <![CDATA[org.openqa.selenium.NoSuchElementException: no such element: Unable to locate element: {"method":"xpath","selector":"//div[@id='hamburgerMenuIcon']"}
  (Session info: chrome=78.0.3904.97)
For documentation on this error, please visit: http://seleniumhq.org/exceptions/no_such_element.html
Build info: version: '3.141.5', revision: 'd54ebd709a', time: '2018-11-06T11:42:16'
System info: host: 'VIJAY-CH', ip: '10.20.8.248', os.name: 'Windows 10', os.arch: 'amd64', os.version: '10.0', java.version: '1.8.0_152'
Driver info: org.openqa.selenium.chrome.ChromeDriver
Capabilities {acceptInsecureCerts: false, browserName: chrome, browserVersion: 78.0.3904.97, chrome: {chromedriverVersion: 78.0.3904.70 (edb9c9f3de024..., userDataDir: C:\Users\chavan_v\AppData\L...}, goog:chromeOptions: {debuggerAddress: localhost:59010}, javascriptEnabled: true, networkConnectionEnabled: false, pageLoadStrategy: normal, platform: XP, platformName: XP, proxy: Proxy(), setWindowRect: true, strictFileInteractability: false, timeouts: {implicit: 0, pageLoad: 300000, script: 30000}, unhandledPromptBehavior: dismiss and notify}
Session ID: 135079a17d2a756c1fdac50f7b411507
*** Element info: {Using=xpath, value=//div[@id='hamburgerMenuIcon']}
at org.openqa.selenium.remote.http.W3CHttpResponseCodec.createException(W3CHttpResponseCodec.java:187)
at org.openqa.selenium.remote.http.W3CHttpResponseCodec.decode(W3CHttpResponseCodec.java:122)
at org.openqa.selenium.remote.http.W3CHttpResponseCodec.decode(W3CHttpResponseCodec.java:49)
at org.openqa.selenium.remote.HttpCommandExecutor.execute(HttpCommandExecutor.java:158)
at org.openqa.selenium.remote.service.DriverCommandExecutor.execute(DriverCommandExecutor.java:83)
at org.openqa.selenium.remote.RemoteWebDriver.execute(RemoteWebDriver.java:552)
at org.openqa.selenium.remote.RemoteWebDriver.findElement(RemoteWebDriver.java:323)
at org.openqa.selenium.remote.RemoteWebDriver.findElementByXPath(RemoteWebDriver.java:428)
at org.openqa.selenium.By$ByXPath.findElement(By.java:353)
at org.openqa.selenium.remote.RemoteWebDriver.findElement(RemoteWebDriver.java:315)
at org.openqa.selenium.support.events.EventFiringWebDriver.lambda$new$1(EventFiringWebDriver.java:105)
at com.sun.proxy.$Proxy11.findElement(Unknown Source)
at org.openqa.selenium.support.events.EventFiringWebDriver.findElement(EventFiringWebDriver.java:194)
at org.openqa.selenium.support.pagefactory.DefaultElementLocator.findElement(DefaultElementLocator.java:69)
at org.openqa.selenium.support.pagefactory.internal.LocatingElementHandler.invoke(LocatingElementHandler.java:38)
at com.sun.proxy.$Proxy15.click(Unknown Source)
at com.staff.qa.pages.HomePage.clickOnPlacementOption(HomePage.java:75)
at com.staff.qa.testcases.PlacementPageTest.setUp(PlacementPageTest.java:59)
... Removed 36 stack frames]]>
    </failure>
  </testcase> <!-- @BeforeMethod setUp -->
  <testcase name="@AfterMethod getResult" time="0.0" classname="com.staff.qa.base.BaseClass">
    <skipped/>
  </testcase> <!-- @AfterMethod getResult -->
  <testcase name="@BeforeMethod setUp" time="0.0" classname="com.staff.qa.testcases.PlacementPageTest">
    <skipped/>
  </testcase> <!-- @BeforeMethod setUp -->
  <testcase name="@AfterMethod getResult" time="0.0" classname="com.staff.qa.base.BaseClass">
    <skipped/>
  </testcase> <!-- @AfterMethod getResult -->
  <testcase name="@BeforeMethod setUp" time="0.0" classname="com.staff.qa.testcases.PlacementPageTest">
    <skipped/>
  </testcase> <!-- @BeforeMethod setUp -->
  <testcase name="@AfterMethod getResult" time="0.0" classname="com.staff.qa.base.BaseClass">
    <skipped/>
  </testcase> <!-- @AfterMethod getResult -->
  <testcase name="@BeforeMethod setUp" time="0.0" classname="com.staff.qa.testcases.PlacementPageTest">
    <skipped/>
  </testcase> <!-- @BeforeMethod setUp -->
  <testcase name="@AfterMethod getResult" time="0.0" classname="com.staff.qa.base.BaseClass">
    <skipped/>
  </testcase> <!-- @AfterMethod getResult -->
  <testcase name="@BeforeMethod setUp" time="0.0" classname="com.staff.qa.testcases.PlacementPageTest">
    <skipped/>
  </testcase> <!-- @BeforeMethod setUp -->
  <testcase name="@AfterMethod getResult" time="0.0" classname="com.staff.qa.base.BaseClass">
    <skipped/>
  </testcase> <!-- @AfterMethod getResult -->
  <testcase name="@BeforeMethod setUp" time="0.0" classname="com.staff.qa.testcases.PlacementPageTest">
    <skipped/>
  </testcase> <!-- @BeforeMethod setUp -->
  <testcase name="@AfterMethod getResult" time="0.0" classname="com.staff.qa.base.BaseClass">
    <skipped/>
  </testcase> <!-- @AfterMethod getResult -->
  <testcase name="@BeforeMethod setUp" time="0.0" classname="com.staff.qa.testcases.PlacementPageTest">
    <skipped/>
  </testcase> <!-- @BeforeMethod setUp -->
  <testcase name="@AfterMethod getResult" time="0.0" classname="com.staff.qa.base.BaseClass">
    <skipped/>
  </testcase> <!-- @AfterMethod getResult -->
  <testcase name="@AfterClass setupAfterSuite" time="0.0" classname="com.staff.qa.base.BaseClass">
    <skipped/>
  </testcase> <!-- @AfterClass setupAfterSuite -->
  <testcase name="@AfterTest endReport" time="0.0" classname="com.staff.qa.base.BaseClass">
    <skipped/>
  </testcase> <!-- @AfterTest endReport -->
  <testcase name="verifyUserNavigateToConsultantPage" time="0.0" classname="com.staff.qa.testcases.PlacementPageTest">
    <skipped/>
  </testcase> <!-- verifyUserNavigateToConsultantPage -->
  <testcase name="verifyPlacedConsultantAppearInPlacement_FromRequirement" time="0.0" classname="com.staff.qa.testcases.PlacementPageTest">
    <skipped/>
  </testcase> <!-- verifyPlacedConsultantAppearInPlacement_FromRequirement -->
  <testcase name="verifyPlacedConsultantAppearInPlacement_FromConsultant" time="0.0" classname="com.staff.qa.testcases.PlacementPageTest">
    <skipped/>
  </testcase> <!-- verifyPlacedConsultantAppearInPlacement_FromConsultant -->
  <testcase name="verifyEditClientAssignmentFieldsOfPlacementFormFunctionality" time="0.0" classname="com.staff.qa.testcases.PlacementPageTest">
    <skipped/>
  </testcase> <!-- verifyEditClientAssignmentFieldsOfPlacementFormFunctionality -->
  <testcase name="verifyInitiateOfferFunctionality" time="0.0" classname="com.staff.qa.testcases.PlacementPageTest">
    <skipped/>
  </testcase> <!-- verifyInitiateOfferFunctionality -->
  <testcase name="verifyApprovePlacementFunctionality_Validations" time="0.0" classname="com.staff.qa.testcases.PlacementPageTest">
    <skipped/>
  </testcase> <!-- verifyApprovePlacementFunctionality_Validations -->
  <testcase name="verifyRejectPlacementFunctionality_Validations" time="0.0" classname="com.staff.qa.testcases.PlacementPageTest">
    <skipped/>
  </testcase> <!-- verifyRejectPlacementFunctionality_Validations -->
  <testcase name="verifyAddNoteFunctionality" time="0.0" classname="com.staff.qa.testcases.PlacementPageTest">
    <ignored/>
  </testcase> <!-- verifyAddNoteFunctionality -->
  <testcase name="verifyEditConsultantDetailsOfPlacementFormFunctionality" time="0.0" classname="com.staff.qa.testcases.PlacementPageTest">
    <ignored/>
  </testcase> <!-- verifyEditConsultantDetailsOfPlacementFormFunctionality -->
  <testcase name="verifyCandidateEndedFilterData" time="0.0" classname="com.staff.qa.testcases.PlacementPageTest">
    <ignored/>
  </testcase> <!-- verifyCandidateEndedFilterData -->
  <testcase name="verifyCancelButtonFunGrossMarginOfPlacementForm" time="0.0" classname="com.staff.qa.testcases.PlacementPageTest">
    <ignored/>
  </testcase> <!-- verifyCancelButtonFunGrossMarginOfPlacementForm -->
  <testcase name="VerifyCandidateOnBillingPlacementCountInHeaderAndGrid" time="0.0" classname="com.staff.qa.testcases.PlacementPageTest">
    <ignored/>
  </testcase> <!-- VerifyCandidateOnBillingPlacementCountInHeaderAndGrid -->
  <testcase name="verifyCompaniesFilterFunOfPlacementForm1" time="0.0" classname="com.staff.qa.testcases.PlacementPageTest">
    <ignored/>
  </testcase> <!-- verifyCompaniesFilterFunOfPlacementForm1 -->
  <testcase name="verifyCancelButtonFunClientAssignmentOfPlacementForm" time="0.0" classname="com.staff.qa.testcases.PlacementPageTest">
    <ignored/>
  </testcase> <!-- verifyCancelButtonFunClientAssignmentOfPlacementForm -->
  <testcase name="verifySubmitForApprovalFunctionality1" time="0.0" classname="com.staff.qa.testcases.PlacementPageTest">
    <ignored/>
  </testcase> <!-- verifySubmitForApprovalFunctionality1 -->
  <testcase name="VerifyOpenPlacementCountInHeaderAndGrid" time="0.0" classname="com.staff.qa.testcases.PlacementPageTest">
    <ignored/>
  </testcase> <!-- VerifyOpenPlacementCountInHeaderAndGrid -->
  <testcase name="verifyAccountManagerSearchTextBoxFunOfPlacementForm" time="0.0" classname="com.staff.qa.testcases.PlacementPageTest">
    <ignored/>
  </testcase> <!-- verifyAccountManagerSearchTextBoxFunOfPlacementForm -->
  <testcase name="VerifyBackedOutPlacementCountInHeaderAndGrid" time="0.0" classname="com.staff.qa.testcases.PlacementPageTest">
    <ignored/>
  </testcase> <!-- VerifyBackedOutPlacementCountInHeaderAndGrid -->
  <testcase name="verifyPendingApprovalFilterData" time="0.0" classname="com.staff.qa.testcases.PlacementPageTest">
    <ignored/>
  </testcase> <!-- verifyPendingApprovalFilterData -->
  <testcase name="verifyBackedOutFilterData" time="0.0" classname="com.staff.qa.testcases.PlacementPageTest">
    <ignored/>
  </testcase> <!-- verifyBackedOutFilterData -->
  <testcase name="verifyCompaniesSearchTextBoxFunOfPlacementForm" time="0.0" classname="com.staff.qa.testcases.PlacementPageTest">
    <ignored/>
  </testcase> <!-- verifyCompaniesSearchTextBoxFunOfPlacementForm -->
  <testcase name="verifyEditGrossMarginOfPlacementFormFunctionality" time="0.0" classname="com.staff.qa.testcases.PlacementPageTest">
    <ignored/>
  </testcase> <!-- verifyEditGrossMarginOfPlacementFormFunctionality -->
  <testcase name="verifyApprovedFilterData" time="0.0" classname="com.staff.qa.testcases.PlacementPageTest">
    <ignored/>
  </testcase> <!-- verifyApprovedFilterData -->
  <testcase name="VerifyCandidateEndedPlacementCountInHeaderAndGrid" time="0.0" classname="com.staff.qa.testcases.PlacementPageTest">
    <ignored/>
  </testcase> <!-- VerifyCandidateEndedPlacementCountInHeaderAndGrid -->
  <testcase name="verifyOpenFilterData" time="0.0" classname="com.staff.qa.testcases.PlacementPageTest">
    <ignored/>
  </testcase> <!-- verifyOpenFilterData -->
  <testcase name="verifyCancelBtnFunOfAddNote" time="0.0" classname="com.staff.qa.testcases.PlacementPageTest">
    <ignored/>
  </testcase> <!-- verifyCancelBtnFunOfAddNote -->
  <testcase name="verifyAccountMangerFilterFunOfPlacementForm" time="0.0" classname="com.staff.qa.testcases.PlacementPageTest">
    <ignored/>
  </testcase> <!-- verifyAccountMangerFilterFunOfPlacementForm -->
  <testcase name="verifyBackedOutConsultantFunctionality" time="0.0" classname="com.staff.qa.testcases.PlacementPageTest">
    <ignored/>
  </testcase> <!-- verifyBackedOutConsultantFunctionality -->
  <testcase name="verifyAccountManagerFilterFunOfPlacementForm1" time="0.0" classname="com.staff.qa.testcases.PlacementPageTest">
    <ignored/>
  </testcase> <!-- verifyAccountManagerFilterFunOfPlacementForm1 -->
  <testcase name="verifyCancelButtonFunConsultantDetailsOfPlacementForm" time="0.0" classname="com.staff.qa.testcases.PlacementPageTest">
    <ignored/>
  </testcase> <!-- verifyCancelButtonFunConsultantDetailsOfPlacementForm -->
  <testcase name="VerifyAllPlacementCountInHeaderAndGrid" time="0.0" classname="com.staff.qa.testcases.PlacementPageTest">
    <ignored/>
  </testcase> <!-- VerifyAllPlacementCountInHeaderAndGrid -->
  <testcase name="verifyCompaniesFilterFunOfPlacementForm" time="0.0" classname="com.staff.qa.testcases.PlacementPageTest">
    <ignored/>
  </testcase> <!-- verifyCompaniesFilterFunOfPlacementForm -->
  <testcase name="VerifyApprovedPlacementCountInHeaderAndGrid" time="0.0" classname="com.staff.qa.testcases.PlacementPageTest">
    <ignored/>
  </testcase> <!-- VerifyApprovedPlacementCountInHeaderAndGrid -->
  <testcase name="verifyDownloadPlacementFormFunctionality" time="0.0" classname="com.staff.qa.testcases.PlacementPageTest">
    <ignored/>
  </testcase> <!-- verifyDownloadPlacementFormFunctionality -->
  <testcase name="VerifyPendingApprovalPlacementCountInHeaderAndGrid" time="0.0" classname="com.staff.qa.testcases.PlacementPageTest">
    <ignored/>
  </testcase> <!-- VerifyPendingApprovalPlacementCountInHeaderAndGrid -->
  <testcase name="verifyCandidateOnBillingFilterData" time="0.0" classname="com.staff.qa.testcases.PlacementPageTest">
    <ignored/>
  </testcase> <!-- verifyCandidateOnBillingFilterData -->
</testsuite> <!-- Default test(failed)(failed) -->
