<?xml version="1.0" encoding="UTF-8"?>
<!-- Generated by org.testng.reporters.JUnitXMLReporter -->
<testsuite hostname="Vijay-CH" ignored="14" name="E-Staff App Test Cases(failed)" tests="16" failures="16" timestamp="14 Oct 2019 07:00:21 GMT" time="286.012" errors="0">
  <testcase name="verifyUploadDocumentFunctionality" time="3.066" classname="com.staff.qa.testcases.RequirementPageTest">
    <failure type="java.lang.AssertionError" message="null">
      <![CDATA[java.lang.AssertionError: null
at com.staff.qa.testcases.RequirementPageTest.verifyUploadDocumentFunctionality(RequirementPageTest.java:390)
... Removed 27 stack frames]]>
    </failure>
  </testcase> <!-- verifyUploadDocumentFunctionality -->
  <testcase name="verifyUploadDocumentAppearInGrid" time="3.571" classname="com.staff.qa.testcases.RequirementPageTest">
    <failure type="java.lang.AssertionError" message="null">
      <![CDATA[java.lang.AssertionError: null
at com.staff.qa.testcases.RequirementPageTest.verifyUploadDocumentAppearInGrid(RequirementPageTest.java:434)
... Removed 27 stack frames]]>
    </failure>
  </testcase> <!-- verifyUploadDocumentAppearInGrid -->
  <testcase name="verifyDownloadUploadedDocument_requirement" time="3.034" classname="com.staff.qa.testcases.RequirementPageTest">
    <failure type="java.lang.AssertionError" message="null">
      <![CDATA[java.lang.AssertionError: null
at com.staff.qa.testcases.RequirementPageTest.verifyDownloadUploadedDocument_requirement(RequirementPageTest.java:468)
... Removed 27 stack frames]]>
    </failure>
  </testcase> <!-- verifyDownloadUploadedDocument_requirement -->
  <testcase name="verifyCancelBtnFunOfUploadDocPopUp_requirement" time="3.057" classname="com.staff.qa.testcases.RequirementPageTest">
    <failure type="java.lang.AssertionError" message="null">
      <![CDATA[java.lang.AssertionError: null
at com.staff.qa.testcases.RequirementPageTest.verifyCancelBtnFunOfUploadDocPopUp_requirement(RequirementPageTest.java:502)
... Removed 27 stack frames]]>
    </failure>
  </testcase> <!-- verifyCancelBtnFunOfUploadDocPopUp_requirement -->
  <testcase name="verifyEditJobDescriptionFunctionality" time="3.117" classname="com.staff.qa.testcases.RequirementPageTest">
    <failure type="java.lang.AssertionError" message="null">
      <![CDATA[java.lang.AssertionError: null
at com.staff.qa.testcases.RequirementPageTest.verifyEditJobDescriptionFunctionality(RequirementPageTest.java:544)
... Removed 27 stack frames]]>
    </failure>
  </testcase> <!-- verifyEditJobDescriptionFunctionality -->
  <testcase name="verifyArchivedRequirementFunctionality" time="8.834" classname="com.staff.qa.testcases.RequirementPageTest">
    <failure type="java.lang.AssertionError" message="null">
      <![CDATA[java.lang.AssertionError: null
at com.staff.qa.testcases.RequirementPageTest.verifyArchivedRequirementFunctionality(RequirementPageTest.java:584)
... Removed 27 stack frames]]>
    </failure>
  </testcase> <!-- verifyArchivedRequirementFunctionality -->
  <testcase name="verifyUnArchivedRequirementFunctionality" time="5.99" classname="com.staff.qa.testcases.RequirementPageTest">
    <failure type="java.lang.AssertionError" message="null">
      <![CDATA[java.lang.AssertionError: null
at com.staff.qa.testcases.RequirementPageTest.verifyUnArchivedRequirementFunctionality(RequirementPageTest.java:616)
... Removed 27 stack frames]]>
    </failure>
  </testcase> <!-- verifyUnArchivedRequirementFunctionality -->
  <testcase name="verifyValidationMessageForClosuredate" time="6.507" classname="com.staff.qa.testcases.RequirementPageTest">
    <failure type="java.lang.AssertionError" message="null">
      <![CDATA[java.lang.AssertionError: null
at com.staff.qa.testcases.RequirementPageTest.verifyValidationMessageForClosuredate(RequirementPageTest.java:654)
... Removed 27 stack frames]]>
    </failure>
  </testcase> <!-- verifyValidationMessageForClosuredate -->
  <testcase name="verifyValidationMessageForClosureReason" time="6.9" classname="com.staff.qa.testcases.RequirementPageTest">
    <failure type="java.lang.AssertionError" message="null">
      <![CDATA[java.lang.AssertionError: null
at com.staff.qa.testcases.RequirementPageTest.verifyValidationMessageForClosureReason(RequirementPageTest.java:693)
... Removed 27 stack frames]]>
    </failure>
  </testcase> <!-- verifyValidationMessageForClosureReason -->
  <testcase name="verifyCancelButtonFunctionalityOfArchiveRequirementPopUp" time="7.113" classname="com.staff.qa.testcases.RequirementPageTest">
    <failure type="java.lang.AssertionError" message="null">
      <![CDATA[java.lang.AssertionError: null
at com.staff.qa.testcases.RequirementPageTest.verifyCancelButtonFunctionalityOfArchiveRequirementPopUp(RequirementPageTest.java:722)
... Removed 27 stack frames]]>
    </failure>
  </testcase> <!-- verifyCancelButtonFunctionalityOfArchiveRequirementPopUp -->
  <testcase name="verifyConsultantMapToRequirement" time="29.88" classname="com.staff.qa.testcases.RequirementPageTest">
    <failure type="java.lang.AssertionError" message="expected [Sawan Muttha] but found [Don DeCosta]">
      <![CDATA[java.lang.AssertionError: expected [Sawan Muttha] but found [Don DeCosta]
at com.staff.qa.testcases.RequirementPageTest.verifyConsultantMapToRequirement(RequirementPageTest.java:840)
... Removed 31 stack frames]]>
    </failure>
  </testcase> <!-- verifyConsultantMapToRequirement -->
  <testcase name="verifyConsultantMapToRequirement_alreadyExists" time="4.095" classname="com.staff.qa.testcases.RequirementPageTest">
    <failure type="java.lang.AssertionError" message="null">
      <![CDATA[java.lang.AssertionError: null
at com.staff.qa.testcases.RequirementPageTest.verifyConsultantMapToRequirement_alreadyExists(RequirementPageTest.java:905)
... Removed 27 stack frames]]>
    </failure>
  </testcase> <!-- verifyConsultantMapToRequirement_alreadyExists -->
  <testcase name="verifyArchivedConsultantMapToRequirement" time="6.495" classname="com.staff.qa.testcases.RequirementPageTest">
    <failure type="java.lang.AssertionError" message="null">
      <![CDATA[java.lang.AssertionError: null
at com.staff.qa.testcases.RequirementPageTest.verifyArchivedConsultantMapToRequirement(RequirementPageTest.java:946)
... Removed 27 stack frames]]>
    </failure>
  </testcase> <!-- verifyArchivedConsultantMapToRequirement -->
  <testcase name="verifyCancelBtnFunOfMapConsultantWindow" time="6.05" classname="com.staff.qa.testcases.RequirementPageTest">
    <failure type="java.lang.AssertionError" message="null">
      <![CDATA[java.lang.AssertionError: null
at com.staff.qa.testcases.RequirementPageTest.verifyCancelBtnFunOfMapConsultantWindow(RequirementPageTest.java:985)
... Removed 27 stack frames]]>
    </failure>
  </testcase> <!-- verifyCancelBtnFunOfMapConsultantWindow -->
  <testcase name="verifyNavigateToStatusPopUp" time="6.474" classname="com.staff.qa.testcases.RequirementPageTest">
    <failure type="java.lang.AssertionError" message="null">
      <![CDATA[java.lang.AssertionError: null
at com.staff.qa.testcases.RequirementPageTest.verifyNavigateToStatusPopUp(RequirementPageTest.java:1100)
... Removed 27 stack frames]]>
    </failure>
  </testcase> <!-- verifyNavigateToStatusPopUp -->
  <testcase name="verifyCancelButtonFunOfSetStatusPopUp" time="25.082" classname="com.staff.qa.testcases.RequirementPageTest">
    <failure type="java.lang.AssertionError" message="null">
      <![CDATA[java.lang.AssertionError: null
at com.staff.qa.testcases.RequirementPageTest.verifyCancelButtonFunOfSetStatusPopUp(RequirementPageTest.java:1193)
... Removed 27 stack frames]]>
    </failure>
  </testcase> <!-- verifyCancelButtonFunOfSetStatusPopUp -->
  <testcase name="verifyFunctionalityOfCancelButtonOfAddNewForm" time="0.0" classname="com.staff.qa.testcases.RequirementPageTest">
    <ignored/>
  </testcase> <!-- verifyFunctionalityOfCancelButtonOfAddNewForm -->
  <testcase name="verifyUserNavigateToConsultantPage" time="0.0" classname="com.staff.qa.testcases.RequirementPageTest">
    <ignored/>
  </testcase> <!-- verifyUserNavigateToConsultantPage -->
  <testcase name="verifyEditRequirementFunctionality" time="0.0" classname="com.staff.qa.testcases.RequirementPageTest">
    <ignored/>
  </testcase> <!-- verifyEditRequirementFunctionality -->
  <testcase name="verifyAddRequirementFunctionality" time="0.0" classname="com.staff.qa.testcases.RequirementPageTest">
    <ignored/>
  </testcase> <!-- verifyAddRequirementFunctionality -->
  <testcase name="verifyCancelBtnFunOfAddNote" time="0.0" classname="com.staff.qa.testcases.RequirementPageTest">
    <ignored/>
  </testcase> <!-- verifyCancelBtnFunOfAddNote -->
  <testcase name="verifyAddNoteFunctionality" time="0.0" classname="com.staff.qa.testcases.RequirementPageTest">
    <ignored/>
  </testcase> <!-- verifyAddNoteFunctionality -->
  <testcase name="verifyDeleteRecentStatusFunctionality" time="0.0" classname="com.staff.qa.testcases.RequirementPageTest">
    <ignored/>
  </testcase> <!-- verifyDeleteRecentStatusFunctionality -->
  <testcase name="verifyAddNewRequirementBtnClickable" time="0.0" classname="com.staff.qa.testcases.RequirementPageTest">
    <ignored/>
  </testcase> <!-- verifyAddNewRequirementBtnClickable -->
  <testcase name="getArchivedRequirementCount" time="0.0" classname="com.staff.qa.testcases.RequirementPageTest">
    <ignored/>
  </testcase> <!-- getArchivedRequirementCount -->
  <testcase name="verifyViewResumeFunctionality" time="0.0" classname="com.staff.qa.testcases.RequirementPageTest">
    <ignored/>
  </testcase> <!-- verifyViewResumeFunctionality -->
  <testcase name="getOpenRequirementCount" time="0.0" classname="com.staff.qa.testcases.RequirementPageTest">
    <ignored/>
  </testcase> <!-- getOpenRequirementCount -->
  <testcase name="getAllRequirementCount" time="0.0" classname="com.staff.qa.testcases.RequirementPageTest">
    <ignored/>
  </testcase> <!-- getAllRequirementCount -->
  <testcase name="verifyValidationsForAddNewRequirement" time="0.0" classname="com.staff.qa.testcases.RequirementPageTest">
    <ignored/>
  </testcase> <!-- verifyValidationsForAddNewRequirement -->
  <testcase name="verifySetTheStatusToConsultant" time="0.0" classname="com.staff.qa.testcases.RequirementPageTest">
    <ignored/>
  </testcase> <!-- verifySetTheStatusToConsultant -->
</testsuite> <!-- E-Staff App Test Cases(failed) -->
