<!DOCTYPE html>

<html>
  <head>
  <meta charset='utf-8'>
  <title>TestNG reports</title>

    <link type="text/css" href="testng-reports.css" rel="stylesheet" />
    <script type="text/javascript" src="jquery-1.7.1.min.js"></script>
    <script type="text/javascript" src="testng-reports.js"></script>
    <script type="text/javascript" src="https://www.google.com/jsapi"></script>
    <script type='text/javascript'>
      google.load('visualization', '1', {packages:['table']});
      google.setOnLoadCallback(drawTable);
      var suiteTableInitFunctions = new Array();
      var suiteTableData = new Array();
    </script>
    <!--
      <script type="text/javascript" src="jquery-ui/js/jquery-ui-1.8.16.custom.min.js"></script>
     -->
  </head>

  <body>
    <div class="top-banner-root">
      <span class="top-banner-title-font">Test results</span>
      <br/>
      <span class="top-banner-font-1">1 suite, 3 failed tests</span>
    </div> <!-- top-banner-root -->
    <div class="navigator-root">
      <div class="navigator-suite-header">
        <span>All suites</span>
        <a href="#" class="collapse-all-link" title="Collapse/expand all the suites">
          <img class="collapse-all-icon" src="collapseall.gif">
          </img> <!-- collapse-all-icon -->
        </a> <!-- collapse-all-link -->
      </div> <!-- navigator-suite-header -->
      <div class="suite">
        <div class="rounded-window">
          <div class="suite-header light-rounded-window-top">
            <a href="#" class="navigator-link" panel-name="suite-Failed_suite_[E-Staff_Test_Automation_Test_Suite]">
              <span class="suite-name border-failed">Failed suite [E-Staff Test Automation Test Suite]</span>
            </a> <!-- navigator-link -->
          </div> <!-- suite-header light-rounded-window-top -->
          <div class="navigator-suite-content">
            <div class="suite-section-title">
              <span>Info</span>
            </div> <!-- suite-section-title -->
            <div class="suite-section-content">
              <ul>
                <li>
                  <a href="#" class="navigator-link " panel-name="test-xml-Failed_suite_[E-Staff_Test_Automation_Test_Suite]">
                    <span>D:\Personal Docs\Eclipse\E-Staff\test-output\testng-failed.xml</span>
                  </a> <!-- navigator-link  -->
                </li>
                <li>
                  <a href="#" class="navigator-link " panel-name="testlist-Failed_suite_[E-Staff_Test_Automation_Test_Suite]">
                    <span class="test-stats">1 test</span>
                  </a> <!-- navigator-link  -->
                </li>
                <li>
                  <a href="#" class="navigator-link " panel-name="group-Failed_suite_[E-Staff_Test_Automation_Test_Suite]">
                    <span>0 groups</span>
                  </a> <!-- navigator-link  -->
                </li>
                <li>
                  <a href="#" class="navigator-link " panel-name="times-Failed_suite_[E-Staff_Test_Automation_Test_Suite]">
                    <span>Times</span>
                  </a> <!-- navigator-link  -->
                </li>
                <li>
                  <a href="#" class="navigator-link " panel-name="reporter-Failed_suite_[E-Staff_Test_Automation_Test_Suite]">
                    <span>Reporter output</span>
                  </a> <!-- navigator-link  -->
                </li>
                <li>
                  <a href="#" class="navigator-link " panel-name="ignored-methods-Failed_suite_[E-Staff_Test_Automation_Test_Suite]">
                    <span>Ignored methods</span>
                  </a> <!-- navigator-link  -->
                </li>
                <li>
                  <a href="#" class="navigator-link " panel-name="chronological-Failed_suite_[E-Staff_Test_Automation_Test_Suite]">
                    <span>Chronological view</span>
                  </a> <!-- navigator-link  -->
                </li>
              </ul>
            </div> <!-- suite-section-content -->
            <div class="result-section">
              <div class="suite-section-title">
                <span>Results</span>
              </div> <!-- suite-section-title -->
              <div class="suite-section-content">
                <ul>
                  <li>
                    <span class="method-stats">7 methods, 3 failed,   4 passed</span>
                  </li>
                  <li>
                    <span class="method-list-title failed">Failed methods</span>
                    <span class="show-or-hide-methods failed">
                      <a href="#" panel-name="suite-Failed_suite_[E-Staff_Test_Automation_Test_Suite]" class="hide-methods failed suite-Failed_suite_[E-Staff_Test_Automation_Test_Suite]"> (hide)</a> <!-- hide-methods failed suite-Failed_suite_[E-Staff_Test_Automation_Test_Suite] -->
                      <a href="#" panel-name="suite-Failed_suite_[E-Staff_Test_Automation_Test_Suite]" class="show-methods failed suite-Failed_suite_[E-Staff_Test_Automation_Test_Suite]"> (show)</a> <!-- show-methods failed suite-Failed_suite_[E-Staff_Test_Automation_Test_Suite] -->
                    </span>
                    <div class="method-list-content failed suite-Failed_suite_[E-Staff_Test_Automation_Test_Suite]">
                      <span>
                        <img width="3%" src="failed.png"/>
                        <a href="#" class="method navigator-link" panel-name="suite-Failed_suite_[E-Staff_Test_Automation_Test_Suite]" title="com.staff.qa.testcases.LoginPageTest" hash-for-method="validatePasswordMessageForIncorrectPassword">validatePasswordMessageForIncorrectPassword</a> <!-- method navigator-link -->
                      </span>
                      <br/>
                      <span>
                        <img width="3%" src="failed.png"/>
                        <a href="#" class="method navigator-link" panel-name="suite-Failed_suite_[E-Staff_Test_Automation_Test_Suite]" title="com.staff.qa.testcases.ConsultantPageTest" hash-for-method="verifyAddNewConsultant(Don, DeCosta, dondecoasta@gmail.com, , 100, Hourly, 2019, Sep, 28, Immediately , Bay Area Or North, ...)">verifyAddNewConsultant(Don, DeCosta, dondecoasta@gmail.com, , 100, Hourly, 2019, Sep, 28, Immediately , Bay Area Or North, ...)</a> <!-- method navigator-link -->
                      </span>
                      <br/>
                      <span>
                        <img width="3%" src="failed.png"/>
                        <a href="#" class="method navigator-link" panel-name="suite-Failed_suite_[E-Staff_Test_Automation_Test_Suite]" title="com.staff.qa.testcases.ConsultantPageTest" hash-for-method="verifyLinkRequirementToConsultant">verifyLinkRequirementToConsultant</a> <!-- method navigator-link -->
                      </span>
                      <br/>
                    </div> <!-- method-list-content failed suite-Failed_suite_[E-Staff_Test_Automation_Test_Suite] -->
                  </li>
                  <li>
                    <span class="method-list-title passed">Passed methods</span>
                    <span class="show-or-hide-methods passed">
                      <a href="#" panel-name="suite-Failed_suite_[E-Staff_Test_Automation_Test_Suite]" class="hide-methods passed suite-Failed_suite_[E-Staff_Test_Automation_Test_Suite]"> (hide)</a> <!-- hide-methods passed suite-Failed_suite_[E-Staff_Test_Automation_Test_Suite] -->
                      <a href="#" panel-name="suite-Failed_suite_[E-Staff_Test_Automation_Test_Suite]" class="show-methods passed suite-Failed_suite_[E-Staff_Test_Automation_Test_Suite]"> (show)</a> <!-- show-methods passed suite-Failed_suite_[E-Staff_Test_Automation_Test_Suite] -->
                    </span>
                    <div class="method-list-content passed suite-Failed_suite_[E-Staff_Test_Automation_Test_Suite]">
                      <span>
                        <img width="3%" src="passed.png"/>
                        <a href="#" class="method navigator-link" panel-name="suite-Failed_suite_[E-Staff_Test_Automation_Test_Suite]" title="com.staff.qa.testcases.ConsultantPageTest" hash-for-method="verifyArchiveFunctionality">verifyArchiveFunctionality</a> <!-- method navigator-link -->
                      </span>
                      <br/>
                      <span>
                        <img width="3%" src="passed.png"/>
                        <a href="#" class="method navigator-link" panel-name="suite-Failed_suite_[E-Staff_Test_Automation_Test_Suite]" title="com.staff.qa.testcases.ConsultantPageTest" hash-for-method="verifyCancelFunctionalityOfLinkRequirement">verifyCancelFunctionalityOfLinkRequirement</a> <!-- method navigator-link -->
                      </span>
                      <br/>
                      <span>
                        <img width="3%" src="passed.png"/>
                        <a href="#" class="method navigator-link" panel-name="suite-Failed_suite_[E-Staff_Test_Automation_Test_Suite]" title="com.staff.qa.testcases.ConsultantPageTest" hash-for-method="verifyDownloadResumeFunctionality">verifyDownloadResumeFunctionality</a> <!-- method navigator-link -->
                      </span>
                      <br/>
                      <span>
                        <img width="3%" src="passed.png"/>
                        <a href="#" class="method navigator-link" panel-name="suite-Failed_suite_[E-Staff_Test_Automation_Test_Suite]" title="com.staff.qa.testcases.ConsultantPageTest" hash-for-method="verifyLinkRequirementToConsultant_alreadyExists">verifyLinkRequirementToConsultant_alreadyExists</a> <!-- method navigator-link -->
                      </span>
                      <br/>
                    </div> <!-- method-list-content passed suite-Failed_suite_[E-Staff_Test_Automation_Test_Suite] -->
                  </li>
                </ul>
              </div> <!-- suite-section-content -->
            </div> <!-- result-section -->
          </div> <!-- navigator-suite-content -->
        </div> <!-- rounded-window -->
      </div> <!-- suite -->
    </div> <!-- navigator-root -->
    <div class="wrapper">
      <div class="main-panel-root">
        <div panel-name="suite-Failed_suite_[E-Staff_Test_Automation_Test_Suite]" class="panel Failed_suite_[E-Staff_Test_Automation_Test_Suite]">
          <div class="suite-Failed_suite_[E-Staff_Test_Automation_Test_Suite]-class-failed">
            <div class="main-panel-header rounded-window-top">
              <img src="failed.png"/>
              <span class="class-name">com.staff.qa.testcases.LoginPageTest</span>
            </div> <!-- main-panel-header rounded-window-top -->
            <div class="main-panel-content rounded-window-bottom">
              <div class="method">
                <div class="method-content">
                  <a name="validatePasswordMessageForIncorrectPassword">
                  </a> <!-- validatePasswordMessageForIncorrectPassword -->
                  <span class="method-name">validatePasswordMessageForIncorrectPassword</span>
                  <div class="stack-trace">java.lang.AssertionError: null
	at com.staff.qa.testcases.LoginPageTest.validatePasswordMessageForIncorrectPassword(LoginPageTest.java:210)
... Removed 27 stack frames
</div> <!-- stack-trace -->
                </div> <!-- method-content -->
              </div> <!-- method -->
            </div> <!-- main-panel-content rounded-window-bottom -->
          </div> <!-- suite-Failed_suite_[E-Staff_Test_Automation_Test_Suite]-class-failed -->
          <div class="suite-Failed_suite_[E-Staff_Test_Automation_Test_Suite]-class-failed">
            <div class="main-panel-header rounded-window-top">
              <img src="failed.png"/>
              <span class="class-name">com.staff.qa.testcases.ConsultantPageTest</span>
            </div> <!-- main-panel-header rounded-window-top -->
            <div class="main-panel-content rounded-window-bottom">
              <div class="method">
                <div class="method-content">
                  <a name="verifyAddNewConsultant(Don, DeCosta, dondecoasta@gmail.com, , 100, Hourly, 2019, Sep, 28, Immediately , Bay Area Or North, ...)">
                  </a> <!-- verifyAddNewConsultant(Don, DeCosta, dondecoasta@gmail.com, , 100, Hourly, 2019, Sep, 28, Immediately , Bay Area Or North, ...) -->
                  <span class="method-name">verifyAddNewConsultant</span>
                  <span class="parameters">(Don, DeCosta, dondecoasta@gmail.com, , 100, Hourly, 2019, Sep, 28, Immediately , Bay Area Or North, Hourly W2, EMPLOYEE, H1B, Australia, South Australia, Ashton, Java SQL, BackEnd, UI, 2 Years of Experience)</span>
                  <div class="stack-trace">java.lang.AssertionError: null
	at com.staff.qa.testcases.ConsultantPageTest.verifyAddNewConsultant(ConsultantPageTest.java:184)
... Removed 27 stack frames
</div> <!-- stack-trace -->
                </div> <!-- method-content -->
              </div> <!-- method -->
              <div class="method">
                <div class="method-content">
                  <a name="verifyLinkRequirementToConsultant">
                  </a> <!-- verifyLinkRequirementToConsultant -->
                  <span class="method-name">verifyLinkRequirementToConsultant</span>
                  <div class="stack-trace">java.lang.AssertionError: expected [Requirements are linked successfully.] but found [Duplicate status can not be set as Shortlisted status already exists.]
	at com.staff.qa.testcases.ConsultantPageTest.verifyLinkRequirementToConsultant(ConsultantPageTest.java:671)
... Removed 31 stack frames
</div> <!-- stack-trace -->
                </div> <!-- method-content -->
              </div> <!-- method -->
            </div> <!-- main-panel-content rounded-window-bottom -->
          </div> <!-- suite-Failed_suite_[E-Staff_Test_Automation_Test_Suite]-class-failed -->
          <div class="suite-Failed_suite_[E-Staff_Test_Automation_Test_Suite]-class-passed">
            <div class="main-panel-header rounded-window-top">
              <img src="passed.png"/>
              <span class="class-name">com.staff.qa.testcases.ConsultantPageTest</span>
            </div> <!-- main-panel-header rounded-window-top -->
            <div class="main-panel-content rounded-window-bottom">
              <div class="method">
                <div class="method-content">
                  <a name="verifyArchiveFunctionality">
                  </a> <!-- verifyArchiveFunctionality -->
                  <span class="method-name">verifyArchiveFunctionality</span>
                </div> <!-- method-content -->
              </div> <!-- method -->
              <div class="method">
                <div class="method-content">
                  <a name="verifyCancelFunctionalityOfLinkRequirement">
                  </a> <!-- verifyCancelFunctionalityOfLinkRequirement -->
                  <span class="method-name">verifyCancelFunctionalityOfLinkRequirement</span>
                </div> <!-- method-content -->
              </div> <!-- method -->
              <div class="method">
                <div class="method-content">
                  <a name="verifyDownloadResumeFunctionality">
                  </a> <!-- verifyDownloadResumeFunctionality -->
                  <span class="method-name">verifyDownloadResumeFunctionality</span>
                </div> <!-- method-content -->
              </div> <!-- method -->
              <div class="method">
                <div class="method-content">
                  <a name="verifyLinkRequirementToConsultant_alreadyExists">
                  </a> <!-- verifyLinkRequirementToConsultant_alreadyExists -->
                  <span class="method-name">verifyLinkRequirementToConsultant_alreadyExists</span>
                </div> <!-- method-content -->
              </div> <!-- method -->
            </div> <!-- main-panel-content rounded-window-bottom -->
          </div> <!-- suite-Failed_suite_[E-Staff_Test_Automation_Test_Suite]-class-passed -->
        </div> <!-- panel Failed_suite_[E-Staff_Test_Automation_Test_Suite] -->
        <div panel-name="test-xml-Failed_suite_[E-Staff_Test_Automation_Test_Suite]" class="panel">
          <div class="main-panel-header rounded-window-top">
            <span class="header-content">D:\Personal Docs\Eclipse\E-Staff\test-output\testng-failed.xml</span>
          </div> <!-- main-panel-header rounded-window-top -->
          <div class="main-panel-content rounded-window-bottom">
            <pre>
&lt;?xml version=&quot;1.0&quot; encoding=&quot;UTF-8&quot;?&gt;
&lt;!DOCTYPE suite SYSTEM &quot;http://testng.org/testng-1.0.dtd&quot;&gt;
&lt;suite guice-stage=&quot;DEVELOPMENT&quot; name=&quot;Failed suite [E-Staff Test Automation Test Suite]&quot;&gt;
  &lt;test thread-count=&quot;5&quot; name=&quot;E-Staff App Test Cases(failed)&quot;&gt;
    &lt;classes&gt;
      &lt;class name=&quot;com.staff.qa.testcases.LoginPageTest&quot;&gt;
        &lt;methods&gt;
          &lt;include name=&quot;setupBeforeSuite&quot;/&gt;
          &lt;include name=&quot;setExtentReport&quot;/&gt;
          &lt;include name=&quot;validatePasswordMessageForIncorrectPassword&quot;/&gt;
          &lt;include name=&quot;getResult&quot;/&gt;
          &lt;include name=&quot;endReport&quot;/&gt;
          &lt;include name=&quot;setupAfterSuite&quot;/&gt;
          &lt;include name=&quot;setUp&quot;/&gt;
        &lt;/methods&gt;
      &lt;/class&gt; &lt;!-- com.staff.qa.testcases.LoginPageTest --&gt;
      &lt;class name=&quot;com.staff.qa.testcases.ConsultantPageTest&quot;&gt;
        &lt;methods&gt;
          &lt;include name=&quot;verifyDownloadResumeFunctionality&quot;/&gt;
          &lt;include name=&quot;verifyLinkRequirementToConsultant&quot;/&gt;
          &lt;include name=&quot;setUp&quot;/&gt;
          &lt;include name=&quot;setupBeforeSuite&quot;/&gt;
          &lt;include name=&quot;setExtentReport&quot;/&gt;
          &lt;include name=&quot;getResult&quot;/&gt;
          &lt;include name=&quot;verifyArchiveFunctionality&quot;/&gt;
          &lt;include name=&quot;verifyCancelFunctionalityOfLinkRequirement&quot;/&gt;
          &lt;include name=&quot;verifyLinkRequirementToConsultant_alreadyExists&quot;/&gt;
          &lt;include name=&quot;verifyAddNewConsultant&quot; invocation-numbers=&quot;0&quot;/&gt;
          &lt;include name=&quot;endReport&quot;/&gt;
          &lt;include name=&quot;setupAfterSuite&quot;/&gt;
        &lt;/methods&gt;
      &lt;/class&gt; &lt;!-- com.staff.qa.testcases.ConsultantPageTest --&gt;
    &lt;/classes&gt;
  &lt;/test&gt; &lt;!-- E-Staff App Test Cases(failed) --&gt;
&lt;/suite&gt; &lt;!-- Failed suite [E-Staff Test Automation Test Suite] --&gt;
            </pre>
          </div> <!-- main-panel-content rounded-window-bottom -->
        </div> <!-- panel -->
        <div panel-name="testlist-Failed_suite_[E-Staff_Test_Automation_Test_Suite]" class="panel">
          <div class="main-panel-header rounded-window-top">
            <span class="header-content">Tests for Failed suite [E-Staff Test Automation Test Suite]</span>
          </div> <!-- main-panel-header rounded-window-top -->
          <div class="main-panel-content rounded-window-bottom">
            <ul>
              <li>
                <span class="test-name">E-Staff App Test Cases(failed) (2 classes)</span>
              </li>
            </ul>
          </div> <!-- main-panel-content rounded-window-bottom -->
        </div> <!-- panel -->
        <div panel-name="group-Failed_suite_[E-Staff_Test_Automation_Test_Suite]" class="panel">
          <div class="main-panel-header rounded-window-top">
            <span class="header-content">Groups for Failed suite [E-Staff Test Automation Test Suite]</span>
          </div> <!-- main-panel-header rounded-window-top -->
          <div class="main-panel-content rounded-window-bottom">
          </div> <!-- main-panel-content rounded-window-bottom -->
        </div> <!-- panel -->
        <div panel-name="times-Failed_suite_[E-Staff_Test_Automation_Test_Suite]" class="panel">
          <div class="main-panel-header rounded-window-top">
            <span class="header-content">Times for Failed suite [E-Staff Test Automation Test Suite]</span>
          </div> <!-- main-panel-header rounded-window-top -->
          <div class="main-panel-content rounded-window-bottom">
            <div class="times-div">
              <script type="text/javascript">
suiteTableInitFunctions.push('tableData_Failed_suite_[E-Staff_Test_Automation_Test_Suite]');
function tableData_Failed_suite_[E-Staff_Test_Automation_Test_Suite]() {
var data = new google.visualization.DataTable();
data.addColumn('number', 'Number');
data.addColumn('string', 'Method');
data.addColumn('string', 'Class');
data.addColumn('number', 'Time (ms)');
data.addRows(7);
data.setCell(0, 0, 0)
data.setCell(0, 1, 'verifyAddNewConsultant')
data.setCell(0, 2, 'com.staff.qa.testcases.ConsultantPageTest')
data.setCell(0, 3, 69288);
data.setCell(1, 0, 1)
data.setCell(1, 1, 'verifyLinkRequirementToConsultant_alreadyExists')
data.setCell(1, 2, 'com.staff.qa.testcases.ConsultantPageTest')
data.setCell(1, 3, 25323);
data.setCell(2, 0, 2)
data.setCell(2, 1, 'verifyLinkRequirementToConsultant')
data.setCell(2, 2, 'com.staff.qa.testcases.ConsultantPageTest')
data.setCell(2, 3, 25252);
data.setCell(3, 0, 3)
data.setCell(3, 1, 'verifyCancelFunctionalityOfLinkRequirement')
data.setCell(3, 2, 'com.staff.qa.testcases.ConsultantPageTest')
data.setCell(3, 3, 24665);
data.setCell(4, 0, 4)
data.setCell(4, 1, 'verifyDownloadResumeFunctionality')
data.setCell(4, 2, 'com.staff.qa.testcases.ConsultantPageTest')
data.setCell(4, 3, 16425);
data.setCell(5, 0, 5)
data.setCell(5, 1, 'verifyArchiveFunctionality')
data.setCell(5, 2, 'com.staff.qa.testcases.ConsultantPageTest')
data.setCell(5, 3, 8786);
data.setCell(6, 0, 6)
data.setCell(6, 1, 'validatePasswordMessageForIncorrectPassword')
data.setCell(6, 2, 'com.staff.qa.testcases.LoginPageTest')
data.setCell(6, 3, 2397);
window.suiteTableData['Failed_suite_[E-Staff_Test_Automation_Test_Suite]']= { tableData: data, tableDiv: 'times-div-Failed_suite_[E-Staff_Test_Automation_Test_Suite]'}
return data;
}
              </script>
              <span class="suite-total-time">Total running time: 2 minutes</span>
              <div id="times-div-Failed_suite_[E-Staff_Test_Automation_Test_Suite]">
              </div> <!-- times-div-Failed_suite_[E-Staff_Test_Automation_Test_Suite] -->
            </div> <!-- times-div -->
          </div> <!-- main-panel-content rounded-window-bottom -->
        </div> <!-- panel -->
        <div panel-name="reporter-Failed_suite_[E-Staff_Test_Automation_Test_Suite]" class="panel">
          <div class="main-panel-header rounded-window-top">
            <span class="header-content">Reporter output for Failed suite [E-Staff Test Automation Test Suite]</span>
          </div> <!-- main-panel-header rounded-window-top -->
          <div class="main-panel-content rounded-window-bottom">
          </div> <!-- main-panel-content rounded-window-bottom -->
        </div> <!-- panel -->
        <div panel-name="ignored-methods-Failed_suite_[E-Staff_Test_Automation_Test_Suite]" class="panel">
          <div class="main-panel-header rounded-window-top">
            <span class="header-content">27 ignored methods</span>
          </div> <!-- main-panel-header rounded-window-top -->
          <div class="main-panel-content rounded-window-bottom">
            <div class="ignored-class-div">
              <span class="ignored-class-name">com.staff.qa.testcases.LoginPageTest</span>
              <div class="ignored-methods-div">
                <span class="ignored-method-name">validateUsernameMessageForIncorrectUsername</span>
                <br/>
                <span class="ignored-method-name">validateMessageForBlankUsernamePassword</span>
                <br/>
                <span class="ignored-method-name">validateMessageForBlankPasswordIncorrectUsername</span>
                <br/>
                <span class="ignored-method-name">loginTest</span>
                <br/>
                <span class="ignored-method-name">validateLoginFunctionalityForIncorrectUserNamePassword</span>
                <br/>
                <span class="ignored-method-name">validateUsernameMessageForBalankUsername</span>
                <br/>
                <span class="ignored-method-name">loginPageTitleTest</span>
                <br/>
                <span class="ignored-method-name">validatePasswordMessageForBlankPassword</span>
                <br/>
              </div> <!-- ignored-methods-div -->
            </div> <!-- ignored-class-div -->
            <div class="ignored-class-div">
              <span class="ignored-class-name">com.staff.qa.testcases.ConsultantPageTest</span>
              <div class="ignored-methods-div">
                <span class="ignored-method-name">getAllCount</span>
                <br/>
                <span class="ignored-method-name">verifyUn_ArchiveFunctionality</span>
                <br/>
                <span class="ignored-method-name">verifyEmailFunctionality</span>
                <br/>
                <span class="ignored-method-name">verifyUploadDocumentFunctionality</span>
                <br/>
                <span class="ignored-method-name">getArchivedCount</span>
                <br/>
                <span class="ignored-method-name">verifyUserNavigateToConsultantPage</span>
                <br/>
                <span class="ignored-method-name">verifyValidationForEmailSubject</span>
                <br/>
                <span class="ignored-method-name">verifyFunctionalityOfCancelButton</span>
                <br/>
                <span class="ignored-method-name">endReport</span>
                <br/>
                <span class="ignored-method-name">verifyCancelButtonFunctionalityOfEmail</span>
                <br/>
                <span class="ignored-method-name">verifyUploadDocumentAppearInGrid</span>
                <br/>
                <span class="ignored-method-name">setExtentReport</span>
                <br/>
                <span class="ignored-method-name">verifyAddNewConsulatantFormDisplayed</span>
                <br/>
                <span class="ignored-method-name">verifyDownloadUploadedDocument</span>
                <br/>
                <span class="ignored-method-name">verifyDuplicateConsultant</span>
                <br/>
                <span class="ignored-method-name">getQualifiedCount</span>
                <br/>
                <span class="ignored-method-name">getAvailableCount</span>
                <br/>
                <span class="ignored-method-name">verifyPageLable</span>
                <br/>
                <span class="ignored-method-name">verifyEditConsultantFunctionality</span>
                <br/>
              </div> <!-- ignored-methods-div -->
            </div> <!-- ignored-class-div -->
          </div> <!-- main-panel-content rounded-window-bottom -->
        </div> <!-- panel -->
        <div panel-name="chronological-Failed_suite_[E-Staff_Test_Automation_Test_Suite]" class="panel">
          <div class="main-panel-header rounded-window-top">
            <span class="header-content">Methods in chronological order</span>
          </div> <!-- main-panel-header rounded-window-top -->
          <div class="main-panel-content rounded-window-bottom">
            <div class="chronological-class">
              <div class="chronological-class-name">com.staff.qa.testcases.LoginPageTest</div> <!-- chronological-class-name -->
              <div class="configuration-test before">
                <span class="method-name">setExtentReport(org.testng.TestRunner@39ffda4a)</span>
                <span class="method-start">0 ms</span>
              </div> <!-- configuration-test before -->
              <div class="configuration-class before">
                <span class="method-name">setupBeforeSuite(org.testng.TestRunner@39ffda4a)</span>
                <span class="method-start">194 ms</span>
              </div> <!-- configuration-class before -->
              <div class="configuration-method before">
                <span class="method-name">setUp</span>
                <span class="method-start">465 ms</span>
              </div> <!-- configuration-method before -->
              <div class="test-method">
                <img src="failed.png">
                </img>
                <span class="method-name">validatePasswordMessageForIncorrectPassword</span>
                <span class="method-start">6824 ms</span>
              </div> <!-- test-method -->
              <div class="configuration-method after">
                <span class="method-name">getResult([TestResult name=validatePasswordMessageForIncorrectPassword status=FAILURE method=LoginPageTest.val...)</span>
                <span class="method-start">9227 ms</span>
              </div> <!-- configuration-method after -->
              <div class="configuration-class after">
                <span class="method-name">setupAfterSuite</span>
                <span class="method-start">9627 ms</span>
              </div> <!-- configuration-class after -->
            </div> <!-- chronological-class -->
            <div class="chronological-class">
              <div class="chronological-class-name">com.staff.qa.testcases.ConsultantPageTest</div> <!-- chronological-class-name -->
              <div class="configuration-class before">
                <span class="method-name">setupBeforeSuite(org.testng.TestRunner@39ffda4a)</span>
                <span class="method-start">9630 ms</span>
              </div> <!-- configuration-class before -->
              <div class="configuration-method before">
                <span class="method-name">setUp</span>
                <span class="method-start">9639 ms</span>
              </div> <!-- configuration-method before -->
              <div class="test-method">
                <span class="method-name">verifyDownloadResumeFunctionality</span>
                <span class="method-start">16123 ms</span>
              </div> <!-- test-method -->
              <div class="configuration-method after">
                <span class="method-name">getResult([TestResult name=verifyDownloadResumeFunctionality status=SUCCESS method=ConsultantPageTest.verifyDo...)</span>
                <span class="method-start">32549 ms</span>
              </div> <!-- configuration-method after -->
              <div class="configuration-method before">
                <span class="method-name">setUp</span>
                <span class="method-start">32676 ms</span>
              </div> <!-- configuration-method before -->
              <div class="test-method">
                <img src="failed.png">
                </img>
                <span class="method-name">verifyAddNewConsultant(Don, DeCosta, dondecoasta@gmail.com, , 100, Hourly, 2019, Sep, 28, Immediately , Bay Area Or North, ...)</span>
                <span class="method-start">39089 ms</span>
              </div> <!-- test-method -->
              <div class="configuration-method after">
                <span class="method-name">getResult([TestResult name=verifyAddNewConsultant status=FAILURE method=ConsultantPageTest.verifyAddNewConsult...)</span>
                <span class="method-start">108380 ms</span>
              </div> <!-- configuration-method after -->
              <div class="configuration-method before">
                <span class="method-name">setUp</span>
                <span class="method-start">108835 ms</span>
              </div> <!-- configuration-method before -->
              <div class="test-method">
                <img src="failed.png">
                </img>
                <span class="method-name">verifyLinkRequirementToConsultant</span>
                <span class="method-start">115617 ms</span>
              </div> <!-- test-method -->
              <div class="configuration-method after">
                <span class="method-name">getResult([TestResult name=verifyLinkRequirementToConsultant status=FAILURE method=ConsultantPageTest.verifyLi...)</span>
                <span class="method-start">140871 ms</span>
              </div> <!-- configuration-method after -->
              <div class="configuration-method before">
                <span class="method-name">setUp</span>
                <span class="method-start">143356 ms</span>
              </div> <!-- configuration-method before -->
              <div class="test-method">
                <span class="method-name">verifyLinkRequirementToConsultant_alreadyExists</span>
                <span class="method-start">150563 ms</span>
              </div> <!-- test-method -->
              <div class="configuration-method after">
                <span class="method-name">getResult([TestResult name=verifyLinkRequirementToConsultant_alreadyExists status=SUCCESS method=ConsultantPag...)</span>
                <span class="method-start">175887 ms</span>
              </div> <!-- configuration-method after -->
              <div class="configuration-method before">
                <span class="method-name">setUp</span>
                <span class="method-start">178020 ms</span>
              </div> <!-- configuration-method before -->
              <div class="test-method">
                <span class="method-name">verifyCancelFunctionalityOfLinkRequirement</span>
                <span class="method-start">184453 ms</span>
              </div> <!-- test-method -->
              <div class="configuration-method after">
                <span class="method-name">getResult([TestResult name=verifyCancelFunctionalityOfLinkRequirement status=SUCCESS method=ConsultantPageTest...)</span>
                <span class="method-start">209118 ms</span>
              </div> <!-- configuration-method after -->
              <div class="configuration-method before">
                <span class="method-name">setUp</span>
                <span class="method-start">209281 ms</span>
              </div> <!-- configuration-method before -->
              <div class="test-method">
                <span class="method-name">verifyArchiveFunctionality</span>
                <span class="method-start">215746 ms</span>
              </div> <!-- test-method -->
              <div class="configuration-method after">
                <span class="method-name">getResult([TestResult name=verifyArchiveFunctionality status=SUCCESS method=ConsultantPageTest.verifyArchiveFu...)</span>
                <span class="method-start">224533 ms</span>
              </div> <!-- configuration-method after -->
              <div class="configuration-class after">
                <span class="method-name">setupAfterSuite</span>
                <span class="method-start">224712 ms</span>
              </div> <!-- configuration-class after -->
            </div> <!-- chronological-class -->
            <div class="chronological-class">
              <div class="chronological-class-name">com.staff.qa.testcases.LoginPageTest</div> <!-- chronological-class-name -->
              <div class="configuration-test after">
                <span class="method-name">endReport</span>
                <span class="method-start">224763 ms</span>
              </div> <!-- configuration-test after -->
          </div> <!-- main-panel-content rounded-window-bottom -->
        </div> <!-- panel -->
      </div> <!-- main-panel-root -->
    </div> <!-- wrapper -->
  </body>
</html>
