<?xml version="1.0" encoding="UTF-8"?>
<!-- Generated by org.testng.reporters.JUnitXMLReporter -->
<testsuite hostname="Vijay-CH" ignored="21" name="Test(failed)" tests="9" failures="6" timestamp="18 Oct 2019 07:03:38 GMT" time="260.727" errors="0">
  <testcase name="verifyUnArchivedRequirementFunctionality" time="18.211" classname="com.staff.qa.testcases.RequirementPageTest">
    <failure type="java.lang.AssertionError" message="null">
      <![CDATA[java.lang.AssertionError: null
at com.staff.qa.testcases.RequirementPageTest.verifyUnArchivedRequirementFunctionality(RequirementPageTest.java:623)
... Removed 27 stack frames]]>
    </failure>
  </testcase> <!-- verifyUnArchivedRequirementFunctionality -->
  <testcase name="verifyValidationMessageForClosuredate" time="13.83" classname="com.staff.qa.testcases.RequirementPageTest">
    <failure type="java.lang.AssertionError" message="null">
      <![CDATA[java.lang.AssertionError: null
at com.staff.qa.testcases.RequirementPageTest.verifyValidationMessageForClosuredate(RequirementPageTest.java:661)
... Removed 27 stack frames]]>
    </failure>
  </testcase> <!-- verifyValidationMessageForClosuredate -->
  <testcase name="verifyValidationMessageForClosureReason" time="8.889" classname="com.staff.qa.testcases.RequirementPageTest">
    <failure type="java.lang.AssertionError" message="null">
      <![CDATA[java.lang.AssertionError: null
at com.staff.qa.testcases.RequirementPageTest.verifyValidationMessageForClosureReason(RequirementPageTest.java:700)
... Removed 27 stack frames]]>
    </failure>
  </testcase> <!-- verifyValidationMessageForClosureReason -->
  <testcase name="verifyCancelButtonFunctionalityOfArchiveRequirementPopUp" time="8.543" classname="com.staff.qa.testcases.RequirementPageTest">
    <failure type="java.lang.AssertionError" message="null">
      <![CDATA[java.lang.AssertionError: null
at com.staff.qa.testcases.RequirementPageTest.verifyCancelButtonFunctionalityOfArchiveRequirementPopUp(RequirementPageTest.java:729)
... Removed 27 stack frames]]>
    </failure>
  </testcase> <!-- verifyCancelButtonFunctionalityOfArchiveRequirementPopUp -->
  <testcase name="verifyConsultantMapToRequirement" time="24.756" classname="com.staff.qa.testcases.RequirementPageTest">
    <failure type="java.lang.AssertionError" message="expected [Consultants shortlisted successfully.] but found [Duplicate status can not be set as Shortlisted status already exists.]">
      <![CDATA[java.lang.AssertionError: expected [Consultants shortlisted successfully.] but found [Duplicate status can not be set as Shortlisted status already exists.]
at com.staff.qa.testcases.RequirementPageTest.verifyConsultantMapToRequirement(RequirementPageTest.java:837)
... Removed 31 stack frames]]>
    </failure>
  </testcase> <!-- verifyConsultantMapToRequirement -->
  <testcase name="verifyConsultantMapToRequirement_alreadyExists" time="22.018" classname="com.staff.qa.testcases.RequirementPageTest"/>
  <testcase name="verifyArchivedConsultantMapToRequirement" time="28.884" classname="com.staff.qa.testcases.RequirementPageTest"/>
  <testcase name="verifyCancelBtnFunOfMapConsultantWindow" time="30.66" classname="com.staff.qa.testcases.RequirementPageTest"/>
  <testcase name="verifyNavigateToStatusPopUp" time="20.562" classname="com.staff.qa.testcases.RequirementPageTest">
    <failure type="java.lang.AssertionError" message="expected [Consultants shortlisted successfully.] but found [Duplicate status can not be set as Shortlisted status already exists.]">
      <![CDATA[java.lang.AssertionError: expected [Consultants shortlisted successfully.] but found [Duplicate status can not be set as Shortlisted status already exists.]
at com.staff.qa.testcases.RequirementPageTest.verifyNavigateToStatusPopUp(RequirementPageTest.java:1091)
... Removed 31 stack frames]]>
    </failure>
  </testcase> <!-- verifyNavigateToStatusPopUp -->
  <testcase name="verifyFunctionalityOfCancelButtonOfAddNewForm" time="0.0" classname="com.staff.qa.testcases.RequirementPageTest">
    <ignored/>
  </testcase> <!-- verifyFunctionalityOfCancelButtonOfAddNewForm -->
  <testcase name="verifyUserNavigateToConsultantPage" time="0.0" classname="com.staff.qa.testcases.RequirementPageTest">
    <ignored/>
  </testcase> <!-- verifyUserNavigateToConsultantPage -->
  <testcase name="verifyEditRequirementFunctionality" time="0.0" classname="com.staff.qa.testcases.RequirementPageTest">
    <ignored/>
  </testcase> <!-- verifyEditRequirementFunctionality -->
  <testcase name="verifyAddRequirementFunctionality" time="0.0" classname="com.staff.qa.testcases.RequirementPageTest">
    <ignored/>
  </testcase> <!-- verifyAddRequirementFunctionality -->
  <testcase name="verifyCancelBtnFunOfAddNote" time="0.0" classname="com.staff.qa.testcases.RequirementPageTest">
    <ignored/>
  </testcase> <!-- verifyCancelBtnFunOfAddNote -->
  <testcase name="verifyAddNoteFunctionality" time="0.0" classname="com.staff.qa.testcases.RequirementPageTest">
    <ignored/>
  </testcase> <!-- verifyAddNoteFunctionality -->
  <testcase name="verifyDeleteRecentStatusFunctionality" time="0.0" classname="com.staff.qa.testcases.RequirementPageTest">
    <ignored/>
  </testcase> <!-- verifyDeleteRecentStatusFunctionality -->
  <testcase name="verifyUploadDocumentFunctionality" time="0.0" classname="com.staff.qa.testcases.RequirementPageTest">
    <ignored/>
  </testcase> <!-- verifyUploadDocumentFunctionality -->
  <testcase name="verifyAddNewRequirementBtnClickable" time="0.0" classname="com.staff.qa.testcases.RequirementPageTest">
    <ignored/>
  </testcase> <!-- verifyAddNewRequirementBtnClickable -->
  <testcase name="verifyEditJobDescriptionFunctionality" time="0.0" classname="com.staff.qa.testcases.RequirementPageTest">
    <ignored/>
  </testcase> <!-- verifyEditJobDescriptionFunctionality -->
  <testcase name="getArchivedRequirementCount" time="0.0" classname="com.staff.qa.testcases.RequirementPageTest">
    <ignored/>
  </testcase> <!-- getArchivedRequirementCount -->
  <testcase name="verifyViewResumeFunctionality" time="0.0" classname="com.staff.qa.testcases.RequirementPageTest">
    <ignored/>
  </testcase> <!-- verifyViewResumeFunctionality -->
  <testcase name="getOpenRequirementCount" time="0.0" classname="com.staff.qa.testcases.RequirementPageTest">
    <ignored/>
  </testcase> <!-- getOpenRequirementCount -->
  <testcase name="getAllRequirementCount" time="0.0" classname="com.staff.qa.testcases.RequirementPageTest">
    <ignored/>
  </testcase> <!-- getAllRequirementCount -->
  <testcase name="verifyValidationsForAddNewRequirement" time="0.0" classname="com.staff.qa.testcases.RequirementPageTest">
    <ignored/>
  </testcase> <!-- verifyValidationsForAddNewRequirement -->
  <testcase name="verifySetTheStatusToConsultant" time="0.0" classname="com.staff.qa.testcases.RequirementPageTest">
    <ignored/>
  </testcase> <!-- verifySetTheStatusToConsultant -->
  <testcase name="verifyArchivedRequirementFunctionality" time="0.0" classname="com.staff.qa.testcases.RequirementPageTest">
    <ignored/>
  </testcase> <!-- verifyArchivedRequirementFunctionality -->
  <testcase name="verifyCancelButtonFunOfSetStatusPopUp" time="0.0" classname="com.staff.qa.testcases.RequirementPageTest">
    <ignored/>
  </testcase> <!-- verifyCancelButtonFunOfSetStatusPopUp -->
  <testcase name="verifyCancelBtnFunOfUploadDocPopUp_requirement" time="0.0" classname="com.staff.qa.testcases.RequirementPageTest">
    <ignored/>
  </testcase> <!-- verifyCancelBtnFunOfUploadDocPopUp_requirement -->
  <testcase name="verifyUploadDocumentAppearInGrid" time="0.0" classname="com.staff.qa.testcases.RequirementPageTest">
    <ignored/>
  </testcase> <!-- verifyUploadDocumentAppearInGrid -->
  <testcase name="verifyDownloadUploadedDocument_requirement" time="0.0" classname="com.staff.qa.testcases.RequirementPageTest">
    <ignored/>
  </testcase> <!-- verifyDownloadUploadedDocument_requirement -->
</testsuite> <!-- Test(failed) -->
