<?xml version="1.0" encoding="UTF-8"?>
<!-- Generated by org.testng.reporters.JUnitXMLReporter -->
<testsuite hostname="Vijay-CH" ignored="11" name="Default test(failed)" tests="26" failures="8" timestamp="15 Nov 2019 11:12:43 GMT" time="1438.137" errors="0">
  <testcase name="verifyUserNavigateToConsultantPage" time="4.019" classname="com.staff.qa.testcases.PlacementPageTest">
    <failure type="java.lang.AssertionError" message="expected [http://10.20.14.79:1010/ATS.UI/#/placements] but found [http://10.20.14.84:1010/ATS.UI_v1.0/#/placements]">
      <![CDATA[java.lang.AssertionError: expected [http://10.20.14.79:1010/ATS.UI/#/placements] but found [http://10.20.14.84:1010/ATS.UI_v1.0/#/placements]
at com.staff.qa.testcases.PlacementPageTest.verifyUserNavigateToConsultantPage(PlacementPageTest.java:77)
... Removed 31 stack frames]]>
    </failure>
  </testcase> <!-- verifyUserNavigateToConsultantPage -->
  <testcase name="VerifyOpenPlacementCountInHeaderAndGrid" time="16.689" classname="com.staff.qa.testcases.PlacementPageTest"/>
  <testcase name="VerifyPendingApprovalPlacementCountInHeaderAndGrid" time="20.559" classname="com.staff.qa.testcases.PlacementPageTest"/>
  <testcase name="VerifyApprovedPlacementCountInHeaderAndGrid" time="20.521" classname="com.staff.qa.testcases.PlacementPageTest"/>
  <testcase name="VerifyCandidateOnBillingPlacementCountInHeaderAndGrid" time="20.55" classname="com.staff.qa.testcases.PlacementPageTest"/>
  <testcase name="VerifyBackedOutPlacementCountInHeaderAndGrid" time="20.425" classname="com.staff.qa.testcases.PlacementPageTest"/>
  <testcase name="VerifyCandidateEndedPlacementCountInHeaderAndGrid" time="20.427" classname="com.staff.qa.testcases.PlacementPageTest"/>
  <testcase name="verifyPlacedConsultantAppearInPlacement_FromRequirement" time="79.068" classname="com.staff.qa.testcases.PlacementPageTest">
    <failure type="java.lang.AssertionError" message="null">
      <![CDATA[java.lang.AssertionError: null
at com.staff.qa.testcases.PlacementPageTest.verifyPlacedConsultantAppearInPlacement_FromRequirement(PlacementPageTest.java:352)
... Removed 27 stack frames]]>
    </failure>
  </testcase> <!-- verifyPlacedConsultantAppearInPlacement_FromRequirement -->
  <testcase name="verifyPlacedConsultantAppearInPlacement_FromConsultant" time="26.395" classname="com.staff.qa.testcases.PlacementPageTest">
    <failure type="java.lang.AssertionError" message="null">
      <![CDATA[java.lang.AssertionError: null
at com.staff.qa.testcases.PlacementPageTest.verifyPlacedConsultantAppearInPlacement_FromConsultant(PlacementPageTest.java:453)
... Removed 27 stack frames]]>
    </failure>
  </testcase> <!-- verifyPlacedConsultantAppearInPlacement_FromConsultant -->
  <testcase name="verifyBackedOutConsultantFunctionality" time="42.162" classname="com.staff.qa.testcases.PlacementPageTest"/>
  <testcase name="verifyBackedOutFilterData" time="14.135" classname="com.staff.qa.testcases.PlacementPageTest"/>
  <testcase name="verifyOpenFilterData" time="19.285" classname="com.staff.qa.testcases.PlacementPageTest"/>
  <testcase name="verifyPendingApprovalFilterData" time="14.259" classname="com.staff.qa.testcases.PlacementPageTest"/>
  <testcase name="verifyApprovedFilterData" time="14.833" classname="com.staff.qa.testcases.PlacementPageTest"/>
  <testcase name="verifyCandidateOnBillingFilterData" time="14.546" classname="com.staff.qa.testcases.PlacementPageTest"/>
  <testcase name="verifyCandidateEndedFilterData" time="14.891" classname="com.staff.qa.testcases.PlacementPageTest"/>
  <testcase name="verifyAddNoteFunctionality" time="24.527" classname="com.staff.qa.testcases.PlacementPageTest"/>
  <testcase name="verifyCancelBtnFunOfAddNote" time="18.386" classname="com.staff.qa.testcases.PlacementPageTest"/>
  <testcase name="verifyDownloadPlacementFormFunctionality" time="19.138" classname="com.staff.qa.testcases.PlacementPageTest"/>
  <testcase name="verifyEditClientAssignmentFieldsOfPlacementFormFunctionality" time="37.379" classname="com.staff.qa.testcases.PlacementPageTest">
    <failure type="java.lang.AssertionError" message="null">
      <![CDATA[java.lang.AssertionError: null
at com.staff.qa.testcases.PlacementPageTest.verifyEditClientAssignmentFieldsOfPlacementFormFunctionality(PlacementPageTest.java:929)
... Removed 27 stack frames]]>
    </failure>
  </testcase> <!-- verifyEditClientAssignmentFieldsOfPlacementFormFunctionality -->
  <testcase name="verifyEditConsultantDetailsOfPlacementFormFunctionality" time="46.139" classname="com.staff.qa.testcases.PlacementPageTest"/>
  <testcase name="verifyInitiateOfferFunctionality" time="147.812" classname="com.staff.qa.testcases.PlacementPageTest">
    <failure type="java.lang.AssertionError" message="null">
      <![CDATA[java.lang.AssertionError: null
at com.staff.qa.testcases.PlacementPageTest.verifyInitiateOfferFunctionality(PlacementPageTest.java:1763)
... Removed 27 stack frames]]>
    </failure>
  </testcase> <!-- verifyInitiateOfferFunctionality -->
  <testcase name="verifySubmitForApprovalFunctionality1" time="84.096" classname="com.staff.qa.testcases.PlacementPageTest"/>
  <testcase name="verifySubmitForApprovalFunctionality_Validations" time="42.417" classname="com.staff.qa.testcases.PlacementPageTest">
    <failure type="java.lang.AssertionError" message="null">
      <![CDATA[java.lang.AssertionError: null
at com.staff.qa.testcases.PlacementPageTest.verifySubmitForApprovalFunctionality_Validations(PlacementPageTest.java:2297)
... Removed 27 stack frames]]>
    </failure>
  </testcase> <!-- verifySubmitForApprovalFunctionality_Validations -->
  <testcase name="verifyApprovePlacementFunctionality_Validations" time="62.639" classname="com.staff.qa.testcases.PlacementPageTest">
    <failure type="java.lang.AssertionError" message="null">
      <![CDATA[java.lang.AssertionError: null
at com.staff.qa.testcases.PlacementPageTest.verifyApprovePlacementFunctionality_Validations(PlacementPageTest.java:2351)
... Removed 27 stack frames]]>
    </failure>
  </testcase> <!-- verifyApprovePlacementFunctionality_Validations -->
  <testcase name="verifyRejectPlacementFunctionality_Validations" time="63.564" classname="com.staff.qa.testcases.PlacementPageTest">
    <failure type="java.lang.AssertionError" message="null">
      <![CDATA[java.lang.AssertionError: null
at com.staff.qa.testcases.PlacementPageTest.verifyRejectPlacementFunctionality_Validations(PlacementPageTest.java:2409)
... Removed 27 stack frames]]>
    </failure>
  </testcase> <!-- verifyRejectPlacementFunctionality_Validations -->
  <testcase name="VerifyAllPlacementCountInHeaderAndGrid" time="0.0" classname="com.staff.qa.testcases.PlacementPageTest">
    <ignored/>
  </testcase> <!-- VerifyAllPlacementCountInHeaderAndGrid -->
  <testcase name="verifyCancelButtonFunGrossMarginOfPlacementForm" time="0.0" classname="com.staff.qa.testcases.PlacementPageTest">
    <ignored/>
  </testcase> <!-- verifyCancelButtonFunGrossMarginOfPlacementForm -->
  <testcase name="verifyCompaniesSearchTextBoxFunOfPlacementForm" time="0.0" classname="com.staff.qa.testcases.PlacementPageTest">
    <ignored/>
  </testcase> <!-- verifyCompaniesSearchTextBoxFunOfPlacementForm -->
  <testcase name="verifyAccountManagerSearchTextBoxFunOfPlacementForm" time="0.0" classname="com.staff.qa.testcases.PlacementPageTest">
    <ignored/>
  </testcase> <!-- verifyAccountManagerSearchTextBoxFunOfPlacementForm -->
  <testcase name="verifyEditGrossMarginOfPlacementFormFunctionality" time="0.0" classname="com.staff.qa.testcases.PlacementPageTest">
    <ignored/>
  </testcase> <!-- verifyEditGrossMarginOfPlacementFormFunctionality -->
  <testcase name="verifyCompaniesFilterFunOfPlacementForm" time="0.0" classname="com.staff.qa.testcases.PlacementPageTest">
    <ignored/>
  </testcase> <!-- verifyCompaniesFilterFunOfPlacementForm -->
  <testcase name="verifyCompaniesFilterFunOfPlacementForm1" time="0.0" classname="com.staff.qa.testcases.PlacementPageTest">
    <ignored/>
  </testcase> <!-- verifyCompaniesFilterFunOfPlacementForm1 -->
  <testcase name="verifyAccountMangerFilterFunOfPlacementForm" time="0.0" classname="com.staff.qa.testcases.PlacementPageTest">
    <ignored/>
  </testcase> <!-- verifyAccountMangerFilterFunOfPlacementForm -->
  <testcase name="verifyCancelButtonFunClientAssignmentOfPlacementForm" time="0.0" classname="com.staff.qa.testcases.PlacementPageTest">
    <ignored/>
  </testcase> <!-- verifyCancelButtonFunClientAssignmentOfPlacementForm -->
  <testcase name="verifyAccountManagerFilterFunOfPlacementForm1" time="0.0" classname="com.staff.qa.testcases.PlacementPageTest">
    <ignored/>
  </testcase> <!-- verifyAccountManagerFilterFunOfPlacementForm1 -->
  <testcase name="verifyCancelButtonFunConsultantDetailsOfPlacementForm" time="0.0" classname="com.staff.qa.testcases.PlacementPageTest">
    <ignored/>
  </testcase> <!-- verifyCancelButtonFunConsultantDetailsOfPlacementForm -->
</testsuite> <!-- Default test(failed) -->
