<?xml version="1.0" encoding="UTF-8"?>
<!-- Generated by org.testng.reporters.JUnitXMLReporter -->
<testsuite hostname="Vijay-CH" ignored="23" name="E-Staff App Test Cases(failed)(failed)" tests="1" failures="1" timestamp="01 Oct 2019 04:19:58 GMT" time="9.619" errors="0">
  <testcase name="validatePasswordMessageForIncorrectPassword" time="2.386" classname="com.staff.qa.testcases.LoginPageTest">
    <failure type="java.lang.AssertionError" message="null">
      <![CDATA[java.lang.AssertionError: null
at com.staff.qa.testcases.LoginPageTest.validatePasswordMessageForIncorrectPassword(LoginPageTest.java:210)
... Removed 27 stack frames]]>
    </failure>
  </testcase> <!-- validatePasswordMessageForIncorrectPassword -->
  <testcase name="getAllCount" time="0.0" classname="com.staff.qa.testcases.ConsultantPageTest">
    <ignored/>
  </testcase> <!-- getAllCount -->
  <testcase name="validateMessageForBlankUsernamePassword" time="0.0" classname="com.staff.qa.testcases.LoginPageTest">
    <ignored/>
  </testcase> <!-- validateMessageForBlankUsernamePassword -->
  <testcase name="validateMessageForBlankPasswordIncorrectUsername" time="0.0" classname="com.staff.qa.testcases.LoginPageTest">
    <ignored/>
  </testcase> <!-- validateMessageForBlankPasswordIncorrectUsername -->
  <testcase name="verifyUploadDocumentFunctionality" time="0.0" classname="com.staff.qa.testcases.ConsultantPageTest">
    <ignored/>
  </testcase> <!-- verifyUploadDocumentFunctionality -->
  <testcase name="validateLoginFunctionalityForIncorrectUserNamePassword" time="0.0" classname="com.staff.qa.testcases.LoginPageTest">
    <ignored/>
  </testcase> <!-- validateLoginFunctionalityForIncorrectUserNamePassword -->
  <testcase name="loginPageTitleTest" time="0.0" classname="com.staff.qa.testcases.LoginPageTest">
    <ignored/>
  </testcase> <!-- loginPageTitleTest -->
  <testcase name="getArchivedCount" time="0.0" classname="com.staff.qa.testcases.ConsultantPageTest">
    <ignored/>
  </testcase> <!-- getArchivedCount -->
  <testcase name="verifyUserNavigateToConsultantPage" time="0.0" classname="com.staff.qa.testcases.ConsultantPageTest">
    <ignored/>
  </testcase> <!-- verifyUserNavigateToConsultantPage -->
  <testcase name="verifyFunctionalityOfCancelButton" time="0.0" classname="com.staff.qa.testcases.ConsultantPageTest">
    <ignored/>
  </testcase> <!-- verifyFunctionalityOfCancelButton -->
  <testcase name="@AfterTest endReport" time="0.0" classname="com.staff.qa.base.TestBase">
    <ignored/>
  </testcase> <!-- @AfterTest endReport -->
  <testcase name="verifyUploadDocumentAppearInGrid" time="0.0" classname="com.staff.qa.testcases.ConsultantPageTest">
    <ignored/>
  </testcase> <!-- verifyUploadDocumentAppearInGrid -->
  <testcase name="verifyDownloadResumeFunctionality" time="0.0" classname="com.staff.qa.testcases.ConsultantPageTest">
    <ignored/>
  </testcase> <!-- verifyDownloadResumeFunctionality -->
  <testcase name="validateUsernameMessageForIncorrectUsername" time="0.0" classname="com.staff.qa.testcases.LoginPageTest">
    <ignored/>
  </testcase> <!-- validateUsernameMessageForIncorrectUsername -->
  <testcase name="@BeforeTest setExtentReport" time="0.0" classname="com.staff.qa.base.TestBase">
    <ignored/>
  </testcase> <!-- @BeforeTest setExtentReport -->
  <testcase name="verifyAddNewConsulatantFormDisplayed" time="0.0" classname="com.staff.qa.testcases.ConsultantPageTest">
    <ignored/>
  </testcase> <!-- verifyAddNewConsulatantFormDisplayed -->
  <testcase name="loginTest" time="0.0" classname="com.staff.qa.testcases.LoginPageTest">
    <ignored/>
  </testcase> <!-- loginTest -->
  <testcase name="verifyDownloadUploadedDocument" time="0.0" classname="com.staff.qa.testcases.ConsultantPageTest">
    <ignored/>
  </testcase> <!-- verifyDownloadUploadedDocument -->
  <testcase name="validateUsernameMessageForBalankUsername" time="0.0" classname="com.staff.qa.testcases.LoginPageTest">
    <ignored/>
  </testcase> <!-- validateUsernameMessageForBalankUsername -->
  <testcase name="getQualifiedCount" time="0.0" classname="com.staff.qa.testcases.ConsultantPageTest">
    <ignored/>
  </testcase> <!-- getQualifiedCount -->
  <testcase name="verifyLinkRequirementToConsultant_alreadyExists" time="0.0" classname="com.staff.qa.testcases.ConsultantPageTest">
    <ignored/>
  </testcase> <!-- verifyLinkRequirementToConsultant_alreadyExists -->
  <testcase name="getAvailableCount" time="0.0" classname="com.staff.qa.testcases.ConsultantPageTest">
    <ignored/>
  </testcase> <!-- getAvailableCount -->
  <testcase name="verifyPageLable" time="0.0" classname="com.staff.qa.testcases.ConsultantPageTest">
    <ignored/>
  </testcase> <!-- verifyPageLable -->
  <testcase name="validatePasswordMessageForBlankPassword" time="0.0" classname="com.staff.qa.testcases.LoginPageTest">
    <ignored/>
  </testcase> <!-- validatePasswordMessageForBlankPassword -->
</testsuite> <!-- E-Staff App Test Cases(failed)(failed) -->
