<html>
<head>
<title>TestNG:  Test</title>
<link href="../testng.css" rel="stylesheet" type="text/css" />
<link href="../my-testng.css" rel="stylesheet" type="text/css" />

<style type="text/css">
.log { display: none;} 
.stack-trace { display: none;} 
</style>
<script type="text/javascript">
<!--
function flip(e) {
  current = e.style.display;
  if (current == 'block') {
    e.style.display = 'none';
    return 0;
  }
  else {
    e.style.display = 'block';
    return 1;
  }
}

function toggleBox(szDivId, elem, msg1, msg2)
{
  var res = -1;  if (document.getElementById) {
    res = flip(document.getElementById(szDivId));
  }
  else if (document.all) {
    // this is the way old msie versions work
    res = flip(document.all[szDivId]);
  }
  if(elem) {
    if(res == 0) elem.innerHTML = msg1; else elem.innerHTML = msg2;
  }

}

function toggleAllBoxes() {
  if (document.getElementsByTagName) {
    d = document.getElementsByTagName('div');
    for (i = 0; i < d.length; i++) {
      if (d[i].className == 'log') {
        flip(d[i]);
      }
    }
  }
}

// -->
</script>

</head>
<body>
<h2 align='center'>Test</h2><table border='1' align="center">
<tr>
<td>Tests passed/Failed/Skipped:</td><td>23/14/0</td>
</tr><tr>
<td>Started on:</td><td>Fri Dec 20 14:36:49 IST 2019</td>
</tr>
<tr><td>Total time:</td><td>1344 seconds (1344210 ms)</td>
</tr><tr>
<td>Included groups:</td><td></td>
</tr><tr>
<td>Excluded groups:</td><td></td>
</tr>
</table><p/>
<small><i>(Hover the method name to see the test class name)</i></small><p/>
<table width='100%' border='1' class='invocation-failed'>
<tr><td colspan='4' align='center'><b>FAILED TESTS</b></td></tr>
<tr><td><b>Test method</b></td>
<td width="30%"><b>Exception</b></td>
<td width="10%"><b>Time (seconds)</b></td>
<td><b>Instance</b></td>
</tr>
<tr>
<td title='com.staff.qa.testcases.PlacementPageTest.verifyAccountManagerFilterFunOfPlacementForm1()'><b>verifyAccountManagerFilterFunOfPlacementForm1</b><br>Test class: com.staff.qa.testcases.PlacementPageTest</td>
<td><div><pre>java.lang.AssertionError: expected [Open Placements (348)] but found [Open Placements (4)]
	at com.staff.qa.testcases.PlacementPageTest.verifyAccountManagerFilterFunOfPlacementForm1(PlacementPageTest.java:1521)
... Removed 31 stack frames</pre></div><a href='#' onClick='toggleBox("stack-trace1632252655", this, "Click to show all stack frames", "Click to hide stack frames")'>Click to show all stack frames</a>
<div class='stack-trace' id='stack-trace1632252655'><pre>java.lang.AssertionError: expected [Open Placements (348)] but found [Open Placements (4)]
	at org.testng.Assert.fail(Assert.java:96)
	at org.testng.Assert.failNotEquals(Assert.java:776)
	at org.testng.Assert.assertEqualsImpl(Assert.java:137)
	at org.testng.Assert.assertEquals(Assert.java:118)
	at org.testng.Assert.assertEquals(Assert.java:453)
	at org.testng.Assert.assertEquals(Assert.java:463)
	at com.staff.qa.testcases.PlacementPageTest.verifyAccountManagerFilterFunOfPlacementForm1(PlacementPageTest.java:1521)
	at sun.reflect.NativeMethodAccessorImpl.invoke0(Native Method)
	at sun.reflect.NativeMethodAccessorImpl.invoke(NativeMethodAccessorImpl.java:62)
	at sun.reflect.DelegatingMethodAccessorImpl.invoke(DelegatingMethodAccessorImpl.java:43)
	at java.lang.reflect.Method.invoke(Method.java:498)
	at org.testng.internal.MethodInvocationHelper.invokeMethod(MethodInvocationHelper.java:124)
	at org.testng.internal.Invoker.invokeMethod(Invoker.java:580)
	at org.testng.internal.Invoker.invokeTestMethod(Invoker.java:716)
	at org.testng.internal.Invoker.invokeTestMethods(Invoker.java:988)
	at org.testng.internal.TestMethodWorker.invokeTestMethods(TestMethodWorker.java:125)
	at org.testng.internal.TestMethodWorker.run(TestMethodWorker.java:109)
	at org.testng.TestRunner.privateRun(TestRunner.java:648)
	at org.testng.TestRunner.run(TestRunner.java:505)
	at org.testng.SuiteRunner.runTest(SuiteRunner.java:455)
	at org.testng.SuiteRunner.runSequentially(SuiteRunner.java:450)
	at org.testng.SuiteRunner.privateRun(SuiteRunner.java:415)
	at org.testng.SuiteRunner.run(SuiteRunner.java:364)
	at org.testng.SuiteRunnerWorker.runSuite(SuiteRunnerWorker.java:52)
	at org.testng.SuiteRunnerWorker.run(SuiteRunnerWorker.java:84)
	at org.testng.TestNG.runSuitesSequentially(TestNG.java:1208)
	at org.testng.TestNG.runSuitesLocally(TestNG.java:1137)
	at org.testng.TestNG.runSuites(TestNG.java:1049)
	at org.testng.TestNG.run(TestNG.java:1017)
	at org.testng.remote.AbstractRemoteTestNG.run(AbstractRemoteTestNG.java:115)
	at org.testng.remote.RemoteTestNG.initAndRun(RemoteTestNG.java:251)
	at org.testng.remote.RemoteTestNG.main(RemoteTestNG.java:77)
</pre></div></td>
<td>74</td>
<td>com.staff.qa.testcases.PlacementPageTest@589838eb</td></tr>
<tr>
<td title='com.staff.qa.testcases.PlacementPageTest.verifyAccountMangerFilterFunOfPlacementForm()'><b>verifyAccountMangerFilterFunOfPlacementForm</b><br>Test class: com.staff.qa.testcases.PlacementPageTest</td>
<td><div><pre>java.lang.AssertionError: null
	at com.staff.qa.testcases.PlacementPageTest.verifyAccountMangerFilterFunOfPlacementForm(PlacementPageTest.java:1465)
... Removed 27 stack frames</pre></div><a href='#' onClick='toggleBox("stack-trace147345336", this, "Click to show all stack frames", "Click to hide stack frames")'>Click to show all stack frames</a>
<div class='stack-trace' id='stack-trace147345336'><pre>java.lang.AssertionError: null
	at org.testng.Assert.fail(Assert.java:96)
	at org.testng.Assert.fail(Assert.java:103)
	at com.staff.qa.testcases.PlacementPageTest.verifyAccountMangerFilterFunOfPlacementForm(PlacementPageTest.java:1465)
	at sun.reflect.NativeMethodAccessorImpl.invoke0(Native Method)
	at sun.reflect.NativeMethodAccessorImpl.invoke(NativeMethodAccessorImpl.java:62)
	at sun.reflect.DelegatingMethodAccessorImpl.invoke(DelegatingMethodAccessorImpl.java:43)
	at java.lang.reflect.Method.invoke(Method.java:498)
	at org.testng.internal.MethodInvocationHelper.invokeMethod(MethodInvocationHelper.java:124)
	at org.testng.internal.Invoker.invokeMethod(Invoker.java:580)
	at org.testng.internal.Invoker.invokeTestMethod(Invoker.java:716)
	at org.testng.internal.Invoker.invokeTestMethods(Invoker.java:988)
	at org.testng.internal.TestMethodWorker.invokeTestMethods(TestMethodWorker.java:125)
	at org.testng.internal.TestMethodWorker.run(TestMethodWorker.java:109)
	at org.testng.TestRunner.privateRun(TestRunner.java:648)
	at org.testng.TestRunner.run(TestRunner.java:505)
	at org.testng.SuiteRunner.runTest(SuiteRunner.java:455)
	at org.testng.SuiteRunner.runSequentially(SuiteRunner.java:450)
	at org.testng.SuiteRunner.privateRun(SuiteRunner.java:415)
	at org.testng.SuiteRunner.run(SuiteRunner.java:364)
	at org.testng.SuiteRunnerWorker.runSuite(SuiteRunnerWorker.java:52)
	at org.testng.SuiteRunnerWorker.run(SuiteRunnerWorker.java:84)
	at org.testng.TestNG.runSuitesSequentially(TestNG.java:1208)
	at org.testng.TestNG.runSuitesLocally(TestNG.java:1137)
	at org.testng.TestNG.runSuites(TestNG.java:1049)
	at org.testng.TestNG.run(TestNG.java:1017)
	at org.testng.remote.AbstractRemoteTestNG.run(AbstractRemoteTestNG.java:115)
	at org.testng.remote.RemoteTestNG.initAndRun(RemoteTestNG.java:251)
	at org.testng.remote.RemoteTestNG.main(RemoteTestNG.java:77)
</pre></div></td>
<td>25</td>
<td>com.staff.qa.testcases.PlacementPageTest@589838eb</td></tr>
<tr>
<td title='com.staff.qa.testcases.PlacementPageTest.verifyApprovePlacementFunctionality_Validations()'><b>verifyApprovePlacementFunctionality_Validations</b><br>Test class: com.staff.qa.testcases.PlacementPageTest</td>
<td><div><pre>java.lang.AssertionError: null
	at com.staff.qa.testcases.PlacementPageTest.verifyApprovePlacementFunctionality_Validations(PlacementPageTest.java:2421)
... Removed 27 stack frames</pre></div><a href='#' onClick='toggleBox("stack-trace485914296", this, "Click to show all stack frames", "Click to hide stack frames")'>Click to show all stack frames</a>
<div class='stack-trace' id='stack-trace485914296'><pre>java.lang.AssertionError: null
	at org.testng.Assert.fail(Assert.java:96)
	at org.testng.Assert.fail(Assert.java:103)
	at com.staff.qa.testcases.PlacementPageTest.verifyApprovePlacementFunctionality_Validations(PlacementPageTest.java:2421)
	at sun.reflect.NativeMethodAccessorImpl.invoke0(Native Method)
	at sun.reflect.NativeMethodAccessorImpl.invoke(NativeMethodAccessorImpl.java:62)
	at sun.reflect.DelegatingMethodAccessorImpl.invoke(DelegatingMethodAccessorImpl.java:43)
	at java.lang.reflect.Method.invoke(Method.java:498)
	at org.testng.internal.MethodInvocationHelper.invokeMethod(MethodInvocationHelper.java:124)
	at org.testng.internal.Invoker.invokeMethod(Invoker.java:580)
	at org.testng.internal.Invoker.invokeTestMethod(Invoker.java:716)
	at org.testng.internal.Invoker.invokeTestMethods(Invoker.java:988)
	at org.testng.internal.TestMethodWorker.invokeTestMethods(TestMethodWorker.java:125)
	at org.testng.internal.TestMethodWorker.run(TestMethodWorker.java:109)
	at org.testng.TestRunner.privateRun(TestRunner.java:648)
	at org.testng.TestRunner.run(TestRunner.java:505)
	at org.testng.SuiteRunner.runTest(SuiteRunner.java:455)
	at org.testng.SuiteRunner.runSequentially(SuiteRunner.java:450)
	at org.testng.SuiteRunner.privateRun(SuiteRunner.java:415)
	at org.testng.SuiteRunner.run(SuiteRunner.java:364)
	at org.testng.SuiteRunnerWorker.runSuite(SuiteRunnerWorker.java:52)
	at org.testng.SuiteRunnerWorker.run(SuiteRunnerWorker.java:84)
	at org.testng.TestNG.runSuitesSequentially(TestNG.java:1208)
	at org.testng.TestNG.runSuitesLocally(TestNG.java:1137)
	at org.testng.TestNG.runSuites(TestNG.java:1049)
	at org.testng.TestNG.run(TestNG.java:1017)
	at org.testng.remote.AbstractRemoteTestNG.run(AbstractRemoteTestNG.java:115)
	at org.testng.remote.RemoteTestNG.initAndRun(RemoteTestNG.java:251)
	at org.testng.remote.RemoteTestNG.main(RemoteTestNG.java:77)
</pre></div></td>
<td>31</td>
<td>com.staff.qa.testcases.PlacementPageTest@589838eb</td></tr>
<tr>
<td title='com.staff.qa.testcases.PlacementPageTest.verifyBackedOutConsultantFunctionality()'><b>verifyBackedOutConsultantFunctionality</b><br>Test class: com.staff.qa.testcases.PlacementPageTest</td>
<td><div><pre>java.lang.AssertionError: null
	at com.staff.qa.testcases.PlacementPageTest.verifyBackedOutConsultantFunctionality(PlacementPageTest.java:524)
... Removed 27 stack frames</pre></div><a href='#' onClick='toggleBox("stack-trace1234435772", this, "Click to show all stack frames", "Click to hide stack frames")'>Click to show all stack frames</a>
<div class='stack-trace' id='stack-trace1234435772'><pre>java.lang.AssertionError: null
	at org.testng.Assert.fail(Assert.java:96)
	at org.testng.Assert.fail(Assert.java:103)
	at com.staff.qa.testcases.PlacementPageTest.verifyBackedOutConsultantFunctionality(PlacementPageTest.java:524)
	at sun.reflect.NativeMethodAccessorImpl.invoke0(Native Method)
	at sun.reflect.NativeMethodAccessorImpl.invoke(NativeMethodAccessorImpl.java:62)
	at sun.reflect.DelegatingMethodAccessorImpl.invoke(DelegatingMethodAccessorImpl.java:43)
	at java.lang.reflect.Method.invoke(Method.java:498)
	at org.testng.internal.MethodInvocationHelper.invokeMethod(MethodInvocationHelper.java:124)
	at org.testng.internal.Invoker.invokeMethod(Invoker.java:580)
	at org.testng.internal.Invoker.invokeTestMethod(Invoker.java:716)
	at org.testng.internal.Invoker.invokeTestMethods(Invoker.java:988)
	at org.testng.internal.TestMethodWorker.invokeTestMethods(TestMethodWorker.java:125)
	at org.testng.internal.TestMethodWorker.run(TestMethodWorker.java:109)
	at org.testng.TestRunner.privateRun(TestRunner.java:648)
	at org.testng.TestRunner.run(TestRunner.java:505)
	at org.testng.SuiteRunner.runTest(SuiteRunner.java:455)
	at org.testng.SuiteRunner.runSequentially(SuiteRunner.java:450)
	at org.testng.SuiteRunner.privateRun(SuiteRunner.java:415)
	at org.testng.SuiteRunner.run(SuiteRunner.java:364)
	at org.testng.SuiteRunnerWorker.runSuite(SuiteRunnerWorker.java:52)
	at org.testng.SuiteRunnerWorker.run(SuiteRunnerWorker.java:84)
	at org.testng.TestNG.runSuitesSequentially(TestNG.java:1208)
	at org.testng.TestNG.runSuitesLocally(TestNG.java:1137)
	at org.testng.TestNG.runSuites(TestNG.java:1049)
	at org.testng.TestNG.run(TestNG.java:1017)
	at org.testng.remote.AbstractRemoteTestNG.run(AbstractRemoteTestNG.java:115)
	at org.testng.remote.RemoteTestNG.initAndRun(RemoteTestNG.java:251)
	at org.testng.remote.RemoteTestNG.main(RemoteTestNG.java:77)
</pre></div></td>
<td>19</td>
<td>com.staff.qa.testcases.PlacementPageTest@589838eb</td></tr>
<tr>
<td title='com.staff.qa.testcases.PlacementPageTest.verifyCancelButtonFunClientAssignmentOfPlacementForm()'><b>verifyCancelButtonFunClientAssignmentOfPlacementForm</b><br>Test class: com.staff.qa.testcases.PlacementPageTest</td>
<td><div><pre>java.lang.AssertionError: null
	at com.staff.qa.testcases.PlacementPageTest.verifyCancelButtonFunClientAssignmentOfPlacementForm(PlacementPageTest.java:1226)
... Removed 27 stack frames</pre></div><a href='#' onClick='toggleBox("stack-trace953718248", this, "Click to show all stack frames", "Click to hide stack frames")'>Click to show all stack frames</a>
<div class='stack-trace' id='stack-trace953718248'><pre>java.lang.AssertionError: null
	at org.testng.Assert.fail(Assert.java:96)
	at org.testng.Assert.fail(Assert.java:103)
	at com.staff.qa.testcases.PlacementPageTest.verifyCancelButtonFunClientAssignmentOfPlacementForm(PlacementPageTest.java:1226)
	at sun.reflect.NativeMethodAccessorImpl.invoke0(Native Method)
	at sun.reflect.NativeMethodAccessorImpl.invoke(NativeMethodAccessorImpl.java:62)
	at sun.reflect.DelegatingMethodAccessorImpl.invoke(DelegatingMethodAccessorImpl.java:43)
	at java.lang.reflect.Method.invoke(Method.java:498)
	at org.testng.internal.MethodInvocationHelper.invokeMethod(MethodInvocationHelper.java:124)
	at org.testng.internal.Invoker.invokeMethod(Invoker.java:580)
	at org.testng.internal.Invoker.invokeTestMethod(Invoker.java:716)
	at org.testng.internal.Invoker.invokeTestMethods(Invoker.java:988)
	at org.testng.internal.TestMethodWorker.invokeTestMethods(TestMethodWorker.java:125)
	at org.testng.internal.TestMethodWorker.run(TestMethodWorker.java:109)
	at org.testng.TestRunner.privateRun(TestRunner.java:648)
	at org.testng.TestRunner.run(TestRunner.java:505)
	at org.testng.SuiteRunner.runTest(SuiteRunner.java:455)
	at org.testng.SuiteRunner.runSequentially(SuiteRunner.java:450)
	at org.testng.SuiteRunner.privateRun(SuiteRunner.java:415)
	at org.testng.SuiteRunner.run(SuiteRunner.java:364)
	at org.testng.SuiteRunnerWorker.runSuite(SuiteRunnerWorker.java:52)
	at org.testng.SuiteRunnerWorker.run(SuiteRunnerWorker.java:84)
	at org.testng.TestNG.runSuitesSequentially(TestNG.java:1208)
	at org.testng.TestNG.runSuitesLocally(TestNG.java:1137)
	at org.testng.TestNG.runSuites(TestNG.java:1049)
	at org.testng.TestNG.run(TestNG.java:1017)
	at org.testng.remote.AbstractRemoteTestNG.run(AbstractRemoteTestNG.java:115)
	at org.testng.remote.RemoteTestNG.initAndRun(RemoteTestNG.java:251)
	at org.testng.remote.RemoteTestNG.main(RemoteTestNG.java:77)
</pre></div></td>
<td>29</td>
<td>com.staff.qa.testcases.PlacementPageTest@589838eb</td></tr>
<tr>
<td title='com.staff.qa.testcases.PlacementPageTest.verifyCompaniesFilterFunOfPlacementForm1()'><b>verifyCompaniesFilterFunOfPlacementForm1</b><br>Test class: com.staff.qa.testcases.PlacementPageTest</td>
<td><div><pre>java.lang.AssertionError: null
	at com.staff.qa.testcases.PlacementPageTest.verifyCompaniesFilterFunOfPlacementForm1(PlacementPageTest.java:1378)
... Removed 27 stack frames</pre></div><a href='#' onClick='toggleBox("stack-trace750444785", this, "Click to show all stack frames", "Click to hide stack frames")'>Click to show all stack frames</a>
<div class='stack-trace' id='stack-trace750444785'><pre>java.lang.AssertionError: null
	at org.testng.Assert.fail(Assert.java:96)
	at org.testng.Assert.fail(Assert.java:103)
	at com.staff.qa.testcases.PlacementPageTest.verifyCompaniesFilterFunOfPlacementForm1(PlacementPageTest.java:1378)
	at sun.reflect.NativeMethodAccessorImpl.invoke0(Native Method)
	at sun.reflect.NativeMethodAccessorImpl.invoke(NativeMethodAccessorImpl.java:62)
	at sun.reflect.DelegatingMethodAccessorImpl.invoke(DelegatingMethodAccessorImpl.java:43)
	at java.lang.reflect.Method.invoke(Method.java:498)
	at org.testng.internal.MethodInvocationHelper.invokeMethod(MethodInvocationHelper.java:124)
	at org.testng.internal.Invoker.invokeMethod(Invoker.java:580)
	at org.testng.internal.Invoker.invokeTestMethod(Invoker.java:716)
	at org.testng.internal.Invoker.invokeTestMethods(Invoker.java:988)
	at org.testng.internal.TestMethodWorker.invokeTestMethods(TestMethodWorker.java:125)
	at org.testng.internal.TestMethodWorker.run(TestMethodWorker.java:109)
	at org.testng.TestRunner.privateRun(TestRunner.java:648)
	at org.testng.TestRunner.run(TestRunner.java:505)
	at org.testng.SuiteRunner.runTest(SuiteRunner.java:455)
	at org.testng.SuiteRunner.runSequentially(SuiteRunner.java:450)
	at org.testng.SuiteRunner.privateRun(SuiteRunner.java:415)
	at org.testng.SuiteRunner.run(SuiteRunner.java:364)
	at org.testng.SuiteRunnerWorker.runSuite(SuiteRunnerWorker.java:52)
	at org.testng.SuiteRunnerWorker.run(SuiteRunnerWorker.java:84)
	at org.testng.TestNG.runSuitesSequentially(TestNG.java:1208)
	at org.testng.TestNG.runSuitesLocally(TestNG.java:1137)
	at org.testng.TestNG.runSuites(TestNG.java:1049)
	at org.testng.TestNG.run(TestNG.java:1017)
	at org.testng.remote.AbstractRemoteTestNG.run(AbstractRemoteTestNG.java:115)
	at org.testng.remote.RemoteTestNG.initAndRun(RemoteTestNG.java:251)
	at org.testng.remote.RemoteTestNG.main(RemoteTestNG.java:77)
</pre></div></td>
<td>20</td>
<td>com.staff.qa.testcases.PlacementPageTest@589838eb</td></tr>
<tr>
<td title='com.staff.qa.testcases.PlacementPageTest.verifyEditClientAssignmentFieldsOfPlacementFormFunctionality()'><b>verifyEditClientAssignmentFieldsOfPlacementFormFunctionality</b><br>Test class: com.staff.qa.testcases.PlacementPageTest</td>
<td><div><pre>java.lang.AssertionError: null
	at com.staff.qa.testcases.PlacementPageTest.verifyEditClientAssignmentFieldsOfPlacementFormFunctionality(PlacementPageTest.java:945)
... Removed 27 stack frames</pre></div><a href='#' onClick='toggleBox("stack-trace691620198", this, "Click to show all stack frames", "Click to hide stack frames")'>Click to show all stack frames</a>
<div class='stack-trace' id='stack-trace691620198'><pre>java.lang.AssertionError: null
	at org.testng.Assert.fail(Assert.java:96)
	at org.testng.Assert.fail(Assert.java:103)
	at com.staff.qa.testcases.PlacementPageTest.verifyEditClientAssignmentFieldsOfPlacementFormFunctionality(PlacementPageTest.java:945)
	at sun.reflect.NativeMethodAccessorImpl.invoke0(Native Method)
	at sun.reflect.NativeMethodAccessorImpl.invoke(NativeMethodAccessorImpl.java:62)
	at sun.reflect.DelegatingMethodAccessorImpl.invoke(DelegatingMethodAccessorImpl.java:43)
	at java.lang.reflect.Method.invoke(Method.java:498)
	at org.testng.internal.MethodInvocationHelper.invokeMethod(MethodInvocationHelper.java:124)
	at org.testng.internal.Invoker.invokeMethod(Invoker.java:580)
	at org.testng.internal.Invoker.invokeTestMethod(Invoker.java:716)
	at org.testng.internal.Invoker.invokeTestMethods(Invoker.java:988)
	at org.testng.internal.TestMethodWorker.invokeTestMethods(TestMethodWorker.java:125)
	at org.testng.internal.TestMethodWorker.run(TestMethodWorker.java:109)
	at org.testng.TestRunner.privateRun(TestRunner.java:648)
	at org.testng.TestRunner.run(TestRunner.java:505)
	at org.testng.SuiteRunner.runTest(SuiteRunner.java:455)
	at org.testng.SuiteRunner.runSequentially(SuiteRunner.java:450)
	at org.testng.SuiteRunner.privateRun(SuiteRunner.java:415)
	at org.testng.SuiteRunner.run(SuiteRunner.java:364)
	at org.testng.SuiteRunnerWorker.runSuite(SuiteRunnerWorker.java:52)
	at org.testng.SuiteRunnerWorker.run(SuiteRunnerWorker.java:84)
	at org.testng.TestNG.runSuitesSequentially(TestNG.java:1208)
	at org.testng.TestNG.runSuitesLocally(TestNG.java:1137)
	at org.testng.TestNG.runSuites(TestNG.java:1049)
	at org.testng.TestNG.run(TestNG.java:1017)
	at org.testng.remote.AbstractRemoteTestNG.run(AbstractRemoteTestNG.java:115)
	at org.testng.remote.RemoteTestNG.initAndRun(RemoteTestNG.java:251)
	at org.testng.remote.RemoteTestNG.main(RemoteTestNG.java:77)
</pre></div></td>
<td>31</td>
<td>com.staff.qa.testcases.PlacementPageTest@589838eb</td></tr>
<tr>
<td title='com.staff.qa.testcases.PlacementPageTest.verifyEditConsultantDetailsOfPlacementFormFunctionality()'><b>verifyEditConsultantDetailsOfPlacementFormFunctionality</b><br>Test class: com.staff.qa.testcases.PlacementPageTest</td>
<td><div><pre>java.lang.AssertionError: null
	at com.staff.qa.testcases.PlacementPageTest.verifyEditConsultantDetailsOfPlacementFormFunctionality(PlacementPageTest.java:1035)
... Removed 27 stack frames</pre></div><a href='#' onClick='toggleBox("stack-trace2019937411", this, "Click to show all stack frames", "Click to hide stack frames")'>Click to show all stack frames</a>
<div class='stack-trace' id='stack-trace2019937411'><pre>java.lang.AssertionError: null
	at org.testng.Assert.fail(Assert.java:96)
	at org.testng.Assert.fail(Assert.java:103)
	at com.staff.qa.testcases.PlacementPageTest.verifyEditConsultantDetailsOfPlacementFormFunctionality(PlacementPageTest.java:1035)
	at sun.reflect.NativeMethodAccessorImpl.invoke0(Native Method)
	at sun.reflect.NativeMethodAccessorImpl.invoke(NativeMethodAccessorImpl.java:62)
	at sun.reflect.DelegatingMethodAccessorImpl.invoke(DelegatingMethodAccessorImpl.java:43)
	at java.lang.reflect.Method.invoke(Method.java:498)
	at org.testng.internal.MethodInvocationHelper.invokeMethod(MethodInvocationHelper.java:124)
	at org.testng.internal.Invoker.invokeMethod(Invoker.java:580)
	at org.testng.internal.Invoker.invokeTestMethod(Invoker.java:716)
	at org.testng.internal.Invoker.invokeTestMethods(Invoker.java:988)
	at org.testng.internal.TestMethodWorker.invokeTestMethods(TestMethodWorker.java:125)
	at org.testng.internal.TestMethodWorker.run(TestMethodWorker.java:109)
	at org.testng.TestRunner.privateRun(TestRunner.java:648)
	at org.testng.TestRunner.run(TestRunner.java:505)
	at org.testng.SuiteRunner.runTest(SuiteRunner.java:455)
	at org.testng.SuiteRunner.runSequentially(SuiteRunner.java:450)
	at org.testng.SuiteRunner.privateRun(SuiteRunner.java:415)
	at org.testng.SuiteRunner.run(SuiteRunner.java:364)
	at org.testng.SuiteRunnerWorker.runSuite(SuiteRunnerWorker.java:52)
	at org.testng.SuiteRunnerWorker.run(SuiteRunnerWorker.java:84)
	at org.testng.TestNG.runSuitesSequentially(TestNG.java:1208)
	at org.testng.TestNG.runSuitesLocally(TestNG.java:1137)
	at org.testng.TestNG.runSuites(TestNG.java:1049)
	at org.testng.TestNG.run(TestNG.java:1017)
	at org.testng.remote.AbstractRemoteTestNG.run(AbstractRemoteTestNG.java:115)
	at org.testng.remote.RemoteTestNG.initAndRun(RemoteTestNG.java:251)
	at org.testng.remote.RemoteTestNG.main(RemoteTestNG.java:77)
</pre></div></td>
<td>29</td>
<td>com.staff.qa.testcases.PlacementPageTest@589838eb</td></tr>
<tr>
<td title='com.staff.qa.testcases.PlacementPageTest.verifyInitiateOfferFunctionality()'><b>verifyInitiateOfferFunctionality</b><br>Test class: com.staff.qa.testcases.PlacementPageTest</td>
<td><div><pre>java.lang.AssertionError: null
	at com.staff.qa.testcases.PlacementPageTest.verifyInitiateOfferFunctionality(PlacementPageTest.java:1833)
... Removed 27 stack frames</pre></div><a href='#' onClick='toggleBox("stack-trace714123518", this, "Click to show all stack frames", "Click to hide stack frames")'>Click to show all stack frames</a>
<div class='stack-trace' id='stack-trace714123518'><pre>java.lang.AssertionError: null
	at org.testng.Assert.fail(Assert.java:96)
	at org.testng.Assert.fail(Assert.java:103)
	at com.staff.qa.testcases.PlacementPageTest.verifyInitiateOfferFunctionality(PlacementPageTest.java:1833)
	at sun.reflect.NativeMethodAccessorImpl.invoke0(Native Method)
	at sun.reflect.NativeMethodAccessorImpl.invoke(NativeMethodAccessorImpl.java:62)
	at sun.reflect.DelegatingMethodAccessorImpl.invoke(DelegatingMethodAccessorImpl.java:43)
	at java.lang.reflect.Method.invoke(Method.java:498)
	at org.testng.internal.MethodInvocationHelper.invokeMethod(MethodInvocationHelper.java:124)
	at org.testng.internal.Invoker.invokeMethod(Invoker.java:580)
	at org.testng.internal.Invoker.invokeTestMethod(Invoker.java:716)
	at org.testng.internal.Invoker.invokeTestMethods(Invoker.java:988)
	at org.testng.internal.TestMethodWorker.invokeTestMethods(TestMethodWorker.java:125)
	at org.testng.internal.TestMethodWorker.run(TestMethodWorker.java:109)
	at org.testng.TestRunner.privateRun(TestRunner.java:648)
	at org.testng.TestRunner.run(TestRunner.java:505)
	at org.testng.SuiteRunner.runTest(SuiteRunner.java:455)
	at org.testng.SuiteRunner.runSequentially(SuiteRunner.java:450)
	at org.testng.SuiteRunner.privateRun(SuiteRunner.java:415)
	at org.testng.SuiteRunner.run(SuiteRunner.java:364)
	at org.testng.SuiteRunnerWorker.runSuite(SuiteRunnerWorker.java:52)
	at org.testng.SuiteRunnerWorker.run(SuiteRunnerWorker.java:84)
	at org.testng.TestNG.runSuitesSequentially(TestNG.java:1208)
	at org.testng.TestNG.runSuitesLocally(TestNG.java:1137)
	at org.testng.TestNG.runSuites(TestNG.java:1049)
	at org.testng.TestNG.run(TestNG.java:1017)
	at org.testng.remote.AbstractRemoteTestNG.run(AbstractRemoteTestNG.java:115)
	at org.testng.remote.RemoteTestNG.initAndRun(RemoteTestNG.java:251)
	at org.testng.remote.RemoteTestNG.main(RemoteTestNG.java:77)
</pre></div></td>
<td>49</td>
<td>com.staff.qa.testcases.PlacementPageTest@589838eb</td></tr>
<tr>
<td title='com.staff.qa.testcases.PlacementPageTest.verifyPlacedConsultantAppearInPlacement_FromConsultant()'><b>verifyPlacedConsultantAppearInPlacement_FromConsultant</b><br>Test class: com.staff.qa.testcases.PlacementPageTest</td>
<td><div><pre>java.lang.AssertionError: null
	at com.staff.qa.testcases.PlacementPageTest.verifyPlacedConsultantAppearInPlacement_FromConsultant(PlacementPageTest.java:460)
... Removed 27 stack frames</pre></div><a href='#' onClick='toggleBox("stack-trace233309087", this, "Click to show all stack frames", "Click to hide stack frames")'>Click to show all stack frames</a>
<div class='stack-trace' id='stack-trace233309087'><pre>java.lang.AssertionError: null
	at org.testng.Assert.fail(Assert.java:96)
	at org.testng.Assert.fail(Assert.java:103)
	at com.staff.qa.testcases.PlacementPageTest.verifyPlacedConsultantAppearInPlacement_FromConsultant(PlacementPageTest.java:460)
	at sun.reflect.NativeMethodAccessorImpl.invoke0(Native Method)
	at sun.reflect.NativeMethodAccessorImpl.invoke(NativeMethodAccessorImpl.java:62)
	at sun.reflect.DelegatingMethodAccessorImpl.invoke(DelegatingMethodAccessorImpl.java:43)
	at java.lang.reflect.Method.invoke(Method.java:498)
	at org.testng.internal.MethodInvocationHelper.invokeMethod(MethodInvocationHelper.java:124)
	at org.testng.internal.Invoker.invokeMethod(Invoker.java:580)
	at org.testng.internal.Invoker.invokeTestMethod(Invoker.java:716)
	at org.testng.internal.Invoker.invokeTestMethods(Invoker.java:988)
	at org.testng.internal.TestMethodWorker.invokeTestMethods(TestMethodWorker.java:125)
	at org.testng.internal.TestMethodWorker.run(TestMethodWorker.java:109)
	at org.testng.TestRunner.privateRun(TestRunner.java:648)
	at org.testng.TestRunner.run(TestRunner.java:505)
	at org.testng.SuiteRunner.runTest(SuiteRunner.java:455)
	at org.testng.SuiteRunner.runSequentially(SuiteRunner.java:450)
	at org.testng.SuiteRunner.privateRun(SuiteRunner.java:415)
	at org.testng.SuiteRunner.run(SuiteRunner.java:364)
	at org.testng.SuiteRunnerWorker.runSuite(SuiteRunnerWorker.java:52)
	at org.testng.SuiteRunnerWorker.run(SuiteRunnerWorker.java:84)
	at org.testng.TestNG.runSuitesSequentially(TestNG.java:1208)
	at org.testng.TestNG.runSuitesLocally(TestNG.java:1137)
	at org.testng.TestNG.runSuites(TestNG.java:1049)
	at org.testng.TestNG.run(TestNG.java:1017)
	at org.testng.remote.AbstractRemoteTestNG.run(AbstractRemoteTestNG.java:115)
	at org.testng.remote.RemoteTestNG.initAndRun(RemoteTestNG.java:251)
	at org.testng.remote.RemoteTestNG.main(RemoteTestNG.java:77)
</pre></div></td>
<td>35</td>
<td>com.staff.qa.testcases.PlacementPageTest@589838eb</td></tr>
<tr>
<td title='com.staff.qa.testcases.PlacementPageTest.verifyPlacedConsultantAppearInPlacement_FromRequirement()'><b>verifyPlacedConsultantAppearInPlacement_FromRequirement</b><br>Test class: com.staff.qa.testcases.PlacementPageTest</td>
<td><div><pre>java.lang.AssertionError: null
	at com.staff.qa.testcases.PlacementPageTest.verifyPlacedConsultantAppearInPlacement_FromRequirement(PlacementPageTest.java:356)
... Removed 27 stack frames</pre></div><a href='#' onClick='toggleBox("stack-trace1209962934", this, "Click to show all stack frames", "Click to hide stack frames")'>Click to show all stack frames</a>
<div class='stack-trace' id='stack-trace1209962934'><pre>java.lang.AssertionError: null
	at org.testng.Assert.fail(Assert.java:96)
	at org.testng.Assert.fail(Assert.java:103)
	at com.staff.qa.testcases.PlacementPageTest.verifyPlacedConsultantAppearInPlacement_FromRequirement(PlacementPageTest.java:356)
	at sun.reflect.NativeMethodAccessorImpl.invoke0(Native Method)
	at sun.reflect.NativeMethodAccessorImpl.invoke(NativeMethodAccessorImpl.java:62)
	at sun.reflect.DelegatingMethodAccessorImpl.invoke(DelegatingMethodAccessorImpl.java:43)
	at java.lang.reflect.Method.invoke(Method.java:498)
	at org.testng.internal.MethodInvocationHelper.invokeMethod(MethodInvocationHelper.java:124)
	at org.testng.internal.Invoker.invokeMethod(Invoker.java:580)
	at org.testng.internal.Invoker.invokeTestMethod(Invoker.java:716)
	at org.testng.internal.Invoker.invokeTestMethods(Invoker.java:988)
	at org.testng.internal.TestMethodWorker.invokeTestMethods(TestMethodWorker.java:125)
	at org.testng.internal.TestMethodWorker.run(TestMethodWorker.java:109)
	at org.testng.TestRunner.privateRun(TestRunner.java:648)
	at org.testng.TestRunner.run(TestRunner.java:505)
	at org.testng.SuiteRunner.runTest(SuiteRunner.java:455)
	at org.testng.SuiteRunner.runSequentially(SuiteRunner.java:450)
	at org.testng.SuiteRunner.privateRun(SuiteRunner.java:415)
	at org.testng.SuiteRunner.run(SuiteRunner.java:364)
	at org.testng.SuiteRunnerWorker.runSuite(SuiteRunnerWorker.java:52)
	at org.testng.SuiteRunnerWorker.run(SuiteRunnerWorker.java:84)
	at org.testng.TestNG.runSuitesSequentially(TestNG.java:1208)
	at org.testng.TestNG.runSuitesLocally(TestNG.java:1137)
	at org.testng.TestNG.runSuites(TestNG.java:1049)
	at org.testng.TestNG.run(TestNG.java:1017)
	at org.testng.remote.AbstractRemoteTestNG.run(AbstractRemoteTestNG.java:115)
	at org.testng.remote.RemoteTestNG.initAndRun(RemoteTestNG.java:251)
	at org.testng.remote.RemoteTestNG.main(RemoteTestNG.java:77)
</pre></div></td>
<td>35</td>
<td>com.staff.qa.testcases.PlacementPageTest@589838eb</td></tr>
<tr>
<td title='com.staff.qa.testcases.PlacementPageTest.verifyPlacementDateFilterFunOfPlacementForm()'><b>verifyPlacementDateFilterFunOfPlacementForm</b><br>Test class: com.staff.qa.testcases.PlacementPageTest</td>
<td><div><pre>java.lang.AssertionError: null
	at com.staff.qa.testcases.PlacementPageTest.verifyPlacementDateFilterFunOfPlacementForm(PlacementPageTest.java:1601)
... Removed 27 stack frames</pre></div><a href='#' onClick='toggleBox("stack-trace700166768", this, "Click to show all stack frames", "Click to hide stack frames")'>Click to show all stack frames</a>
<div class='stack-trace' id='stack-trace700166768'><pre>java.lang.AssertionError: null
	at org.testng.Assert.fail(Assert.java:96)
	at org.testng.Assert.fail(Assert.java:103)
	at com.staff.qa.testcases.PlacementPageTest.verifyPlacementDateFilterFunOfPlacementForm(PlacementPageTest.java:1601)
	at sun.reflect.NativeMethodAccessorImpl.invoke0(Native Method)
	at sun.reflect.NativeMethodAccessorImpl.invoke(NativeMethodAccessorImpl.java:62)
	at sun.reflect.DelegatingMethodAccessorImpl.invoke(DelegatingMethodAccessorImpl.java:43)
	at java.lang.reflect.Method.invoke(Method.java:498)
	at org.testng.internal.MethodInvocationHelper.invokeMethod(MethodInvocationHelper.java:124)
	at org.testng.internal.Invoker.invokeMethod(Invoker.java:580)
	at org.testng.internal.Invoker.invokeTestMethod(Invoker.java:716)
	at org.testng.internal.Invoker.invokeTestMethods(Invoker.java:988)
	at org.testng.internal.TestMethodWorker.invokeTestMethods(TestMethodWorker.java:125)
	at org.testng.internal.TestMethodWorker.run(TestMethodWorker.java:109)
	at org.testng.TestRunner.privateRun(TestRunner.java:648)
	at org.testng.TestRunner.run(TestRunner.java:505)
	at org.testng.SuiteRunner.runTest(SuiteRunner.java:455)
	at org.testng.SuiteRunner.runSequentially(SuiteRunner.java:450)
	at org.testng.SuiteRunner.privateRun(SuiteRunner.java:415)
	at org.testng.SuiteRunner.run(SuiteRunner.java:364)
	at org.testng.SuiteRunnerWorker.runSuite(SuiteRunnerWorker.java:52)
	at org.testng.SuiteRunnerWorker.run(SuiteRunnerWorker.java:84)
	at org.testng.TestNG.runSuitesSequentially(TestNG.java:1208)
	at org.testng.TestNG.runSuitesLocally(TestNG.java:1137)
	at org.testng.TestNG.runSuites(TestNG.java:1049)
	at org.testng.TestNG.run(TestNG.java:1017)
	at org.testng.remote.AbstractRemoteTestNG.run(AbstractRemoteTestNG.java:115)
	at org.testng.remote.RemoteTestNG.initAndRun(RemoteTestNG.java:251)
	at org.testng.remote.RemoteTestNG.main(RemoteTestNG.java:77)
</pre></div></td>
<td>22</td>
<td>com.staff.qa.testcases.PlacementPageTest@589838eb</td></tr>
<tr>
<td title='com.staff.qa.testcases.PlacementPageTest.verifyRejectPlacementFunctionality_Validations()'><b>verifyRejectPlacementFunctionality_Validations</b><br>Test class: com.staff.qa.testcases.PlacementPageTest</td>
<td><div><pre>java.lang.AssertionError: null
	at com.staff.qa.testcases.PlacementPageTest.verifyRejectPlacementFunctionality_Validations(PlacementPageTest.java:2479)
... Removed 27 stack frames</pre></div><a href='#' onClick='toggleBox("stack-trace1468848690", this, "Click to show all stack frames", "Click to hide stack frames")'>Click to show all stack frames</a>
<div class='stack-trace' id='stack-trace1468848690'><pre>java.lang.AssertionError: null
	at org.testng.Assert.fail(Assert.java:96)
	at org.testng.Assert.fail(Assert.java:103)
	at com.staff.qa.testcases.PlacementPageTest.verifyRejectPlacementFunctionality_Validations(PlacementPageTest.java:2479)
	at sun.reflect.NativeMethodAccessorImpl.invoke0(Native Method)
	at sun.reflect.NativeMethodAccessorImpl.invoke(NativeMethodAccessorImpl.java:62)
	at sun.reflect.DelegatingMethodAccessorImpl.invoke(DelegatingMethodAccessorImpl.java:43)
	at java.lang.reflect.Method.invoke(Method.java:498)
	at org.testng.internal.MethodInvocationHelper.invokeMethod(MethodInvocationHelper.java:124)
	at org.testng.internal.Invoker.invokeMethod(Invoker.java:580)
	at org.testng.internal.Invoker.invokeTestMethod(Invoker.java:716)
	at org.testng.internal.Invoker.invokeTestMethods(Invoker.java:988)
	at org.testng.internal.TestMethodWorker.invokeTestMethods(TestMethodWorker.java:125)
	at org.testng.internal.TestMethodWorker.run(TestMethodWorker.java:109)
	at org.testng.TestRunner.privateRun(TestRunner.java:648)
	at org.testng.TestRunner.run(TestRunner.java:505)
	at org.testng.SuiteRunner.runTest(SuiteRunner.java:455)
	at org.testng.SuiteRunner.runSequentially(SuiteRunner.java:450)
	at org.testng.SuiteRunner.privateRun(SuiteRunner.java:415)
	at org.testng.SuiteRunner.run(SuiteRunner.java:364)
	at org.testng.SuiteRunnerWorker.runSuite(SuiteRunnerWorker.java:52)
	at org.testng.SuiteRunnerWorker.run(SuiteRunnerWorker.java:84)
	at org.testng.TestNG.runSuitesSequentially(TestNG.java:1208)
	at org.testng.TestNG.runSuitesLocally(TestNG.java:1137)
	at org.testng.TestNG.runSuites(TestNG.java:1049)
	at org.testng.TestNG.run(TestNG.java:1017)
	at org.testng.remote.AbstractRemoteTestNG.run(AbstractRemoteTestNG.java:115)
	at org.testng.remote.RemoteTestNG.initAndRun(RemoteTestNG.java:251)
	at org.testng.remote.RemoteTestNG.main(RemoteTestNG.java:77)
</pre></div></td>
<td>64</td>
<td>com.staff.qa.testcases.PlacementPageTest@589838eb</td></tr>
<tr>
<td title='com.staff.qa.testcases.PlacementPageTest.verifySubmitForApprovalFunctionality1()'><b>verifySubmitForApprovalFunctionality1</b><br>Test class: com.staff.qa.testcases.PlacementPageTest</td>
<td><div><pre>java.lang.AssertionError: null
	at com.staff.qa.testcases.PlacementPageTest.verifySubmitForApprovalFunctionality1(PlacementPageTest.java:2169)
... Removed 27 stack frames</pre></div><a href='#' onClick='toggleBox("stack-trace564689266", this, "Click to show all stack frames", "Click to hide stack frames")'>Click to show all stack frames</a>
<div class='stack-trace' id='stack-trace564689266'><pre>java.lang.AssertionError: null
	at org.testng.Assert.fail(Assert.java:96)
	at org.testng.Assert.fail(Assert.java:103)
	at com.staff.qa.testcases.PlacementPageTest.verifySubmitForApprovalFunctionality1(PlacementPageTest.java:2169)
	at sun.reflect.NativeMethodAccessorImpl.invoke0(Native Method)
	at sun.reflect.NativeMethodAccessorImpl.invoke(NativeMethodAccessorImpl.java:62)
	at sun.reflect.DelegatingMethodAccessorImpl.invoke(DelegatingMethodAccessorImpl.java:43)
	at java.lang.reflect.Method.invoke(Method.java:498)
	at org.testng.internal.MethodInvocationHelper.invokeMethod(MethodInvocationHelper.java:124)
	at org.testng.internal.Invoker.invokeMethod(Invoker.java:580)
	at org.testng.internal.Invoker.invokeTestMethod(Invoker.java:716)
	at org.testng.internal.Invoker.invokeTestMethods(Invoker.java:988)
	at org.testng.internal.TestMethodWorker.invokeTestMethods(TestMethodWorker.java:125)
	at org.testng.internal.TestMethodWorker.run(TestMethodWorker.java:109)
	at org.testng.TestRunner.privateRun(TestRunner.java:648)
	at org.testng.TestRunner.run(TestRunner.java:505)
	at org.testng.SuiteRunner.runTest(SuiteRunner.java:455)
	at org.testng.SuiteRunner.runSequentially(SuiteRunner.java:450)
	at org.testng.SuiteRunner.privateRun(SuiteRunner.java:415)
	at org.testng.SuiteRunner.run(SuiteRunner.java:364)
	at org.testng.SuiteRunnerWorker.runSuite(SuiteRunnerWorker.java:52)
	at org.testng.SuiteRunnerWorker.run(SuiteRunnerWorker.java:84)
	at org.testng.TestNG.runSuitesSequentially(TestNG.java:1208)
	at org.testng.TestNG.runSuitesLocally(TestNG.java:1137)
	at org.testng.TestNG.runSuites(TestNG.java:1049)
	at org.testng.TestNG.run(TestNG.java:1017)
	at org.testng.remote.AbstractRemoteTestNG.run(AbstractRemoteTestNG.java:115)
	at org.testng.remote.RemoteTestNG.initAndRun(RemoteTestNG.java:251)
	at org.testng.remote.RemoteTestNG.main(RemoteTestNG.java:77)
</pre></div></td>
<td>31</td>
<td>com.staff.qa.testcases.PlacementPageTest@589838eb</td></tr>
</table><p>
<table width='100%' border='1' class='invocation-passed'>
<tr><td colspan='4' align='center'><b>PASSED TESTS</b></td></tr>
<tr><td><b>Test method</b></td>
<td width="30%"><b>Exception</b></td>
<td width="10%"><b>Time (seconds)</b></td>
<td><b>Instance</b></td>
</tr>
<tr>
<td title='com.staff.qa.testcases.PlacementPageTest.VerifyAllPlacementCountInHeaderAndGrid()'><b>VerifyAllPlacementCountInHeaderAndGrid</b><br>Test class: com.staff.qa.testcases.PlacementPageTest</td>
<td></td>
<td>19</td>
<td>com.staff.qa.testcases.PlacementPageTest@589838eb</td></tr>
<tr>
<td title='com.staff.qa.testcases.PlacementPageTest.VerifyApprovedPlacementCountInHeaderAndGrid()'><b>VerifyApprovedPlacementCountInHeaderAndGrid</b><br>Test class: com.staff.qa.testcases.PlacementPageTest</td>
<td></td>
<td>20</td>
<td>com.staff.qa.testcases.PlacementPageTest@589838eb</td></tr>
<tr>
<td title='com.staff.qa.testcases.PlacementPageTest.VerifyBackedOutPlacementCountInHeaderAndGrid()'><b>VerifyBackedOutPlacementCountInHeaderAndGrid</b><br>Test class: com.staff.qa.testcases.PlacementPageTest</td>
<td></td>
<td>20</td>
<td>com.staff.qa.testcases.PlacementPageTest@589838eb</td></tr>
<tr>
<td title='com.staff.qa.testcases.PlacementPageTest.VerifyCandidateEndedPlacementCountInHeaderAndGrid()'><b>VerifyCandidateEndedPlacementCountInHeaderAndGrid</b><br>Test class: com.staff.qa.testcases.PlacementPageTest</td>
<td></td>
<td>20</td>
<td>com.staff.qa.testcases.PlacementPageTest@589838eb</td></tr>
<tr>
<td title='com.staff.qa.testcases.PlacementPageTest.VerifyCandidateOnBillingPlacementCountInHeaderAndGrid()'><b>VerifyCandidateOnBillingPlacementCountInHeaderAndGrid</b><br>Test class: com.staff.qa.testcases.PlacementPageTest</td>
<td></td>
<td>20</td>
<td>com.staff.qa.testcases.PlacementPageTest@589838eb</td></tr>
<tr>
<td title='com.staff.qa.testcases.PlacementPageTest.VerifyOpenPlacementCountInHeaderAndGrid()'><b>VerifyOpenPlacementCountInHeaderAndGrid</b><br>Test class: com.staff.qa.testcases.PlacementPageTest</td>
<td></td>
<td>16</td>
<td>com.staff.qa.testcases.PlacementPageTest@589838eb</td></tr>
<tr>
<td title='com.staff.qa.testcases.PlacementPageTest.VerifyPendingApprovalPlacementCountInHeaderAndGrid()'><b>VerifyPendingApprovalPlacementCountInHeaderAndGrid</b><br>Test class: com.staff.qa.testcases.PlacementPageTest</td>
<td></td>
<td>20</td>
<td>com.staff.qa.testcases.PlacementPageTest@589838eb</td></tr>
<tr>
<td title='com.staff.qa.testcases.PlacementPageTest.verifyAccountManagerSearchTextBoxFunOfPlacementForm()'><b>verifyAccountManagerSearchTextBoxFunOfPlacementForm</b><br>Test class: com.staff.qa.testcases.PlacementPageTest</td>
<td></td>
<td>46</td>
<td>com.staff.qa.testcases.PlacementPageTest@589838eb</td></tr>
<tr>
<td title='com.staff.qa.testcases.PlacementPageTest.verifyAddNoteFunctionality()'><b>verifyAddNoteFunctionality</b><br>Test class: com.staff.qa.testcases.PlacementPageTest</td>
<td></td>
<td>24</td>
<td>com.staff.qa.testcases.PlacementPageTest@589838eb</td></tr>
<tr>
<td title='com.staff.qa.testcases.PlacementPageTest.verifyApprovedFilterData()'><b>verifyApprovedFilterData</b><br>Test class: com.staff.qa.testcases.PlacementPageTest</td>
<td></td>
<td>21</td>
<td>com.staff.qa.testcases.PlacementPageTest@589838eb</td></tr>
<tr>
<td title='com.staff.qa.testcases.PlacementPageTest.verifyBackedOutFilterData()'><b>verifyBackedOutFilterData</b><br>Test class: com.staff.qa.testcases.PlacementPageTest</td>
<td></td>
<td>16</td>
<td>com.staff.qa.testcases.PlacementPageTest@589838eb</td></tr>
<tr>
<td title='com.staff.qa.testcases.PlacementPageTest.verifyCancelBtnFunOfAddNote()'><b>verifyCancelBtnFunOfAddNote</b><br>Test class: com.staff.qa.testcases.PlacementPageTest</td>
<td></td>
<td>20</td>
<td>com.staff.qa.testcases.PlacementPageTest@589838eb</td></tr>
<tr>
<td title='com.staff.qa.testcases.PlacementPageTest.verifyCancelButtonFunConsultantDetailsOfPlacementForm()'><b>verifyCancelButtonFunConsultantDetailsOfPlacementForm</b><br>Test class: com.staff.qa.testcases.PlacementPageTest</td>
<td></td>
<td>41</td>
<td>com.staff.qa.testcases.PlacementPageTest@589838eb</td></tr>
<tr>
<td title='com.staff.qa.testcases.PlacementPageTest.verifyCancelButtonFunGrossMarginOfPlacementForm()'><b>verifyCancelButtonFunGrossMarginOfPlacementForm</b><br>Test class: com.staff.qa.testcases.PlacementPageTest</td>
<td></td>
<td>30</td>
<td>com.staff.qa.testcases.PlacementPageTest@589838eb</td></tr>
<tr>
<td title='com.staff.qa.testcases.PlacementPageTest.verifyCandidateEndedFilterData()'><b>verifyCandidateEndedFilterData</b><br>Test class: com.staff.qa.testcases.PlacementPageTest</td>
<td></td>
<td>29</td>
<td>com.staff.qa.testcases.PlacementPageTest@589838eb</td></tr>
<tr>
<td title='com.staff.qa.testcases.PlacementPageTest.verifyCandidateOnBillingFilterData()'><b>verifyCandidateOnBillingFilterData</b><br>Test class: com.staff.qa.testcases.PlacementPageTest</td>
<td></td>
<td>49</td>
<td>com.staff.qa.testcases.PlacementPageTest@589838eb</td></tr>
<tr>
<td title='com.staff.qa.testcases.PlacementPageTest.verifyCompaniesFilterFunOfPlacementForm()'><b>verifyCompaniesFilterFunOfPlacementForm</b><br>Test class: com.staff.qa.testcases.PlacementPageTest</td>
<td></td>
<td>15</td>
<td>com.staff.qa.testcases.PlacementPageTest@589838eb</td></tr>
<tr>
<td title='com.staff.qa.testcases.PlacementPageTest.verifyCompaniesSearchTextBoxFunOfPlacementForm()'><b>verifyCompaniesSearchTextBoxFunOfPlacementForm</b><br>Test class: com.staff.qa.testcases.PlacementPageTest</td>
<td></td>
<td>16</td>
<td>com.staff.qa.testcases.PlacementPageTest@589838eb</td></tr>
<tr>
<td title='com.staff.qa.testcases.PlacementPageTest.verifyDownloadPlacementFormFunctionality()'><b>verifyDownloadPlacementFormFunctionality</b><br>Test class: com.staff.qa.testcases.PlacementPageTest</td>
<td></td>
<td>19</td>
<td>com.staff.qa.testcases.PlacementPageTest@589838eb</td></tr>
<tr>
<td title='com.staff.qa.testcases.PlacementPageTest.verifyEditGrossMarginOfPlacementFormFunctionality()'><b>verifyEditGrossMarginOfPlacementFormFunctionality</b><br>Test class: com.staff.qa.testcases.PlacementPageTest</td>
<td></td>
<td>34</td>
<td>com.staff.qa.testcases.PlacementPageTest@589838eb</td></tr>
<tr>
<td title='com.staff.qa.testcases.PlacementPageTest.verifyOpenFilterData()'><b>verifyOpenFilterData</b><br>Test class: com.staff.qa.testcases.PlacementPageTest</td>
<td></td>
<td>21</td>
<td>com.staff.qa.testcases.PlacementPageTest@589838eb</td></tr>
<tr>
<td title='com.staff.qa.testcases.PlacementPageTest.verifyPendingApprovalFilterData()'><b>verifyPendingApprovalFilterData</b><br>Test class: com.staff.qa.testcases.PlacementPageTest</td>
<td></td>
<td>19</td>
<td>com.staff.qa.testcases.PlacementPageTest@589838eb</td></tr>
<tr>
<td title='com.staff.qa.testcases.PlacementPageTest.verifyUserNavigateToConsultantPage()'><b>verifyUserNavigateToConsultantPage</b><br>Test class: com.staff.qa.testcases.PlacementPageTest</td>
<td></td>
<td>8</td>
<td>com.staff.qa.testcases.PlacementPageTest@589838eb</td></tr>
</table><p>
</body>
</html>