<?xml version="1.0" encoding="UTF-8"?>
<!-- Generated by org.testng.reporters.JUnitXMLReporter -->
<testsuite hostname="Vijay-CH" ignored="0" name="Test" tests="37" failures="14" timestamp="20 Dec 2019 09:29:13 GMT" time="1344.21" errors="0">
  <testcase name="verifyUserNavigateToConsultantPage" time="8.027" classname="com.staff.qa.testcases.PlacementPageTest"/>
  <testcase name="VerifyAllPlacementCountInHeaderAndGrid" time="19.432" classname="com.staff.qa.testcases.PlacementPageTest"/>
  <testcase name="VerifyOpenPlacementCountInHeaderAndGrid" time="16.943" classname="com.staff.qa.testcases.PlacementPageTest"/>
  <testcase name="VerifyPendingApprovalPlacementCountInHeaderAndGrid" time="20.509" classname="com.staff.qa.testcases.PlacementPageTest"/>
  <testcase name="VerifyApprovedPlacementCountInHeaderAndGrid" time="20.544" classname="com.staff.qa.testcases.PlacementPageTest"/>
  <testcase name="VerifyCandidateOnBillingPlacementCountInHeaderAndGrid" time="20.519" classname="com.staff.qa.testcases.PlacementPageTest"/>
  <testcase name="VerifyBackedOutPlacementCountInHeaderAndGrid" time="20.489" classname="com.staff.qa.testcases.PlacementPageTest"/>
  <testcase name="VerifyCandidateEndedPlacementCountInHeaderAndGrid" time="20.501" classname="com.staff.qa.testcases.PlacementPageTest"/>
  <testcase name="verifyPlacedConsultantAppearInPlacement_FromRequirement" time="35.204" classname="com.staff.qa.testcases.PlacementPageTest">
    <failure type="java.lang.AssertionError" message="null">
      <![CDATA[java.lang.AssertionError: null
at com.staff.qa.testcases.PlacementPageTest.verifyPlacedConsultantAppearInPlacement_FromRequirement(PlacementPageTest.java:356)
... Removed 27 stack frames]]>
    </failure>
  </testcase> <!-- verifyPlacedConsultantAppearInPlacement_FromRequirement -->
  <testcase name="verifyPlacedConsultantAppearInPlacement_FromConsultant" time="35.072" classname="com.staff.qa.testcases.PlacementPageTest">
    <failure type="java.lang.AssertionError" message="null">
      <![CDATA[java.lang.AssertionError: null
at com.staff.qa.testcases.PlacementPageTest.verifyPlacedConsultantAppearInPlacement_FromConsultant(PlacementPageTest.java:460)
... Removed 27 stack frames]]>
    </failure>
  </testcase> <!-- verifyPlacedConsultantAppearInPlacement_FromConsultant -->
  <testcase name="verifyBackedOutConsultantFunctionality" time="19.183" classname="com.staff.qa.testcases.PlacementPageTest">
    <failure type="java.lang.AssertionError" message="null">
      <![CDATA[java.lang.AssertionError: null
at com.staff.qa.testcases.PlacementPageTest.verifyBackedOutConsultantFunctionality(PlacementPageTest.java:524)
... Removed 27 stack frames]]>
    </failure>
  </testcase> <!-- verifyBackedOutConsultantFunctionality -->
  <testcase name="verifyBackedOutFilterData" time="16.38" classname="com.staff.qa.testcases.PlacementPageTest"/>
  <testcase name="verifyOpenFilterData" time="21.05" classname="com.staff.qa.testcases.PlacementPageTest"/>
  <testcase name="verifyPendingApprovalFilterData" time="19.376" classname="com.staff.qa.testcases.PlacementPageTest"/>
  <testcase name="verifyApprovedFilterData" time="21.568" classname="com.staff.qa.testcases.PlacementPageTest"/>
  <testcase name="verifyCandidateOnBillingFilterData" time="49.728" classname="com.staff.qa.testcases.PlacementPageTest"/>
  <testcase name="verifyCandidateEndedFilterData" time="29.839" classname="com.staff.qa.testcases.PlacementPageTest"/>
  <testcase name="verifyAddNoteFunctionality" time="24.518" classname="com.staff.qa.testcases.PlacementPageTest"/>
  <testcase name="verifyCancelBtnFunOfAddNote" time="20.172" classname="com.staff.qa.testcases.PlacementPageTest"/>
  <testcase name="verifyDownloadPlacementFormFunctionality" time="19.682" classname="com.staff.qa.testcases.PlacementPageTest"/>
  <testcase name="verifyEditClientAssignmentFieldsOfPlacementFormFunctionality" time="31.249" classname="com.staff.qa.testcases.PlacementPageTest">
    <failure type="java.lang.AssertionError" message="null">
      <![CDATA[java.lang.AssertionError: null
at com.staff.qa.testcases.PlacementPageTest.verifyEditClientAssignmentFieldsOfPlacementFormFunctionality(PlacementPageTest.java:945)
... Removed 27 stack frames]]>
    </failure>
  </testcase> <!-- verifyEditClientAssignmentFieldsOfPlacementFormFunctionality -->
  <testcase name="verifyEditConsultantDetailsOfPlacementFormFunctionality" time="29.616" classname="com.staff.qa.testcases.PlacementPageTest">
    <failure type="java.lang.AssertionError" message="null">
      <![CDATA[java.lang.AssertionError: null
at com.staff.qa.testcases.PlacementPageTest.verifyEditConsultantDetailsOfPlacementFormFunctionality(PlacementPageTest.java:1035)
... Removed 27 stack frames]]>
    </failure>
  </testcase> <!-- verifyEditConsultantDetailsOfPlacementFormFunctionality -->
  <testcase name="verifyEditGrossMarginOfPlacementFormFunctionality" time="34.205" classname="com.staff.qa.testcases.PlacementPageTest"/>
  <testcase name="verifyCancelButtonFunGrossMarginOfPlacementForm" time="30.925" classname="com.staff.qa.testcases.PlacementPageTest"/>
  <testcase name="verifyCancelButtonFunConsultantDetailsOfPlacementForm" time="41.979" classname="com.staff.qa.testcases.PlacementPageTest"/>
  <testcase name="verifyCancelButtonFunClientAssignmentOfPlacementForm" time="29.412" classname="com.staff.qa.testcases.PlacementPageTest">
    <failure type="java.lang.AssertionError" message="null">
      <![CDATA[java.lang.AssertionError: null
at com.staff.qa.testcases.PlacementPageTest.verifyCancelButtonFunClientAssignmentOfPlacementForm(PlacementPageTest.java:1226)
... Removed 27 stack frames]]>
    </failure>
  </testcase> <!-- verifyCancelButtonFunClientAssignmentOfPlacementForm -->
  <testcase name="verifyCompaniesSearchTextBoxFunOfPlacementForm" time="16.765" classname="com.staff.qa.testcases.PlacementPageTest"/>
  <testcase name="verifyCompaniesFilterFunOfPlacementForm" time="15.138" classname="com.staff.qa.testcases.PlacementPageTest"/>
  <testcase name="verifyCompaniesFilterFunOfPlacementForm1" time="20.227" classname="com.staff.qa.testcases.PlacementPageTest">
    <failure type="java.lang.AssertionError" message="null">
      <![CDATA[java.lang.AssertionError: null
at com.staff.qa.testcases.PlacementPageTest.verifyCompaniesFilterFunOfPlacementForm1(PlacementPageTest.java:1378)
... Removed 27 stack frames]]>
    </failure>
  </testcase> <!-- verifyCompaniesFilterFunOfPlacementForm1 -->
  <testcase name="verifyAccountManagerSearchTextBoxFunOfPlacementForm" time="46.268" classname="com.staff.qa.testcases.PlacementPageTest"/>
  <testcase name="verifyAccountMangerFilterFunOfPlacementForm" time="25.065" classname="com.staff.qa.testcases.PlacementPageTest">
    <failure type="java.lang.AssertionError" message="null">
      <![CDATA[java.lang.AssertionError: null
at com.staff.qa.testcases.PlacementPageTest.verifyAccountMangerFilterFunOfPlacementForm(PlacementPageTest.java:1465)
... Removed 27 stack frames]]>
    </failure>
  </testcase> <!-- verifyAccountMangerFilterFunOfPlacementForm -->
  <testcase name="verifyAccountManagerFilterFunOfPlacementForm1" time="74.359" classname="com.staff.qa.testcases.PlacementPageTest">
    <failure type="java.lang.AssertionError" message="expected [Open Placements (348)] but found [Open Placements (4)]">
      <![CDATA[java.lang.AssertionError: expected [Open Placements (348)] but found [Open Placements (4)]
at com.staff.qa.testcases.PlacementPageTest.verifyAccountManagerFilterFunOfPlacementForm1(PlacementPageTest.java:1521)
... Removed 31 stack frames]]>
    </failure>
  </testcase> <!-- verifyAccountManagerFilterFunOfPlacementForm1 -->
  <testcase name="verifyPlacementDateFilterFunOfPlacementForm" time="22.164" classname="com.staff.qa.testcases.PlacementPageTest">
    <failure type="java.lang.AssertionError" message="null">
      <![CDATA[java.lang.AssertionError: null
at com.staff.qa.testcases.PlacementPageTest.verifyPlacementDateFilterFunOfPlacementForm(PlacementPageTest.java:1601)
... Removed 27 stack frames]]>
    </failure>
  </testcase> <!-- verifyPlacementDateFilterFunOfPlacementForm -->
  <testcase name="verifyInitiateOfferFunctionality" time="49.355" classname="com.staff.qa.testcases.PlacementPageTest">
    <failure type="java.lang.AssertionError" message="null">
      <![CDATA[java.lang.AssertionError: null
at com.staff.qa.testcases.PlacementPageTest.verifyInitiateOfferFunctionality(PlacementPageTest.java:1833)
... Removed 27 stack frames]]>
    </failure>
  </testcase> <!-- verifyInitiateOfferFunctionality -->
  <testcase name="verifySubmitForApprovalFunctionality1" time="31.496" classname="com.staff.qa.testcases.PlacementPageTest">
    <failure type="java.lang.AssertionError" message="null">
      <![CDATA[java.lang.AssertionError: null
at com.staff.qa.testcases.PlacementPageTest.verifySubmitForApprovalFunctionality1(PlacementPageTest.java:2169)
... Removed 27 stack frames]]>
    </failure>
  </testcase> <!-- verifySubmitForApprovalFunctionality1 -->
  <testcase name="verifyApprovePlacementFunctionality_Validations" time="31.391" classname="com.staff.qa.testcases.PlacementPageTest">
    <failure type="java.lang.AssertionError" message="null">
      <![CDATA[java.lang.AssertionError: null
at com.staff.qa.testcases.PlacementPageTest.verifyApprovePlacementFunctionality_Validations(PlacementPageTest.java:2421)
... Removed 27 stack frames]]>
    </failure>
  </testcase> <!-- verifyApprovePlacementFunctionality_Validations -->
  <testcase name="verifyRejectPlacementFunctionality_Validations" time="64.873" classname="com.staff.qa.testcases.PlacementPageTest">
    <failure type="java.lang.AssertionError" message="null">
      <![CDATA[java.lang.AssertionError: null
at com.staff.qa.testcases.PlacementPageTest.verifyRejectPlacementFunctionality_Validations(PlacementPageTest.java:2479)
... Removed 27 stack frames]]>
    </failure>
  </testcase> <!-- verifyRejectPlacementFunctionality_Validations -->
</testsuite> <!-- Test -->
