<html>
<head>
<title>TestNG:  Test</title>
<link href="../testng.css" rel="stylesheet" type="text/css" />
<link href="../my-testng.css" rel="stylesheet" type="text/css" />

<style type="text/css">
.log { display: none;} 
.stack-trace { display: none;} 
</style>
<script type="text/javascript">
<!--
function flip(e) {
  current = e.style.display;
  if (current == 'block') {
    e.style.display = 'none';
    return 0;
  }
  else {
    e.style.display = 'block';
    return 1;
  }
}

function toggleBox(szDivId, elem, msg1, msg2)
{
  var res = -1;  if (document.getElementById) {
    res = flip(document.getElementById(szDivId));
  }
  else if (document.all) {
    // this is the way old msie versions work
    res = flip(document.all[szDivId]);
  }
  if(elem) {
    if(res == 0) elem.innerHTML = msg1; else elem.innerHTML = msg2;
  }

}

function toggleAllBoxes() {
  if (document.getElementsByTagName) {
    d = document.getElementsByTagName('div');
    for (i = 0; i < d.length; i++) {
      if (d[i].className == 'log') {
        flip(d[i]);
      }
    }
  }
}

// -->
</script>

</head>
<body>
<h2 align='center'>Test</h2><table border='1' align="center">
<tr>
<td>Tests passed/Failed/Skipped:</td><td>27/6/1</td>
</tr><tr>
<td>Started on:</td><td>Fri Dec 06 13:04:16 IST 2019</td>
</tr>
<tr><td>Total time:</td><td>1147 seconds (1147866 ms)</td>
</tr><tr>
<td>Included groups:</td><td></td>
</tr><tr>
<td>Excluded groups:</td><td></td>
</tr>
</table><p/>
<small><i>(Hover the method name to see the test class name)</i></small><p/>
<table width='100%' border='1' class='invocation-failed'>
<tr><td colspan='4' align='center'><b>FAILED TESTS</b></td></tr>
<tr><td><b>Test method</b></td>
<td width="30%"><b>Exception</b></td>
<td width="10%"><b>Time (seconds)</b></td>
<td><b>Instance</b></td>
</tr>
<tr>
<td title='com.staff.qa.testcases.ConsultantPageTest.verifyAddNewConsultant()'><b>verifyAddNewConsultant</b><br>Test class: com.staff.qa.testcases.ConsultantPageTest<br>Parameters: Santosh, Gopi Pillai, Santosh0021@gmail.com, , 61.17, Hourly, 2017, Oct, 1, Immediately , Bay Area Or North, Hourly W2, EMPLOYEE, H1B, United States, California, Acton, Dummy employee, , , </td>
<td><div><pre>java.lang.AssertionError: null
	at com.staff.qa.testcases.ConsultantPageTest.verifyAddNewConsultant(ConsultantPageTest.java:216)
... Removed 30 stack frames</pre></div><a href='#' onClick='toggleBox("stack-trace118504112", this, "Click to show all stack frames", "Click to hide stack frames")'>Click to show all stack frames</a>
<div class='stack-trace' id='stack-trace118504112'><pre>java.lang.AssertionError: null
	at org.testng.Assert.fail(Assert.java:96)
	at org.testng.Assert.fail(Assert.java:103)
	at com.staff.qa.testcases.ConsultantPageTest.verifyAddNewConsultant(ConsultantPageTest.java:216)
	at sun.reflect.NativeMethodAccessorImpl.invoke0(Native Method)
	at sun.reflect.NativeMethodAccessorImpl.invoke(NativeMethodAccessorImpl.java:62)
	at sun.reflect.DelegatingMethodAccessorImpl.invoke(DelegatingMethodAccessorImpl.java:43)
	at java.lang.reflect.Method.invoke(Method.java:498)
	at org.testng.internal.MethodInvocationHelper.invokeMethod(MethodInvocationHelper.java:124)
	at org.testng.internal.Invoker.invokeMethod(Invoker.java:580)
	at org.testng.internal.Invoker.invokeTestMethod(Invoker.java:716)
	at org.testng.internal.Invoker.invokeTestMethods(Invoker.java:988)
	at org.testng.internal.TestMethodWorker.invokeTestMethods(TestMethodWorker.java:125)
	at org.testng.internal.TestMethodWorker.run(TestMethodWorker.java:109)
	at org.testng.TestRunner.privateRun(TestRunner.java:648)
	at org.testng.TestRunner.run(TestRunner.java:505)
	at org.testng.SuiteRunner.runTest(SuiteRunner.java:455)
	at org.testng.SuiteRunner.runSequentially(SuiteRunner.java:450)
	at org.testng.SuiteRunner.privateRun(SuiteRunner.java:415)
	at org.testng.SuiteRunner.run(SuiteRunner.java:364)
	at org.testng.SuiteRunnerWorker.runSuite(SuiteRunnerWorker.java:52)
	at org.testng.SuiteRunnerWorker.run(SuiteRunnerWorker.java:84)
	at org.testng.TestNG.runSuitesSequentially(TestNG.java:1208)
	at org.testng.TestNG.runSuitesLocally(TestNG.java:1137)
	at org.testng.TestNG.runSuites(TestNG.java:1049)
	at org.testng.TestNG.run(TestNG.java:1017)
	at org.apache.maven.surefire.testng.TestNGExecutor.run(TestNGExecutor.java:281)
	at org.apache.maven.surefire.testng.TestNGXmlTestSuite.execute(TestNGXmlTestSuite.java:75)
	at org.apache.maven.surefire.testng.TestNGProvider.invoke(TestNGProvider.java:121)
	at org.apache.maven.surefire.booter.ForkedBooter.invokeProviderInSameClassLoader(ForkedBooter.java:290)
	at org.apache.maven.surefire.booter.ForkedBooter.runSuitesInProcess(ForkedBooter.java:242)
	at org.apache.maven.surefire.booter.ForkedBooter.main(ForkedBooter.java:121)
</pre></div></td>
<td>104</td>
<td>com.staff.qa.testcases.ConsultantPageTest@68837a77</td></tr>
<tr>
<td title='com.staff.qa.testcases.ConsultantPageTest.verifyDownloadResumeFunctionality()'><b>verifyDownloadResumeFunctionality</b><br>Test class: com.staff.qa.testcases.ConsultantPageTest</td>
<td><div><pre>java.lang.AssertionError: null
	at com.staff.qa.testcases.ConsultantPageTest.verifyDownloadResumeFunctionality(ConsultantPageTest.java:783)
... Removed 30 stack frames</pre></div><a href='#' onClick='toggleBox("stack-trace1036283684", this, "Click to show all stack frames", "Click to hide stack frames")'>Click to show all stack frames</a>
<div class='stack-trace' id='stack-trace1036283684'><pre>java.lang.AssertionError: null
	at org.testng.Assert.fail(Assert.java:96)
	at org.testng.Assert.fail(Assert.java:103)
	at com.staff.qa.testcases.ConsultantPageTest.verifyDownloadResumeFunctionality(ConsultantPageTest.java:783)
	at sun.reflect.NativeMethodAccessorImpl.invoke0(Native Method)
	at sun.reflect.NativeMethodAccessorImpl.invoke(NativeMethodAccessorImpl.java:62)
	at sun.reflect.DelegatingMethodAccessorImpl.invoke(DelegatingMethodAccessorImpl.java:43)
	at java.lang.reflect.Method.invoke(Method.java:498)
	at org.testng.internal.MethodInvocationHelper.invokeMethod(MethodInvocationHelper.java:124)
	at org.testng.internal.Invoker.invokeMethod(Invoker.java:580)
	at org.testng.internal.Invoker.invokeTestMethod(Invoker.java:716)
	at org.testng.internal.Invoker.invokeTestMethods(Invoker.java:988)
	at org.testng.internal.TestMethodWorker.invokeTestMethods(TestMethodWorker.java:125)
	at org.testng.internal.TestMethodWorker.run(TestMethodWorker.java:109)
	at org.testng.TestRunner.privateRun(TestRunner.java:648)
	at org.testng.TestRunner.run(TestRunner.java:505)
	at org.testng.SuiteRunner.runTest(SuiteRunner.java:455)
	at org.testng.SuiteRunner.runSequentially(SuiteRunner.java:450)
	at org.testng.SuiteRunner.privateRun(SuiteRunner.java:415)
	at org.testng.SuiteRunner.run(SuiteRunner.java:364)
	at org.testng.SuiteRunnerWorker.runSuite(SuiteRunnerWorker.java:52)
	at org.testng.SuiteRunnerWorker.run(SuiteRunnerWorker.java:84)
	at org.testng.TestNG.runSuitesSequentially(TestNG.java:1208)
	at org.testng.TestNG.runSuitesLocally(TestNG.java:1137)
	at org.testng.TestNG.runSuites(TestNG.java:1049)
	at org.testng.TestNG.run(TestNG.java:1017)
	at org.apache.maven.surefire.testng.TestNGExecutor.run(TestNGExecutor.java:281)
	at org.apache.maven.surefire.testng.TestNGXmlTestSuite.execute(TestNGXmlTestSuite.java:75)
	at org.apache.maven.surefire.testng.TestNGProvider.invoke(TestNGProvider.java:121)
	at org.apache.maven.surefire.booter.ForkedBooter.invokeProviderInSameClassLoader(ForkedBooter.java:290)
	at org.apache.maven.surefire.booter.ForkedBooter.runSuitesInProcess(ForkedBooter.java:242)
	at org.apache.maven.surefire.booter.ForkedBooter.main(ForkedBooter.java:121)
</pre></div></td>
<td>37</td>
<td>com.staff.qa.testcases.ConsultantPageTest@68837a77</td></tr>
<tr>
<td title='com.staff.qa.testcases.ConsultantPageTest.verifyDuplicateConsultant()'><b>verifyDuplicateConsultant</b><br>Test class: com.staff.qa.testcases.ConsultantPageTest<br>Parameters: Santosh, Gopi Pillai, Santosh0021@gmail.com, , 61.17, Hourly, 2017, Oct, 1, Immediately , Bay Area Or North, Hourly W2, EMPLOYEE, H1B, United States, California, Acton, Dummy employee, , , </td>
<td><div><pre>java.lang.AssertionError: expected [Consultant is already exists with same email-id. Duplicate Consultant can not be created.] but found [Consultant (ID:-Cons-669770) Added Successfully]
	at com.staff.qa.testcases.ConsultantPageTest.verifyDuplicateConsultant(ConsultantPageTest.java:285)
... Removed 34 stack frames</pre></div><a href='#' onClick='toggleBox("stack-trace816918962", this, "Click to show all stack frames", "Click to hide stack frames")'>Click to show all stack frames</a>
<div class='stack-trace' id='stack-trace816918962'><pre>java.lang.AssertionError: expected [Consultant is already exists with same email-id. Duplicate Consultant can not be created.] but found [Consultant (ID:-Cons-669770) Added Successfully]
	at org.testng.Assert.fail(Assert.java:96)
	at org.testng.Assert.failNotEquals(Assert.java:776)
	at org.testng.Assert.assertEqualsImpl(Assert.java:137)
	at org.testng.Assert.assertEquals(Assert.java:118)
	at org.testng.Assert.assertEquals(Assert.java:453)
	at org.testng.Assert.assertEquals(Assert.java:463)
	at com.staff.qa.testcases.ConsultantPageTest.verifyDuplicateConsultant(ConsultantPageTest.java:285)
	at sun.reflect.NativeMethodAccessorImpl.invoke0(Native Method)
	at sun.reflect.NativeMethodAccessorImpl.invoke(NativeMethodAccessorImpl.java:62)
	at sun.reflect.DelegatingMethodAccessorImpl.invoke(DelegatingMethodAccessorImpl.java:43)
	at java.lang.reflect.Method.invoke(Method.java:498)
	at org.testng.internal.MethodInvocationHelper.invokeMethod(MethodInvocationHelper.java:124)
	at org.testng.internal.Invoker.invokeMethod(Invoker.java:580)
	at org.testng.internal.Invoker.invokeTestMethod(Invoker.java:716)
	at org.testng.internal.Invoker.invokeTestMethods(Invoker.java:988)
	at org.testng.internal.TestMethodWorker.invokeTestMethods(TestMethodWorker.java:125)
	at org.testng.internal.TestMethodWorker.run(TestMethodWorker.java:109)
	at org.testng.TestRunner.privateRun(TestRunner.java:648)
	at org.testng.TestRunner.run(TestRunner.java:505)
	at org.testng.SuiteRunner.runTest(SuiteRunner.java:455)
	at org.testng.SuiteRunner.runSequentially(SuiteRunner.java:450)
	at org.testng.SuiteRunner.privateRun(SuiteRunner.java:415)
	at org.testng.SuiteRunner.run(SuiteRunner.java:364)
	at org.testng.SuiteRunnerWorker.runSuite(SuiteRunnerWorker.java:52)
	at org.testng.SuiteRunnerWorker.run(SuiteRunnerWorker.java:84)
	at org.testng.TestNG.runSuitesSequentially(TestNG.java:1208)
	at org.testng.TestNG.runSuitesLocally(TestNG.java:1137)
	at org.testng.TestNG.runSuites(TestNG.java:1049)
	at org.testng.TestNG.run(TestNG.java:1017)
	at org.apache.maven.surefire.testng.TestNGExecutor.run(TestNGExecutor.java:281)
	at org.apache.maven.surefire.testng.TestNGXmlTestSuite.execute(TestNGXmlTestSuite.java:75)
	at org.apache.maven.surefire.testng.TestNGProvider.invoke(TestNGProvider.java:121)
	at org.apache.maven.surefire.booter.ForkedBooter.invokeProviderInSameClassLoader(ForkedBooter.java:290)
	at org.apache.maven.surefire.booter.ForkedBooter.runSuitesInProcess(ForkedBooter.java:242)
	at org.apache.maven.surefire.booter.ForkedBooter.main(ForkedBooter.java:121)
</pre></div></td>
<td>74</td>
<td>com.staff.qa.testcases.ConsultantPageTest@68837a77</td></tr>
<tr>
<td title='com.staff.qa.testcases.ConsultantPageTest.verifyUn_ArchiveFunctionality()'><b>verifyUn_ArchiveFunctionality</b><br>Test class: com.staff.qa.testcases.ConsultantPageTest</td>
<td><div><pre>java.lang.AssertionError: null
	at com.staff.qa.testcases.ConsultantPageTest.verifyUn_ArchiveFunctionality(ConsultantPageTest.java:1020)
... Removed 30 stack frames</pre></div><a href='#' onClick='toggleBox("stack-trace707108719", this, "Click to show all stack frames", "Click to hide stack frames")'>Click to show all stack frames</a>
<div class='stack-trace' id='stack-trace707108719'><pre>java.lang.AssertionError: null
	at org.testng.Assert.fail(Assert.java:96)
	at org.testng.Assert.fail(Assert.java:103)
	at com.staff.qa.testcases.ConsultantPageTest.verifyUn_ArchiveFunctionality(ConsultantPageTest.java:1020)
	at sun.reflect.NativeMethodAccessorImpl.invoke0(Native Method)
	at sun.reflect.NativeMethodAccessorImpl.invoke(NativeMethodAccessorImpl.java:62)
	at sun.reflect.DelegatingMethodAccessorImpl.invoke(DelegatingMethodAccessorImpl.java:43)
	at java.lang.reflect.Method.invoke(Method.java:498)
	at org.testng.internal.MethodInvocationHelper.invokeMethod(MethodInvocationHelper.java:124)
	at org.testng.internal.Invoker.invokeMethod(Invoker.java:580)
	at org.testng.internal.Invoker.invokeTestMethod(Invoker.java:716)
	at org.testng.internal.Invoker.invokeTestMethods(Invoker.java:988)
	at org.testng.internal.TestMethodWorker.invokeTestMethods(TestMethodWorker.java:125)
	at org.testng.internal.TestMethodWorker.run(TestMethodWorker.java:109)
	at org.testng.TestRunner.privateRun(TestRunner.java:648)
	at org.testng.TestRunner.run(TestRunner.java:505)
	at org.testng.SuiteRunner.runTest(SuiteRunner.java:455)
	at org.testng.SuiteRunner.runSequentially(SuiteRunner.java:450)
	at org.testng.SuiteRunner.privateRun(SuiteRunner.java:415)
	at org.testng.SuiteRunner.run(SuiteRunner.java:364)
	at org.testng.SuiteRunnerWorker.runSuite(SuiteRunnerWorker.java:52)
	at org.testng.SuiteRunnerWorker.run(SuiteRunnerWorker.java:84)
	at org.testng.TestNG.runSuitesSequentially(TestNG.java:1208)
	at org.testng.TestNG.runSuitesLocally(TestNG.java:1137)
	at org.testng.TestNG.runSuites(TestNG.java:1049)
	at org.testng.TestNG.run(TestNG.java:1017)
	at org.apache.maven.surefire.testng.TestNGExecutor.run(TestNGExecutor.java:281)
	at org.apache.maven.surefire.testng.TestNGXmlTestSuite.execute(TestNGXmlTestSuite.java:75)
	at org.apache.maven.surefire.testng.TestNGProvider.invoke(TestNGProvider.java:121)
	at org.apache.maven.surefire.booter.ForkedBooter.invokeProviderInSameClassLoader(ForkedBooter.java:290)
	at org.apache.maven.surefire.booter.ForkedBooter.runSuitesInProcess(ForkedBooter.java:242)
	at org.apache.maven.surefire.booter.ForkedBooter.main(ForkedBooter.java:121)
</pre></div></td>
<td>34</td>
<td>com.staff.qa.testcases.ConsultantPageTest@68837a77</td></tr>
<tr>
<td title='com.staff.qa.testcases.ConsultantPageTest.verifyUploadDocumentAppearInGrid()'><b>verifyUploadDocumentAppearInGrid</b><br>Test class: com.staff.qa.testcases.ConsultantPageTest</td>
<td><div><pre>java.lang.AssertionError: null
	at com.staff.qa.testcases.ConsultantPageTest.verifyUploadDocumentAppearInGrid(ConsultantPageTest.java:614)
... Removed 30 stack frames</pre></div><a href='#' onClick='toggleBox("stack-trace2047521920", this, "Click to show all stack frames", "Click to hide stack frames")'>Click to show all stack frames</a>
<div class='stack-trace' id='stack-trace2047521920'><pre>java.lang.AssertionError: null
	at org.testng.Assert.fail(Assert.java:96)
	at org.testng.Assert.fail(Assert.java:103)
	at com.staff.qa.testcases.ConsultantPageTest.verifyUploadDocumentAppearInGrid(ConsultantPageTest.java:614)
	at sun.reflect.NativeMethodAccessorImpl.invoke0(Native Method)
	at sun.reflect.NativeMethodAccessorImpl.invoke(NativeMethodAccessorImpl.java:62)
	at sun.reflect.DelegatingMethodAccessorImpl.invoke(DelegatingMethodAccessorImpl.java:43)
	at java.lang.reflect.Method.invoke(Method.java:498)
	at org.testng.internal.MethodInvocationHelper.invokeMethod(MethodInvocationHelper.java:124)
	at org.testng.internal.Invoker.invokeMethod(Invoker.java:580)
	at org.testng.internal.Invoker.invokeTestMethod(Invoker.java:716)
	at org.testng.internal.Invoker.invokeTestMethods(Invoker.java:988)
	at org.testng.internal.TestMethodWorker.invokeTestMethods(TestMethodWorker.java:125)
	at org.testng.internal.TestMethodWorker.run(TestMethodWorker.java:109)
	at org.testng.TestRunner.privateRun(TestRunner.java:648)
	at org.testng.TestRunner.run(TestRunner.java:505)
	at org.testng.SuiteRunner.runTest(SuiteRunner.java:455)
	at org.testng.SuiteRunner.runSequentially(SuiteRunner.java:450)
	at org.testng.SuiteRunner.privateRun(SuiteRunner.java:415)
	at org.testng.SuiteRunner.run(SuiteRunner.java:364)
	at org.testng.SuiteRunnerWorker.runSuite(SuiteRunnerWorker.java:52)
	at org.testng.SuiteRunnerWorker.run(SuiteRunnerWorker.java:84)
	at org.testng.TestNG.runSuitesSequentially(TestNG.java:1208)
	at org.testng.TestNG.runSuitesLocally(TestNG.java:1137)
	at org.testng.TestNG.runSuites(TestNG.java:1049)
	at org.testng.TestNG.run(TestNG.java:1017)
	at org.apache.maven.surefire.testng.TestNGExecutor.run(TestNGExecutor.java:281)
	at org.apache.maven.surefire.testng.TestNGXmlTestSuite.execute(TestNGXmlTestSuite.java:75)
	at org.apache.maven.surefire.testng.TestNGProvider.invoke(TestNGProvider.java:121)
	at org.apache.maven.surefire.booter.ForkedBooter.invokeProviderInSameClassLoader(ForkedBooter.java:290)
	at org.apache.maven.surefire.booter.ForkedBooter.runSuitesInProcess(ForkedBooter.java:242)
	at org.apache.maven.surefire.booter.ForkedBooter.main(ForkedBooter.java:121)
</pre></div></td>
<td>50</td>
<td>com.staff.qa.testcases.ConsultantPageTest@68837a77</td></tr>
<tr>
<td title='com.staff.qa.testcases.ConsultantPageTest.verifyUploadDocumentFunctionality()'><b>verifyUploadDocumentFunctionality</b><br>Test class: com.staff.qa.testcases.ConsultantPageTest</td>
<td><div><pre>java.lang.AssertionError: expected [Upload Document Record created successfully] but found [Please select file before clicking on upload]
	at com.staff.qa.testcases.ConsultantPageTest.verifyUploadDocumentFunctionality(ConsultantPageTest.java:559)
... Removed 34 stack frames</pre></div><a href='#' onClick='toggleBox("stack-trace1541019006", this, "Click to show all stack frames", "Click to hide stack frames")'>Click to show all stack frames</a>
<div class='stack-trace' id='stack-trace1541019006'><pre>java.lang.AssertionError: expected [Upload Document Record created successfully] but found [Please select file before clicking on upload]
	at org.testng.Assert.fail(Assert.java:96)
	at org.testng.Assert.failNotEquals(Assert.java:776)
	at org.testng.Assert.assertEqualsImpl(Assert.java:137)
	at org.testng.Assert.assertEquals(Assert.java:118)
	at org.testng.Assert.assertEquals(Assert.java:453)
	at org.testng.Assert.assertEquals(Assert.java:463)
	at com.staff.qa.testcases.ConsultantPageTest.verifyUploadDocumentFunctionality(ConsultantPageTest.java:559)
	at sun.reflect.NativeMethodAccessorImpl.invoke0(Native Method)
	at sun.reflect.NativeMethodAccessorImpl.invoke(NativeMethodAccessorImpl.java:62)
	at sun.reflect.DelegatingMethodAccessorImpl.invoke(DelegatingMethodAccessorImpl.java:43)
	at java.lang.reflect.Method.invoke(Method.java:498)
	at org.testng.internal.MethodInvocationHelper.invokeMethod(MethodInvocationHelper.java:124)
	at org.testng.internal.Invoker.invokeMethod(Invoker.java:580)
	at org.testng.internal.Invoker.invokeTestMethod(Invoker.java:716)
	at org.testng.internal.Invoker.invokeTestMethods(Invoker.java:988)
	at org.testng.internal.TestMethodWorker.invokeTestMethods(TestMethodWorker.java:125)
	at org.testng.internal.TestMethodWorker.run(TestMethodWorker.java:109)
	at org.testng.TestRunner.privateRun(TestRunner.java:648)
	at org.testng.TestRunner.run(TestRunner.java:505)
	at org.testng.SuiteRunner.runTest(SuiteRunner.java:455)
	at org.testng.SuiteRunner.runSequentially(SuiteRunner.java:450)
	at org.testng.SuiteRunner.privateRun(SuiteRunner.java:415)
	at org.testng.SuiteRunner.run(SuiteRunner.java:364)
	at org.testng.SuiteRunnerWorker.runSuite(SuiteRunnerWorker.java:52)
	at org.testng.SuiteRunnerWorker.run(SuiteRunnerWorker.java:84)
	at org.testng.TestNG.runSuitesSequentially(TestNG.java:1208)
	at org.testng.TestNG.runSuitesLocally(TestNG.java:1137)
	at org.testng.TestNG.runSuites(TestNG.java:1049)
	at org.testng.TestNG.run(TestNG.java:1017)
	at org.apache.maven.surefire.testng.TestNGExecutor.run(TestNGExecutor.java:281)
	at org.apache.maven.surefire.testng.TestNGXmlTestSuite.execute(TestNGXmlTestSuite.java:75)
	at org.apache.maven.surefire.testng.TestNGProvider.invoke(TestNGProvider.java:121)
	at org.apache.maven.surefire.booter.ForkedBooter.invokeProviderInSameClassLoader(ForkedBooter.java:290)
	at org.apache.maven.surefire.booter.ForkedBooter.runSuitesInProcess(ForkedBooter.java:242)
	at org.apache.maven.surefire.booter.ForkedBooter.main(ForkedBooter.java:121)
</pre></div></td>
<td>28</td>
<td>com.staff.qa.testcases.ConsultantPageTest@68837a77</td></tr>
</table><p>
<table width='100%' border='1' class='invocation-passed'>
<tr><td colspan='4' align='center'><b>PASSED TESTS</b></td></tr>
<tr><td><b>Test method</b></td>
<td width="30%"><b>Exception</b></td>
<td width="10%"><b>Time (seconds)</b></td>
<td><b>Instance</b></td>
</tr>
<tr>
<td title='com.staff.qa.testcases.ConsultantPageTest.getAllCount()'><b>getAllCount</b><br>Test class: com.staff.qa.testcases.ConsultantPageTest</td>
<td></td>
<td>11</td>
<td>com.staff.qa.testcases.ConsultantPageTest@68837a77</td></tr>
<tr>
<td title='com.staff.qa.testcases.ConsultantPageTest.getArchivedCount()'><b>getArchivedCount</b><br>Test class: com.staff.qa.testcases.ConsultantPageTest</td>
<td></td>
<td>9</td>
<td>com.staff.qa.testcases.ConsultantPageTest@68837a77</td></tr>
<tr>
<td title='com.staff.qa.testcases.ConsultantPageTest.getAvailableCount()'><b>getAvailableCount</b><br>Test class: com.staff.qa.testcases.ConsultantPageTest</td>
<td></td>
<td>5</td>
<td>com.staff.qa.testcases.ConsultantPageTest@68837a77</td></tr>
<tr>
<td title='com.staff.qa.testcases.ConsultantPageTest.getQualifiedCount()'><b>getQualifiedCount</b><br>Test class: com.staff.qa.testcases.ConsultantPageTest</td>
<td></td>
<td>9</td>
<td>com.staff.qa.testcases.ConsultantPageTest@68837a77</td></tr>
<tr>
<td title='com.staff.qa.testcases.ConsultantPageTest.verifyAddNewConsulatantFormDisplayed()'><b>verifyAddNewConsulatantFormDisplayed</b><br>Test class: com.staff.qa.testcases.ConsultantPageTest</td>
<td></td>
<td>15</td>
<td>com.staff.qa.testcases.ConsultantPageTest@68837a77</td></tr>
<tr>
<td title='com.staff.qa.testcases.ConsultantPageTest.verifyAddNoteFunctionality()'><b>verifyAddNoteFunctionality</b><br>Test class: com.staff.qa.testcases.ConsultantPageTest</td>
<td></td>
<td>17</td>
<td>com.staff.qa.testcases.ConsultantPageTest@68837a77</td></tr>
<tr>
<td title='com.staff.qa.testcases.ConsultantPageTest.verifyArchiveFunctionality()'><b>verifyArchiveFunctionality</b><br>Test class: com.staff.qa.testcases.ConsultantPageTest</td>
<td></td>
<td>15</td>
<td>com.staff.qa.testcases.ConsultantPageTest@68837a77</td></tr>
<tr>
<td title='com.staff.qa.testcases.ConsultantPageTest.verifyArchivedConsultantMapToRequirement()'><b>verifyArchivedConsultantMapToRequirement</b><br>Test class: com.staff.qa.testcases.ConsultantPageTest</td>
<td></td>
<td>26</td>
<td>com.staff.qa.testcases.ConsultantPageTest@68837a77</td></tr>
<tr>
<td title='com.staff.qa.testcases.ConsultantPageTest.verifyCancelBtnFunOfAddNote()'><b>verifyCancelBtnFunOfAddNote</b><br>Test class: com.staff.qa.testcases.ConsultantPageTest</td>
<td></td>
<td>11</td>
<td>com.staff.qa.testcases.ConsultantPageTest@68837a77</td></tr>
<tr>
<td title='com.staff.qa.testcases.ConsultantPageTest.verifyCancelBtnFunOfScheduleMeetingPopUp()'><b>verifyCancelBtnFunOfScheduleMeetingPopUp</b><br>Test class: com.staff.qa.testcases.ConsultantPageTest</td>
<td></td>
<td>10</td>
<td>com.staff.qa.testcases.ConsultantPageTest@68837a77</td></tr>
<tr>
<td title='com.staff.qa.testcases.ConsultantPageTest.verifyCancelButtonFunOfSetStatusPopUp()'><b>verifyCancelButtonFunOfSetStatusPopUp</b><br>Test class: com.staff.qa.testcases.ConsultantPageTest</td>
<td></td>
<td>23</td>
<td>com.staff.qa.testcases.ConsultantPageTest@68837a77</td></tr>
<tr>
<td title='com.staff.qa.testcases.ConsultantPageTest.verifyCancelButtonFunctionalityOfEmail()'><b>verifyCancelButtonFunctionalityOfEmail</b><br>Test class: com.staff.qa.testcases.ConsultantPageTest</td>
<td></td>
<td>11</td>
<td>com.staff.qa.testcases.ConsultantPageTest@68837a77</td></tr>
<tr>
<td title='com.staff.qa.testcases.ConsultantPageTest.verifyCancelFunctionalityOfLinkRequirement()'><b>verifyCancelFunctionalityOfLinkRequirement</b><br>Test class: com.staff.qa.testcases.ConsultantPageTest</td>
<td></td>
<td>18</td>
<td>com.staff.qa.testcases.ConsultantPageTest@68837a77</td></tr>
<tr>
<td title='com.staff.qa.testcases.ConsultantPageTest.verifyDeleteRecentStatusFunctionality()'><b>verifyDeleteRecentStatusFunctionality</b><br>Test class: com.staff.qa.testcases.ConsultantPageTest</td>
<td></td>
<td>22</td>
<td>com.staff.qa.testcases.ConsultantPageTest@68837a77</td></tr>
<tr>
<td title='com.staff.qa.testcases.ConsultantPageTest.verifyDownloadUploadedDocument()'><b>verifyDownloadUploadedDocument</b><br>Test class: com.staff.qa.testcases.ConsultantPageTest</td>
<td></td>
<td>19</td>
<td>com.staff.qa.testcases.ConsultantPageTest@68837a77</td></tr>
<tr>
<td title='com.staff.qa.testcases.ConsultantPageTest.verifyEmailFunctionality()'><b>verifyEmailFunctionality</b><br>Test class: com.staff.qa.testcases.ConsultantPageTest</td>
<td></td>
<td>17</td>
<td>com.staff.qa.testcases.ConsultantPageTest@68837a77</td></tr>
<tr>
<td title='com.staff.qa.testcases.ConsultantPageTest.verifyFunctionalityOfCancelButton()'><b>verifyFunctionalityOfCancelButton</b><br>Test class: com.staff.qa.testcases.ConsultantPageTest</td>
<td></td>
<td>17</td>
<td>com.staff.qa.testcases.ConsultantPageTest@68837a77</td></tr>
<tr>
<td title='com.staff.qa.testcases.ConsultantPageTest.verifyLinkRequirementToConsultant()'><b>verifyLinkRequirementToConsultant</b><br>Test class: com.staff.qa.testcases.ConsultantPageTest</td>
<td></td>
<td>24</td>
<td>com.staff.qa.testcases.ConsultantPageTest@68837a77</td></tr>
<tr>
<td title='com.staff.qa.testcases.ConsultantPageTest.verifyLinkRequirementToConsultant_alreadyExists()'><b>verifyLinkRequirementToConsultant_alreadyExists</b><br>Test class: com.staff.qa.testcases.ConsultantPageTest</td>
<td></td>
<td>28</td>
<td>com.staff.qa.testcases.ConsultantPageTest@68837a77</td></tr>
<tr>
<td title='com.staff.qa.testcases.ConsultantPageTest.verifyNavigateToScheduleMeetingPopUp()'><b>verifyNavigateToScheduleMeetingPopUp</b><br>Test class: com.staff.qa.testcases.ConsultantPageTest</td>
<td></td>
<td>11</td>
<td>com.staff.qa.testcases.ConsultantPageTest@68837a77</td></tr>
<tr>
<td title='com.staff.qa.testcases.ConsultantPageTest.verifyPageLable()'><b>verifyPageLable</b><br>Test class: com.staff.qa.testcases.ConsultantPageTest</td>
<td></td>
<td>4</td>
<td>com.staff.qa.testcases.ConsultantPageTest@68837a77</td></tr>
<tr>
<td title='com.staff.qa.testcases.ConsultantPageTest.verifyScheduleMeetingFunctionality()'><b>verifyScheduleMeetingFunctionality</b><br>Test class: com.staff.qa.testcases.ConsultantPageTest</td>
<td></td>
<td>40</td>
<td>com.staff.qa.testcases.ConsultantPageTest@68837a77</td></tr>
<tr>
<td title='com.staff.qa.testcases.ConsultantPageTest.verifySetTheStatusToConsultant()'><b>verifySetTheStatusToConsultant</b><br>Test class: com.staff.qa.testcases.ConsultantPageTest</td>
<td></td>
<td>57</td>
<td>com.staff.qa.testcases.ConsultantPageTest@68837a77</td></tr>
<tr>
<td title='com.staff.qa.testcases.ConsultantPageTest.verifyUserNavigateToConsultantPage()'><b>verifyUserNavigateToConsultantPage</b><br>Test class: com.staff.qa.testcases.ConsultantPageTest</td>
<td></td>
<td>2</td>
<td>com.staff.qa.testcases.ConsultantPageTest@68837a77</td></tr>
<tr>
<td title='com.staff.qa.testcases.ConsultantPageTest.verifyValidationForEmailSubject()'><b>verifyValidationForEmailSubject</b><br>Test class: com.staff.qa.testcases.ConsultantPageTest</td>
<td></td>
<td>13</td>
<td>com.staff.qa.testcases.ConsultantPageTest@68837a77</td></tr>
<tr>
<td title='com.staff.qa.testcases.ConsultantPageTest.verifyValidationsInScheduleMeetingPopUp()'><b>verifyValidationsInScheduleMeetingPopUp</b><br>Test class: com.staff.qa.testcases.ConsultantPageTest</td>
<td></td>
<td>10</td>
<td>com.staff.qa.testcases.ConsultantPageTest@68837a77</td></tr>
<tr>
<td title='com.staff.qa.testcases.ConsultantPageTest.verifyViewResumeFunctionality()'><b>verifyViewResumeFunctionality</b><br>Test class: com.staff.qa.testcases.ConsultantPageTest</td>
<td></td>
<td>17</td>
<td>com.staff.qa.testcases.ConsultantPageTest@68837a77</td></tr>
</table><p>
<table width='100%' border='1' class='invocation-skipped'>
<tr><td colspan='4' align='center'><b>SKIPPED TESTS</b></td></tr>
<tr><td><b>Test method</b></td>
<td width="30%"><b>Exception</b></td>
<td width="10%"><b>Time (seconds)</b></td>
<td><b>Instance</b></td>
</tr>
<tr>
<td title='com.staff.qa.testcases.ConsultantPageTest.verifyEditConsultantFunctionality()'><b>verifyEditConsultantFunctionality</b><br>Test class: com.staff.qa.testcases.ConsultantPageTest</td>
<td><div><pre>java.lang.Throwable: Method ConsultantPageTest.verifyEditConsultantFunctionality(java.lang.String, java.lang.String, java.lang.String, java.lang.String, java.lang.String, java.lang.String, java.lang.String, java.lang.String, java.lang.String, java.lang.String, java.lang.String, java.lang.String, java.lang.String, java.lang.String, java.lang.String, java.lang.String, java.lang.String, java.lang.String, java.lang.String, java.lang.String, java.lang.String)[pri:11, instance:com.staff.qa.testcases.ConsultantPageTest@68837a77] depends on not successfully finished methods
... Removed 21 stack frames</pre></div><a href='#' onClick='toggleBox("stack-trace438094511", this, "Click to show all stack frames", "Click to hide stack frames")'>Click to show all stack frames</a>
<div class='stack-trace' id='stack-trace438094511'><pre>java.lang.Throwable: Method ConsultantPageTest.verifyEditConsultantFunctionality(java.lang.String, java.lang.String, java.lang.String, java.lang.String, java.lang.String, java.lang.String, java.lang.String, java.lang.String, java.lang.String, java.lang.String, java.lang.String, java.lang.String, java.lang.String, java.lang.String, java.lang.String, java.lang.String, java.lang.String, java.lang.String, java.lang.String, java.lang.String, java.lang.String)[pri:11, instance:com.staff.qa.testcases.ConsultantPageTest@68837a77] depends on not successfully finished methods
	at org.testng.internal.Invoker.invokeTestMethods(Invoker.java:887)
	at org.testng.internal.TestMethodWorker.invokeTestMethods(TestMethodWorker.java:125)
	at org.testng.internal.TestMethodWorker.run(TestMethodWorker.java:109)
	at org.testng.TestRunner.privateRun(TestRunner.java:648)
	at org.testng.TestRunner.run(TestRunner.java:505)
	at org.testng.SuiteRunner.runTest(SuiteRunner.java:455)
	at org.testng.SuiteRunner.runSequentially(SuiteRunner.java:450)
	at org.testng.SuiteRunner.privateRun(SuiteRunner.java:415)
	at org.testng.SuiteRunner.run(SuiteRunner.java:364)
	at org.testng.SuiteRunnerWorker.runSuite(SuiteRunnerWorker.java:52)
	at org.testng.SuiteRunnerWorker.run(SuiteRunnerWorker.java:84)
	at org.testng.TestNG.runSuitesSequentially(TestNG.java:1208)
	at org.testng.TestNG.runSuitesLocally(TestNG.java:1137)
	at org.testng.TestNG.runSuites(TestNG.java:1049)
	at org.testng.TestNG.run(TestNG.java:1017)
	at org.apache.maven.surefire.testng.TestNGExecutor.run(TestNGExecutor.java:281)
	at org.apache.maven.surefire.testng.TestNGXmlTestSuite.execute(TestNGXmlTestSuite.java:75)
	at org.apache.maven.surefire.testng.TestNGProvider.invoke(TestNGProvider.java:121)
	at org.apache.maven.surefire.booter.ForkedBooter.invokeProviderInSameClassLoader(ForkedBooter.java:290)
	at org.apache.maven.surefire.booter.ForkedBooter.runSuitesInProcess(ForkedBooter.java:242)
	at org.apache.maven.surefire.booter.ForkedBooter.main(ForkedBooter.java:121)
</pre></div></td>
<td>0</td>
<td>null</td></tr>
</table><p>
</body>
</html>