<?xml version="1.0" encoding="UTF-8"?>
<!-- Generated by org.testng.reporters.JUnitXMLReporter -->
<testsuite hostname="Vijay-CH" ignored="0" name="Test" tests="34" failures="6" timestamp="06 Dec 2019 07:53:24 GMT" time="1147.866" errors="0">
  <testcase name="verifyUserNavigateToConsultantPage" time="2.022" classname="com.staff.qa.testcases.ConsultantPageTest"/>
  <testcase name="verifyAddNewConsulatantFormDisplayed" time="15.803" classname="com.staff.qa.testcases.ConsultantPageTest"/>
  <testcase name="verifyAddNewConsultant" time="104.927" classname="com.staff.qa.testcases.ConsultantPageTest">
    <failure type="java.lang.AssertionError" message="null">
      <![CDATA[java.lang.AssertionError: null
at com.staff.qa.testcases.ConsultantPageTest.verifyAddNewConsultant(ConsultantPageTest.java:216)
... Removed 30 stack frames]]>
    </failure>
  </testcase> <!-- verifyAddNewConsultant -->
  <testcase name="verifyDuplicateConsultant" time="74.704" classname="com.staff.qa.testcases.ConsultantPageTest">
    <failure type="java.lang.AssertionError" message="expected [Consultant is already exists with same email-id. Duplicate Consultant can not be created.] but found [Consultant (ID:-Cons-669770) Added Successfully]">
      <![CDATA[java.lang.AssertionError: expected [Consultant is already exists with same email-id. Duplicate Consultant can not be created.] but found [Consultant (ID:-Cons-669770) Added Successfully]
at com.staff.qa.testcases.ConsultantPageTest.verifyDuplicateConsultant(ConsultantPageTest.java:285)
... Removed 34 stack frames]]>
    </failure>
  </testcase> <!-- verifyDuplicateConsultant -->
  <testcase name="verifyFunctionalityOfCancelButton" time="17.909" classname="com.staff.qa.testcases.ConsultantPageTest"/>
  <testcase name="getAvailableCount" time="5.239" classname="com.staff.qa.testcases.ConsultantPageTest"/>
  <testcase name="getAllCount" time="11.627" classname="com.staff.qa.testcases.ConsultantPageTest"/>
  <testcase name="getArchivedCount" time="9.347" classname="com.staff.qa.testcases.ConsultantPageTest"/>
  <testcase name="getQualifiedCount" time="9.059" classname="com.staff.qa.testcases.ConsultantPageTest"/>
  <testcase name="verifyEditConsultantFunctionality" time="0.001" classname="com.staff.qa.testcases.ConsultantPageTest">
    <skipped/>
  </testcase> <!-- verifyEditConsultantFunctionality -->
  <testcase name="verifyUploadDocumentFunctionality" time="28.273" classname="com.staff.qa.testcases.ConsultantPageTest">
    <failure type="java.lang.AssertionError" message="expected [Upload Document Record created successfully] but found [Please select file before clicking on upload]">
      <![CDATA[java.lang.AssertionError: expected [Upload Document Record created successfully] but found [Please select file before clicking on upload]
at com.staff.qa.testcases.ConsultantPageTest.verifyUploadDocumentFunctionality(ConsultantPageTest.java:559)
... Removed 34 stack frames]]>
    </failure>
  </testcase> <!-- verifyUploadDocumentFunctionality -->
  <testcase name="verifyUploadDocumentAppearInGrid" time="50.878" classname="com.staff.qa.testcases.ConsultantPageTest">
    <failure type="java.lang.AssertionError" message="null">
      <![CDATA[java.lang.AssertionError: null
at com.staff.qa.testcases.ConsultantPageTest.verifyUploadDocumentAppearInGrid(ConsultantPageTest.java:614)
... Removed 30 stack frames]]>
    </failure>
  </testcase> <!-- verifyUploadDocumentAppearInGrid -->
  <testcase name="verifyDownloadUploadedDocument" time="19.566" classname="com.staff.qa.testcases.ConsultantPageTest"/>
  <testcase name="verifyLinkRequirementToConsultant" time="24.218" classname="com.staff.qa.testcases.ConsultantPageTest"/>
  <testcase name="verifyLinkRequirementToConsultant_alreadyExists" time="28.764" classname="com.staff.qa.testcases.ConsultantPageTest"/>
  <testcase name="verifyDownloadResumeFunctionality" time="37.622" classname="com.staff.qa.testcases.ConsultantPageTest">
    <failure type="java.lang.AssertionError" message="null">
      <![CDATA[java.lang.AssertionError: null
at com.staff.qa.testcases.ConsultantPageTest.verifyDownloadResumeFunctionality(ConsultantPageTest.java:783)
... Removed 30 stack frames]]>
    </failure>
  </testcase> <!-- verifyDownloadResumeFunctionality -->
  <testcase name="verifyCancelFunctionalityOfLinkRequirement" time="18.886" classname="com.staff.qa.testcases.ConsultantPageTest"/>
  <testcase name="verifyEmailFunctionality" time="17.303" classname="com.staff.qa.testcases.ConsultantPageTest"/>
  <testcase name="verifyCancelButtonFunctionalityOfEmail" time="11.388" classname="com.staff.qa.testcases.ConsultantPageTest"/>
  <testcase name="verifyValidationForEmailSubject" time="13.488" classname="com.staff.qa.testcases.ConsultantPageTest"/>
  <testcase name="verifyArchiveFunctionality" time="15.963" classname="com.staff.qa.testcases.ConsultantPageTest"/>
  <testcase name="verifyUn_ArchiveFunctionality" time="34.673" classname="com.staff.qa.testcases.ConsultantPageTest">
    <failure type="java.lang.AssertionError" message="null">
      <![CDATA[java.lang.AssertionError: null
at com.staff.qa.testcases.ConsultantPageTest.verifyUn_ArchiveFunctionality(ConsultantPageTest.java:1020)
... Removed 30 stack frames]]>
    </failure>
  </testcase> <!-- verifyUn_ArchiveFunctionality -->
  <testcase name="verifyPageLable" time="4.257" classname="com.staff.qa.testcases.ConsultantPageTest"/>
  <testcase name="verifyArchivedConsultantMapToRequirement" time="26.186" classname="com.staff.qa.testcases.ConsultantPageTest"/>
  <testcase name="verifyAddNoteFunctionality" time="17.895" classname="com.staff.qa.testcases.ConsultantPageTest"/>
  <testcase name="verifyCancelBtnFunOfAddNote" time="11.721" classname="com.staff.qa.testcases.ConsultantPageTest"/>
  <testcase name="verifyNavigateToScheduleMeetingPopUp" time="11.715" classname="com.staff.qa.testcases.ConsultantPageTest"/>
  <testcase name="verifyScheduleMeetingFunctionality" time="40.77" classname="com.staff.qa.testcases.ConsultantPageTest"/>
  <testcase name="verifyCancelBtnFunOfScheduleMeetingPopUp" time="10.703" classname="com.staff.qa.testcases.ConsultantPageTest"/>
  <testcase name="verifyValidationsInScheduleMeetingPopUp" time="10.735" classname="com.staff.qa.testcases.ConsultantPageTest"/>
  <testcase name="verifySetTheStatusToConsultant" time="57.101" classname="com.staff.qa.testcases.ConsultantPageTest"/>
  <testcase name="verifyCancelButtonFunOfSetStatusPopUp" time="23.199" classname="com.staff.qa.testcases.ConsultantPageTest"/>
  <testcase name="verifyDeleteRecentStatusFunctionality" time="22.857" classname="com.staff.qa.testcases.ConsultantPageTest"/>
  <testcase name="verifyViewResumeFunctionality" time="17.707" classname="com.staff.qa.testcases.ConsultantPageTest"/>
</testsuite> <!-- Test -->
