<?xml version="1.0" encoding="UTF-8"?>
<!-- Generated by org.testng.reporters.JUnitXMLReporter -->
<testsuite hostname="Vijay-CH" ignored="28" name="Test(failed)(failed)(failed)" tests="2" failures="2" timestamp="17 Oct 2019 07:55:18 GMT" time="54.533" errors="0">
  <testcase name="verifyConsultantMapToRequirement_alreadyExists" time="9.2" classname="com.staff.qa.testcases.RequirementPageTest">
    <failure type="java.lang.AssertionError" message="null">
      <![CDATA[java.lang.AssertionError: null
at com.staff.qa.testcases.RequirementPageTest.verifyConsultantMapToRequirement_alreadyExists(RequirementPageTest.java:910)
... Removed 27 stack frames]]>
    </failure>
  </testcase> <!-- verifyConsultantMapToRequirement_alreadyExists -->
  <testcase name="verifyNavigateToStatusPopUp" time="25.287" classname="com.staff.qa.testcases.RequirementPageTest">
    <failure type="java.lang.AssertionError" message="expected [Consultants shortlisted successfully.] but found [Duplicate status can not be set as Shortlisted status already exists.]">
      <![CDATA[java.lang.AssertionError: expected [Consultants shortlisted successfully.] but found [Duplicate status can not be set as Shortlisted status already exists.]
at com.staff.qa.testcases.RequirementPageTest.verifyNavigateToStatusPopUp(RequirementPageTest.java:1089)
... Removed 31 stack frames]]>
    </failure>
  </testcase> <!-- verifyNavigateToStatusPopUp -->
  <testcase name="verifyFunctionalityOfCancelButtonOfAddNewForm" time="0.0" classname="com.staff.qa.testcases.RequirementPageTest">
    <ignored/>
  </testcase> <!-- verifyFunctionalityOfCancelButtonOfAddNewForm -->
  <testcase name="verifyAddRequirementFunctionality" time="0.0" classname="com.staff.qa.testcases.RequirementPageTest">
    <ignored/>
  </testcase> <!-- verifyAddRequirementFunctionality -->
  <testcase name="verifyCancelBtnFunOfAddNote" time="0.0" classname="com.staff.qa.testcases.RequirementPageTest">
    <ignored/>
  </testcase> <!-- verifyCancelBtnFunOfAddNote -->
  <testcase name="verifyDeleteRecentStatusFunctionality" time="0.0" classname="com.staff.qa.testcases.RequirementPageTest">
    <ignored/>
  </testcase> <!-- verifyDeleteRecentStatusFunctionality -->
  <testcase name="verifyValidationMessageForClosureReason" time="0.0" classname="com.staff.qa.testcases.RequirementPageTest">
    <ignored/>
  </testcase> <!-- verifyValidationMessageForClosureReason -->
  <testcase name="verifyViewResumeFunctionality" time="0.0" classname="com.staff.qa.testcases.RequirementPageTest">
    <ignored/>
  </testcase> <!-- verifyViewResumeFunctionality -->
  <testcase name="verifyCancelButtonFunctionalityOfArchiveRequirementPopUp" time="0.0" classname="com.staff.qa.testcases.RequirementPageTest">
    <ignored/>
  </testcase> <!-- verifyCancelButtonFunctionalityOfArchiveRequirementPopUp -->
  <testcase name="verifyValidationsForAddNewRequirement" time="0.0" classname="com.staff.qa.testcases.RequirementPageTest">
    <ignored/>
  </testcase> <!-- verifyValidationsForAddNewRequirement -->
  <testcase name="verifyArchivedRequirementFunctionality" time="0.0" classname="com.staff.qa.testcases.RequirementPageTest">
    <ignored/>
  </testcase> <!-- verifyArchivedRequirementFunctionality -->
  <testcase name="verifyCancelButtonFunOfSetStatusPopUp" time="0.0" classname="com.staff.qa.testcases.RequirementPageTest">
    <ignored/>
  </testcase> <!-- verifyCancelButtonFunOfSetStatusPopUp -->
  <testcase name="verifyUserNavigateToConsultantPage" time="0.0" classname="com.staff.qa.testcases.RequirementPageTest">
    <ignored/>
  </testcase> <!-- verifyUserNavigateToConsultantPage -->
  <testcase name="verifyConsultantMapToRequirement" time="0.0" classname="com.staff.qa.testcases.RequirementPageTest">
    <ignored/>
  </testcase> <!-- verifyConsultantMapToRequirement -->
  <testcase name="verifyEditRequirementFunctionality" time="0.0" classname="com.staff.qa.testcases.RequirementPageTest">
    <ignored/>
  </testcase> <!-- verifyEditRequirementFunctionality -->
  <testcase name="verifyAddNoteFunctionality" time="0.0" classname="com.staff.qa.testcases.RequirementPageTest">
    <ignored/>
  </testcase> <!-- verifyAddNoteFunctionality -->
  <testcase name="verifyUploadDocumentFunctionality" time="0.0" classname="com.staff.qa.testcases.RequirementPageTest">
    <ignored/>
  </testcase> <!-- verifyUploadDocumentFunctionality -->
  <testcase name="verifyAddNewRequirementBtnClickable" time="0.0" classname="com.staff.qa.testcases.RequirementPageTest">
    <ignored/>
  </testcase> <!-- verifyAddNewRequirementBtnClickable -->
  <testcase name="verifyCancelBtnFunOfMapConsultantWindow" time="0.0" classname="com.staff.qa.testcases.RequirementPageTest">
    <ignored/>
  </testcase> <!-- verifyCancelBtnFunOfMapConsultantWindow -->
  <testcase name="verifyUnArchivedRequirementFunctionality" time="0.0" classname="com.staff.qa.testcases.RequirementPageTest">
    <ignored/>
  </testcase> <!-- verifyUnArchivedRequirementFunctionality -->
  <testcase name="verifyValidationMessageForClosuredate" time="0.0" classname="com.staff.qa.testcases.RequirementPageTest">
    <ignored/>
  </testcase> <!-- verifyValidationMessageForClosuredate -->
  <testcase name="verifyEditJobDescriptionFunctionality" time="0.0" classname="com.staff.qa.testcases.RequirementPageTest">
    <ignored/>
  </testcase> <!-- verifyEditJobDescriptionFunctionality -->
  <testcase name="getArchivedRequirementCount" time="0.0" classname="com.staff.qa.testcases.RequirementPageTest">
    <ignored/>
  </testcase> <!-- getArchivedRequirementCount -->
  <testcase name="getOpenRequirementCount" time="0.0" classname="com.staff.qa.testcases.RequirementPageTest">
    <ignored/>
  </testcase> <!-- getOpenRequirementCount -->
  <testcase name="getAllRequirementCount" time="0.0" classname="com.staff.qa.testcases.RequirementPageTest">
    <ignored/>
  </testcase> <!-- getAllRequirementCount -->
  <testcase name="verifySetTheStatusToConsultant" time="0.0" classname="com.staff.qa.testcases.RequirementPageTest">
    <ignored/>
  </testcase> <!-- verifySetTheStatusToConsultant -->
  <testcase name="verifyCancelBtnFunOfUploadDocPopUp_requirement" time="0.0" classname="com.staff.qa.testcases.RequirementPageTest">
    <ignored/>
  </testcase> <!-- verifyCancelBtnFunOfUploadDocPopUp_requirement -->
  <testcase name="verifyUploadDocumentAppearInGrid" time="0.0" classname="com.staff.qa.testcases.RequirementPageTest">
    <ignored/>
  </testcase> <!-- verifyUploadDocumentAppearInGrid -->
  <testcase name="verifyDownloadUploadedDocument_requirement" time="0.0" classname="com.staff.qa.testcases.RequirementPageTest">
    <ignored/>
  </testcase> <!-- verifyDownloadUploadedDocument_requirement -->
  <testcase name="verifyArchivedConsultantMapToRequirement" time="0.0" classname="com.staff.qa.testcases.RequirementPageTest">
    <ignored/>
  </testcase> <!-- verifyArchivedConsultantMapToRequirement -->
</testsuite> <!-- Test(failed)(failed)(failed) -->
