<html>
<head>
<title>TestNG:  E-Staff App Test Cases</title>
<link href="../testng.css" rel="stylesheet" type="text/css" />
<link href="../my-testng.css" rel="stylesheet" type="text/css" />

<style type="text/css">
.log { display: none;} 
.stack-trace { display: none;} 
</style>
<script type="text/javascript">
<!--
function flip(e) {
  current = e.style.display;
  if (current == 'block') {
    e.style.display = 'none';
    return 0;
  }
  else {
    e.style.display = 'block';
    return 1;
  }
}

function toggleBox(szDivId, elem, msg1, msg2)
{
  var res = -1;  if (document.getElementById) {
    res = flip(document.getElementById(szDivId));
  }
  else if (document.all) {
    // this is the way old msie versions work
    res = flip(document.all[szDivId]);
  }
  if(elem) {
    if(res == 0) elem.innerHTML = msg1; else elem.innerHTML = msg2;
  }

}

function toggleAllBoxes() {
  if (document.getElementsByTagName) {
    d = document.getElementsByTagName('div');
    for (i = 0; i < d.length; i++) {
      if (d[i].className == 'log') {
        flip(d[i]);
      }
    }
  }
}

// -->
</script>

</head>
<body>
<h2 align='center'>E-Staff App Test Cases</h2><table border='1' align="center">
<tr>
<td>Tests passed/Failed/Skipped:</td><td>25/7/0</td>
</tr><tr>
<td>Started on:</td><td>Tue Oct 01 19:03:33 IST 2019</td>
</tr>
<tr><td>Total time:</td><td>698 seconds (698224 ms)</td>
</tr><tr>
<td>Included groups:</td><td></td>
</tr><tr>
<td>Excluded groups:</td><td></td>
</tr>
</table><p/>
<small><i>(Hover the method name to see the test class name)</i></small><p/>
<table width='100%' border='1' class='invocation-failed'>
<tr><td colspan='4' align='center'><b>FAILED TESTS</b></td></tr>
<tr><td><b>Test method</b></td>
<td width="30%"><b>Exception</b></td>
<td width="10%"><b>Time (seconds)</b></td>
<td><b>Instance</b></td>
</tr>
<tr>
<td title='com.staff.qa.testcases.LoginPageTest.validatePasswordMessageForIncorrectPassword()'><b>validatePasswordMessageForIncorrectPassword</b><br>Test class: com.staff.qa.testcases.LoginPageTest</td>
<td><div><pre>java.lang.AssertionError: null
	at com.staff.qa.testcases.LoginPageTest.validatePasswordMessageForIncorrectPassword(LoginPageTest.java:210)
... Removed 27 stack frames</pre></div><a href='#' onClick='toggleBox("stack-trace161113555", this, "Click to show all stack frames", "Click to hide stack frames")'>Click to show all stack frames</a>
<div class='stack-trace' id='stack-trace161113555'><pre>java.lang.AssertionError: null
	at org.testng.Assert.fail(Assert.java:96)
	at org.testng.Assert.fail(Assert.java:103)
	at com.staff.qa.testcases.LoginPageTest.validatePasswordMessageForIncorrectPassword(LoginPageTest.java:210)
	at sun.reflect.NativeMethodAccessorImpl.invoke0(Native Method)
	at sun.reflect.NativeMethodAccessorImpl.invoke(NativeMethodAccessorImpl.java:62)
	at sun.reflect.DelegatingMethodAccessorImpl.invoke(DelegatingMethodAccessorImpl.java:43)
	at java.lang.reflect.Method.invoke(Method.java:498)
	at org.testng.internal.MethodInvocationHelper.invokeMethod(MethodInvocationHelper.java:124)
	at org.testng.internal.Invoker.invokeMethod(Invoker.java:580)
	at org.testng.internal.Invoker.invokeTestMethod(Invoker.java:716)
	at org.testng.internal.Invoker.invokeTestMethods(Invoker.java:988)
	at org.testng.internal.TestMethodWorker.invokeTestMethods(TestMethodWorker.java:125)
	at org.testng.internal.TestMethodWorker.run(TestMethodWorker.java:109)
	at org.testng.TestRunner.privateRun(TestRunner.java:648)
	at org.testng.TestRunner.run(TestRunner.java:505)
	at org.testng.SuiteRunner.runTest(SuiteRunner.java:455)
	at org.testng.SuiteRunner.runSequentially(SuiteRunner.java:450)
	at org.testng.SuiteRunner.privateRun(SuiteRunner.java:415)
	at org.testng.SuiteRunner.run(SuiteRunner.java:364)
	at org.testng.SuiteRunnerWorker.runSuite(SuiteRunnerWorker.java:52)
	at org.testng.SuiteRunnerWorker.run(SuiteRunnerWorker.java:84)
	at org.testng.TestNG.runSuitesSequentially(TestNG.java:1208)
	at org.testng.TestNG.runSuitesLocally(TestNG.java:1137)
	at org.testng.TestNG.runSuites(TestNG.java:1049)
	at org.testng.TestNG.run(TestNG.java:1017)
	at org.testng.remote.AbstractRemoteTestNG.run(AbstractRemoteTestNG.java:115)
	at org.testng.remote.RemoteTestNG.initAndRun(RemoteTestNG.java:251)
	at org.testng.remote.RemoteTestNG.main(RemoteTestNG.java:77)
</pre></div></td>
<td>2</td>
<td>com.staff.qa.testcases.LoginPageTest@3c0ecd4b</td></tr>
<tr>
<td title='com.staff.qa.testcases.ConsultantPageTest.verifyAddNewConsultant()'><b>verifyAddNewConsultant</b><br>Test class: com.staff.qa.testcases.ConsultantPageTest<br>Parameters: Don, DeCosta, dondecoasta@gmail.com, , 100, Hourly, 2019, Sep, 28, Immediately , Bay Area Or North, Hourly W2, EMPLOYEE, H1B, Australia, South Australia, Ashton, Java SQL, BackEnd, UI, 2 Years of Experience</td>
<td><div><pre>java.lang.AssertionError: expected [Don DeCosta] but found [Vikram Shaw]
	at com.staff.qa.testcases.ConsultantPageTest.verifyAddNewConsultant(ConsultantPageTest.java:189)
... Removed 31 stack frames</pre></div><a href='#' onClick='toggleBox("stack-trace1693900057", this, "Click to show all stack frames", "Click to hide stack frames")'>Click to show all stack frames</a>
<div class='stack-trace' id='stack-trace1693900057'><pre>java.lang.AssertionError: expected [Don DeCosta] but found [Vikram Shaw]
	at org.testng.Assert.fail(Assert.java:96)
	at org.testng.Assert.failNotEquals(Assert.java:776)
	at org.testng.Assert.assertEqualsImpl(Assert.java:137)
	at org.testng.Assert.assertEquals(Assert.java:118)
	at org.testng.Assert.assertEquals(Assert.java:453)
	at org.testng.Assert.assertEquals(Assert.java:463)
	at com.staff.qa.testcases.ConsultantPageTest.verifyAddNewConsultant(ConsultantPageTest.java:189)
	at sun.reflect.NativeMethodAccessorImpl.invoke0(Native Method)
	at sun.reflect.NativeMethodAccessorImpl.invoke(NativeMethodAccessorImpl.java:62)
	at sun.reflect.DelegatingMethodAccessorImpl.invoke(DelegatingMethodAccessorImpl.java:43)
	at java.lang.reflect.Method.invoke(Method.java:498)
	at org.testng.internal.MethodInvocationHelper.invokeMethod(MethodInvocationHelper.java:124)
	at org.testng.internal.Invoker.invokeMethod(Invoker.java:580)
	at org.testng.internal.Invoker.invokeTestMethod(Invoker.java:716)
	at org.testng.internal.Invoker.invokeTestMethods(Invoker.java:988)
	at org.testng.internal.TestMethodWorker.invokeTestMethods(TestMethodWorker.java:125)
	at org.testng.internal.TestMethodWorker.run(TestMethodWorker.java:109)
	at org.testng.TestRunner.privateRun(TestRunner.java:648)
	at org.testng.TestRunner.run(TestRunner.java:505)
	at org.testng.SuiteRunner.runTest(SuiteRunner.java:455)
	at org.testng.SuiteRunner.runSequentially(SuiteRunner.java:450)
	at org.testng.SuiteRunner.privateRun(SuiteRunner.java:415)
	at org.testng.SuiteRunner.run(SuiteRunner.java:364)
	at org.testng.SuiteRunnerWorker.runSuite(SuiteRunnerWorker.java:52)
	at org.testng.SuiteRunnerWorker.run(SuiteRunnerWorker.java:84)
	at org.testng.TestNG.runSuitesSequentially(TestNG.java:1208)
	at org.testng.TestNG.runSuitesLocally(TestNG.java:1137)
	at org.testng.TestNG.runSuites(TestNG.java:1049)
	at org.testng.TestNG.run(TestNG.java:1017)
	at org.testng.remote.AbstractRemoteTestNG.run(AbstractRemoteTestNG.java:115)
	at org.testng.remote.RemoteTestNG.initAndRun(RemoteTestNG.java:251)
	at org.testng.remote.RemoteTestNG.main(RemoteTestNG.java:77)
</pre></div></td>
<td>63</td>
<td>com.staff.qa.testcases.ConsultantPageTest@14bf9759</td></tr>
<tr>
<td title='com.staff.qa.testcases.ConsultantPageTest.verifyArchiveFunctionality()'><b>verifyArchiveFunctionality</b><br>Test class: com.staff.qa.testcases.ConsultantPageTest</td>
<td><div><pre>java.lang.AssertionError: null
	at com.staff.qa.testcases.ConsultantPageTest.verifyArchiveFunctionality(ConsultantPageTest.java:996)
... Removed 27 stack frames</pre></div><a href='#' onClick='toggleBox("stack-trace1104820974", this, "Click to show all stack frames", "Click to hide stack frames")'>Click to show all stack frames</a>
<div class='stack-trace' id='stack-trace1104820974'><pre>java.lang.AssertionError: null
	at org.testng.Assert.fail(Assert.java:96)
	at org.testng.Assert.fail(Assert.java:103)
	at com.staff.qa.testcases.ConsultantPageTest.verifyArchiveFunctionality(ConsultantPageTest.java:996)
	at sun.reflect.NativeMethodAccessorImpl.invoke0(Native Method)
	at sun.reflect.NativeMethodAccessorImpl.invoke(NativeMethodAccessorImpl.java:62)
	at sun.reflect.DelegatingMethodAccessorImpl.invoke(DelegatingMethodAccessorImpl.java:43)
	at java.lang.reflect.Method.invoke(Method.java:498)
	at org.testng.internal.MethodInvocationHelper.invokeMethod(MethodInvocationHelper.java:124)
	at org.testng.internal.Invoker.invokeMethod(Invoker.java:580)
	at org.testng.internal.Invoker.invokeTestMethod(Invoker.java:716)
	at org.testng.internal.Invoker.invokeTestMethods(Invoker.java:988)
	at org.testng.internal.TestMethodWorker.invokeTestMethods(TestMethodWorker.java:125)
	at org.testng.internal.TestMethodWorker.run(TestMethodWorker.java:109)
	at org.testng.TestRunner.privateRun(TestRunner.java:648)
	at org.testng.TestRunner.run(TestRunner.java:505)
	at org.testng.SuiteRunner.runTest(SuiteRunner.java:455)
	at org.testng.SuiteRunner.runSequentially(SuiteRunner.java:450)
	at org.testng.SuiteRunner.privateRun(SuiteRunner.java:415)
	at org.testng.SuiteRunner.run(SuiteRunner.java:364)
	at org.testng.SuiteRunnerWorker.runSuite(SuiteRunnerWorker.java:52)
	at org.testng.SuiteRunnerWorker.run(SuiteRunnerWorker.java:84)
	at org.testng.TestNG.runSuitesSequentially(TestNG.java:1208)
	at org.testng.TestNG.runSuitesLocally(TestNG.java:1137)
	at org.testng.TestNG.runSuites(TestNG.java:1049)
	at org.testng.TestNG.run(TestNG.java:1017)
	at org.testng.remote.AbstractRemoteTestNG.run(AbstractRemoteTestNG.java:115)
	at org.testng.remote.RemoteTestNG.initAndRun(RemoteTestNG.java:251)
	at org.testng.remote.RemoteTestNG.main(RemoteTestNG.java:77)
</pre></div></td>
<td>22</td>
<td>com.staff.qa.testcases.ConsultantPageTest@14bf9759</td></tr>
<tr>
<td title='com.staff.qa.testcases.ConsultantPageTest.verifyCancelFunctionalityOfLinkRequirement()'><b>verifyCancelFunctionalityOfLinkRequirement</b><br>Test class: com.staff.qa.testcases.ConsultantPageTest</td>
<td><div><pre>java.lang.AssertionError: null
	at com.staff.qa.testcases.ConsultantPageTest.verifyCancelFunctionalityOfLinkRequirement(ConsultantPageTest.java:840)
... Removed 27 stack frames</pre></div><a href='#' onClick='toggleBox("stack-trace1016408627", this, "Click to show all stack frames", "Click to hide stack frames")'>Click to show all stack frames</a>
<div class='stack-trace' id='stack-trace1016408627'><pre>java.lang.AssertionError: null
	at org.testng.Assert.fail(Assert.java:96)
	at org.testng.Assert.fail(Assert.java:103)
	at com.staff.qa.testcases.ConsultantPageTest.verifyCancelFunctionalityOfLinkRequirement(ConsultantPageTest.java:840)
	at sun.reflect.NativeMethodAccessorImpl.invoke0(Native Method)
	at sun.reflect.NativeMethodAccessorImpl.invoke(NativeMethodAccessorImpl.java:62)
	at sun.reflect.DelegatingMethodAccessorImpl.invoke(DelegatingMethodAccessorImpl.java:43)
	at java.lang.reflect.Method.invoke(Method.java:498)
	at org.testng.internal.MethodInvocationHelper.invokeMethod(MethodInvocationHelper.java:124)
	at org.testng.internal.Invoker.invokeMethod(Invoker.java:580)
	at org.testng.internal.Invoker.invokeTestMethod(Invoker.java:716)
	at org.testng.internal.Invoker.invokeTestMethods(Invoker.java:988)
	at org.testng.internal.TestMethodWorker.invokeTestMethods(TestMethodWorker.java:125)
	at org.testng.internal.TestMethodWorker.run(TestMethodWorker.java:109)
	at org.testng.TestRunner.privateRun(TestRunner.java:648)
	at org.testng.TestRunner.run(TestRunner.java:505)
	at org.testng.SuiteRunner.runTest(SuiteRunner.java:455)
	at org.testng.SuiteRunner.runSequentially(SuiteRunner.java:450)
	at org.testng.SuiteRunner.privateRun(SuiteRunner.java:415)
	at org.testng.SuiteRunner.run(SuiteRunner.java:364)
	at org.testng.SuiteRunnerWorker.runSuite(SuiteRunnerWorker.java:52)
	at org.testng.SuiteRunnerWorker.run(SuiteRunnerWorker.java:84)
	at org.testng.TestNG.runSuitesSequentially(TestNG.java:1208)
	at org.testng.TestNG.runSuitesLocally(TestNG.java:1137)
	at org.testng.TestNG.runSuites(TestNG.java:1049)
	at org.testng.TestNG.run(TestNG.java:1017)
	at org.testng.remote.AbstractRemoteTestNG.run(AbstractRemoteTestNG.java:115)
	at org.testng.remote.RemoteTestNG.initAndRun(RemoteTestNG.java:251)
	at org.testng.remote.RemoteTestNG.main(RemoteTestNG.java:77)
</pre></div></td>
<td>13</td>
<td>com.staff.qa.testcases.ConsultantPageTest@14bf9759</td></tr>
<tr>
<td title='com.staff.qa.testcases.ConsultantPageTest.verifyDownloadResumeFunctionality()'><b>verifyDownloadResumeFunctionality</b><br>Test class: com.staff.qa.testcases.ConsultantPageTest</td>
<td><div><pre>java.lang.AssertionError: null
	at com.staff.qa.testcases.ConsultantPageTest.verifyDownloadResumeFunctionality(ConsultantPageTest.java:767)
... Removed 27 stack frames</pre></div><a href='#' onClick='toggleBox("stack-trace829567751", this, "Click to show all stack frames", "Click to hide stack frames")'>Click to show all stack frames</a>
<div class='stack-trace' id='stack-trace829567751'><pre>java.lang.AssertionError: null
	at org.testng.Assert.fail(Assert.java:96)
	at org.testng.Assert.fail(Assert.java:103)
	at com.staff.qa.testcases.ConsultantPageTest.verifyDownloadResumeFunctionality(ConsultantPageTest.java:767)
	at sun.reflect.NativeMethodAccessorImpl.invoke0(Native Method)
	at sun.reflect.NativeMethodAccessorImpl.invoke(NativeMethodAccessorImpl.java:62)
	at sun.reflect.DelegatingMethodAccessorImpl.invoke(DelegatingMethodAccessorImpl.java:43)
	at java.lang.reflect.Method.invoke(Method.java:498)
	at org.testng.internal.MethodInvocationHelper.invokeMethod(MethodInvocationHelper.java:124)
	at org.testng.internal.Invoker.invokeMethod(Invoker.java:580)
	at org.testng.internal.Invoker.invokeTestMethod(Invoker.java:716)
	at org.testng.internal.Invoker.invokeTestMethods(Invoker.java:988)
	at org.testng.internal.TestMethodWorker.invokeTestMethods(TestMethodWorker.java:125)
	at org.testng.internal.TestMethodWorker.run(TestMethodWorker.java:109)
	at org.testng.TestRunner.privateRun(TestRunner.java:648)
	at org.testng.TestRunner.run(TestRunner.java:505)
	at org.testng.SuiteRunner.runTest(SuiteRunner.java:455)
	at org.testng.SuiteRunner.runSequentially(SuiteRunner.java:450)
	at org.testng.SuiteRunner.privateRun(SuiteRunner.java:415)
	at org.testng.SuiteRunner.run(SuiteRunner.java:364)
	at org.testng.SuiteRunnerWorker.runSuite(SuiteRunnerWorker.java:52)
	at org.testng.SuiteRunnerWorker.run(SuiteRunnerWorker.java:84)
	at org.testng.TestNG.runSuitesSequentially(TestNG.java:1208)
	at org.testng.TestNG.runSuitesLocally(TestNG.java:1137)
	at org.testng.TestNG.runSuites(TestNG.java:1049)
	at org.testng.TestNG.run(TestNG.java:1017)
	at org.testng.remote.AbstractRemoteTestNG.run(AbstractRemoteTestNG.java:115)
	at org.testng.remote.RemoteTestNG.initAndRun(RemoteTestNG.java:251)
	at org.testng.remote.RemoteTestNG.main(RemoteTestNG.java:77)
</pre></div></td>
<td>20</td>
<td>com.staff.qa.testcases.ConsultantPageTest@14bf9759</td></tr>
<tr>
<td title='com.staff.qa.testcases.ConsultantPageTest.verifyLinkRequirementToConsultant()'><b>verifyLinkRequirementToConsultant</b><br>Test class: com.staff.qa.testcases.ConsultantPageTest</td>
<td><div><pre>java.lang.AssertionError: null
	at com.staff.qa.testcases.ConsultantPageTest.verifyLinkRequirementToConsultant(ConsultantPageTest.java:680)
... Removed 27 stack frames</pre></div><a href='#' onClick='toggleBox("stack-trace394568342", this, "Click to show all stack frames", "Click to hide stack frames")'>Click to show all stack frames</a>
<div class='stack-trace' id='stack-trace394568342'><pre>java.lang.AssertionError: null
	at org.testng.Assert.fail(Assert.java:96)
	at org.testng.Assert.fail(Assert.java:103)
	at com.staff.qa.testcases.ConsultantPageTest.verifyLinkRequirementToConsultant(ConsultantPageTest.java:680)
	at sun.reflect.NativeMethodAccessorImpl.invoke0(Native Method)
	at sun.reflect.NativeMethodAccessorImpl.invoke(NativeMethodAccessorImpl.java:62)
	at sun.reflect.DelegatingMethodAccessorImpl.invoke(DelegatingMethodAccessorImpl.java:43)
	at java.lang.reflect.Method.invoke(Method.java:498)
	at org.testng.internal.MethodInvocationHelper.invokeMethod(MethodInvocationHelper.java:124)
	at org.testng.internal.Invoker.invokeMethod(Invoker.java:580)
	at org.testng.internal.Invoker.invokeTestMethod(Invoker.java:716)
	at org.testng.internal.Invoker.invokeTestMethods(Invoker.java:988)
	at org.testng.internal.TestMethodWorker.invokeTestMethods(TestMethodWorker.java:125)
	at org.testng.internal.TestMethodWorker.run(TestMethodWorker.java:109)
	at org.testng.TestRunner.privateRun(TestRunner.java:648)
	at org.testng.TestRunner.run(TestRunner.java:505)
	at org.testng.SuiteRunner.runTest(SuiteRunner.java:455)
	at org.testng.SuiteRunner.runSequentially(SuiteRunner.java:450)
	at org.testng.SuiteRunner.privateRun(SuiteRunner.java:415)
	at org.testng.SuiteRunner.run(SuiteRunner.java:364)
	at org.testng.SuiteRunnerWorker.runSuite(SuiteRunnerWorker.java:52)
	at org.testng.SuiteRunnerWorker.run(SuiteRunnerWorker.java:84)
	at org.testng.TestNG.runSuitesSequentially(TestNG.java:1208)
	at org.testng.TestNG.runSuitesLocally(TestNG.java:1137)
	at org.testng.TestNG.runSuites(TestNG.java:1049)
	at org.testng.TestNG.run(TestNG.java:1017)
	at org.testng.remote.AbstractRemoteTestNG.run(AbstractRemoteTestNG.java:115)
	at org.testng.remote.RemoteTestNG.initAndRun(RemoteTestNG.java:251)
	at org.testng.remote.RemoteTestNG.main(RemoteTestNG.java:77)
</pre></div></td>
<td>33</td>
<td>com.staff.qa.testcases.ConsultantPageTest@14bf9759</td></tr>
<tr>
<td title='com.staff.qa.testcases.ConsultantPageTest.verifyLinkRequirementToConsultant_alreadyExists()'><b>verifyLinkRequirementToConsultant_alreadyExists</b><br>Test class: com.staff.qa.testcases.ConsultantPageTest</td>
<td><div><pre>java.lang.AssertionError: expected [Duplicate status can not be set as Shortlisted status already exists.] but found [Requirements are linked successfully.]
	at com.staff.qa.testcases.ConsultantPageTest.verifyLinkRequirementToConsultant_alreadyExists(ConsultantPageTest.java:716)
... Removed 31 stack frames</pre></div><a href='#' onClick='toggleBox("stack-trace1565967058", this, "Click to show all stack frames", "Click to hide stack frames")'>Click to show all stack frames</a>
<div class='stack-trace' id='stack-trace1565967058'><pre>java.lang.AssertionError: expected [Duplicate status can not be set as Shortlisted status already exists.] but found [Requirements are linked successfully.]
	at org.testng.Assert.fail(Assert.java:96)
	at org.testng.Assert.failNotEquals(Assert.java:776)
	at org.testng.Assert.assertEqualsImpl(Assert.java:137)
	at org.testng.Assert.assertEquals(Assert.java:118)
	at org.testng.Assert.assertEquals(Assert.java:453)
	at org.testng.Assert.assertEquals(Assert.java:463)
	at com.staff.qa.testcases.ConsultantPageTest.verifyLinkRequirementToConsultant_alreadyExists(ConsultantPageTest.java:716)
	at sun.reflect.NativeMethodAccessorImpl.invoke0(Native Method)
	at sun.reflect.NativeMethodAccessorImpl.invoke(NativeMethodAccessorImpl.java:62)
	at sun.reflect.DelegatingMethodAccessorImpl.invoke(DelegatingMethodAccessorImpl.java:43)
	at java.lang.reflect.Method.invoke(Method.java:498)
	at org.testng.internal.MethodInvocationHelper.invokeMethod(MethodInvocationHelper.java:124)
	at org.testng.internal.Invoker.invokeMethod(Invoker.java:580)
	at org.testng.internal.Invoker.invokeTestMethod(Invoker.java:716)
	at org.testng.internal.Invoker.invokeTestMethods(Invoker.java:988)
	at org.testng.internal.TestMethodWorker.invokeTestMethods(TestMethodWorker.java:125)
	at org.testng.internal.TestMethodWorker.run(TestMethodWorker.java:109)
	at org.testng.TestRunner.privateRun(TestRunner.java:648)
	at org.testng.TestRunner.run(TestRunner.java:505)
	at org.testng.SuiteRunner.runTest(SuiteRunner.java:455)
	at org.testng.SuiteRunner.runSequentially(SuiteRunner.java:450)
	at org.testng.SuiteRunner.privateRun(SuiteRunner.java:415)
	at org.testng.SuiteRunner.run(SuiteRunner.java:364)
	at org.testng.SuiteRunnerWorker.runSuite(SuiteRunnerWorker.java:52)
	at org.testng.SuiteRunnerWorker.run(SuiteRunnerWorker.java:84)
	at org.testng.TestNG.runSuitesSequentially(TestNG.java:1208)
	at org.testng.TestNG.runSuitesLocally(TestNG.java:1137)
	at org.testng.TestNG.runSuites(TestNG.java:1049)
	at org.testng.TestNG.run(TestNG.java:1017)
	at org.testng.remote.AbstractRemoteTestNG.run(AbstractRemoteTestNG.java:115)
	at org.testng.remote.RemoteTestNG.initAndRun(RemoteTestNG.java:251)
	at org.testng.remote.RemoteTestNG.main(RemoteTestNG.java:77)
</pre></div></td>
<td>25</td>
<td>com.staff.qa.testcases.ConsultantPageTest@14bf9759</td></tr>
</table><p>
<table width='100%' border='1' class='invocation-passed'>
<tr><td colspan='4' align='center'><b>PASSED TESTS</b></td></tr>
<tr><td><b>Test method</b></td>
<td width="30%"><b>Exception</b></td>
<td width="10%"><b>Time (seconds)</b></td>
<td><b>Instance</b></td>
</tr>
<tr>
<td title='com.staff.qa.testcases.ConsultantPageTest.getAllCount()'><b>getAllCount</b><br>Test class: com.staff.qa.testcases.ConsultantPageTest</td>
<td></td>
<td>10</td>
<td>com.staff.qa.testcases.ConsultantPageTest@14bf9759</td></tr>
<tr>
<td title='com.staff.qa.testcases.ConsultantPageTest.getArchivedCount()'><b>getArchivedCount</b><br>Test class: com.staff.qa.testcases.ConsultantPageTest</td>
<td></td>
<td>10</td>
<td>com.staff.qa.testcases.ConsultantPageTest@14bf9759</td></tr>
<tr>
<td title='com.staff.qa.testcases.ConsultantPageTest.getAvailableCount()'><b>getAvailableCount</b><br>Test class: com.staff.qa.testcases.ConsultantPageTest</td>
<td></td>
<td>5</td>
<td>com.staff.qa.testcases.ConsultantPageTest@14bf9759</td></tr>
<tr>
<td title='com.staff.qa.testcases.ConsultantPageTest.getQualifiedCount()'><b>getQualifiedCount</b><br>Test class: com.staff.qa.testcases.ConsultantPageTest</td>
<td></td>
<td>10</td>
<td>com.staff.qa.testcases.ConsultantPageTest@14bf9759</td></tr>
<tr>
<td title='com.staff.qa.testcases.LoginPageTest.loginPageTitleTest()'><b>loginPageTitleTest</b><br>Test class: com.staff.qa.testcases.LoginPageTest</td>
<td></td>
<td>0</td>
<td>com.staff.qa.testcases.LoginPageTest@3c0ecd4b</td></tr>
<tr>
<td title='com.staff.qa.testcases.LoginPageTest.loginTest()'><b>loginTest</b><br>Test class: com.staff.qa.testcases.LoginPageTest</td>
<td></td>
<td>2</td>
<td>com.staff.qa.testcases.LoginPageTest@3c0ecd4b</td></tr>
<tr>
<td title='com.staff.qa.testcases.LoginPageTest.validateLoginFunctionalityForIncorrectUserNamePassword()'><b>validateLoginFunctionalityForIncorrectUserNamePassword</b><br>Test class: com.staff.qa.testcases.LoginPageTest</td>
<td></td>
<td>2</td>
<td>com.staff.qa.testcases.LoginPageTest@3c0ecd4b</td></tr>
<tr>
<td title='com.staff.qa.testcases.LoginPageTest.validateMessageForBlankPasswordIncorrectUsername()'><b>validateMessageForBlankPasswordIncorrectUsername</b><br>Test class: com.staff.qa.testcases.LoginPageTest</td>
<td></td>
<td>2</td>
<td>com.staff.qa.testcases.LoginPageTest@3c0ecd4b</td></tr>
<tr>
<td title='com.staff.qa.testcases.LoginPageTest.validateMessageForBlankUsernamePassword()'><b>validateMessageForBlankUsernamePassword</b><br>Test class: com.staff.qa.testcases.LoginPageTest</td>
<td></td>
<td>2</td>
<td>com.staff.qa.testcases.LoginPageTest@3c0ecd4b</td></tr>
<tr>
<td title='com.staff.qa.testcases.LoginPageTest.validatePasswordMessageForBlankPassword()'><b>validatePasswordMessageForBlankPassword</b><br>Test class: com.staff.qa.testcases.LoginPageTest</td>
<td></td>
<td>2</td>
<td>com.staff.qa.testcases.LoginPageTest@3c0ecd4b</td></tr>
<tr>
<td title='com.staff.qa.testcases.LoginPageTest.validateUsernameMessageForBalankUsername()'><b>validateUsernameMessageForBalankUsername</b><br>Test class: com.staff.qa.testcases.LoginPageTest</td>
<td></td>
<td>2</td>
<td>com.staff.qa.testcases.LoginPageTest@3c0ecd4b</td></tr>
<tr>
<td title='com.staff.qa.testcases.LoginPageTest.validateUsernameMessageForIncorrectUsername()'><b>validateUsernameMessageForIncorrectUsername</b><br>Test class: com.staff.qa.testcases.LoginPageTest</td>
<td></td>
<td>2</td>
<td>com.staff.qa.testcases.LoginPageTest@3c0ecd4b</td></tr>
<tr>
<td title='com.staff.qa.testcases.ConsultantPageTest.verifyAddNewConsulatantFormDisplayed()'><b>verifyAddNewConsulatantFormDisplayed</b><br>Test class: com.staff.qa.testcases.ConsultantPageTest</td>
<td></td>
<td>6</td>
<td>com.staff.qa.testcases.ConsultantPageTest@14bf9759</td></tr>
<tr>
<td title='com.staff.qa.testcases.ConsultantPageTest.verifyCancelButtonFunctionalityOfEmail()'><b>verifyCancelButtonFunctionalityOfEmail</b><br>Test class: com.staff.qa.testcases.ConsultantPageTest</td>
<td></td>
<td>14</td>
<td>com.staff.qa.testcases.ConsultantPageTest@14bf9759</td></tr>
<tr>
<td title='com.staff.qa.testcases.ConsultantPageTest.verifyDownloadUploadedDocument()'><b>verifyDownloadUploadedDocument</b><br>Test class: com.staff.qa.testcases.ConsultantPageTest</td>
<td></td>
<td>16</td>
<td>com.staff.qa.testcases.ConsultantPageTest@14bf9759</td></tr>
<tr>
<td title='com.staff.qa.testcases.ConsultantPageTest.verifyDuplicateConsultant()'><b>verifyDuplicateConsultant</b><br>Test class: com.staff.qa.testcases.ConsultantPageTest<br>Parameters: Don, DeCosta, dondecoasta@gmail.com, , 100, Hourly, 2019, Sep, 28, Immediately , Bay Area Or North, Hourly W2, EMPLOYEE, H1B, Australia, South Australia, Ashton, Java SQL, BackEnd, UI, 2 Years of Experience</td>
<td></td>
<td>56</td>
<td>com.staff.qa.testcases.ConsultantPageTest@14bf9759</td></tr>
<tr>
<td title='com.staff.qa.testcases.ConsultantPageTest.verifyEditConsultantFunctionality()'><b>verifyEditConsultantFunctionality</b><br>Test class: com.staff.qa.testcases.ConsultantPageTest<br>Parameters: Don, DeCosta, dondecoasta@gmail.com, , 100, Monthly, 2020, Oct, 08, 2 Week, Ca, Salaried Employee, DICE, EAD, India, Goa, Dxel, Java SQL, BackEnd, UI, 2 Years of Experience</td>
<td></td>
<td>71</td>
<td>com.staff.qa.testcases.ConsultantPageTest@14bf9759</td></tr>
<tr>
<td title='com.staff.qa.testcases.ConsultantPageTest.verifyEmailFunctionality()'><b>verifyEmailFunctionality</b><br>Test class: com.staff.qa.testcases.ConsultantPageTest</td>
<td></td>
<td>15</td>
<td>com.staff.qa.testcases.ConsultantPageTest@14bf9759</td></tr>
<tr>
<td title='com.staff.qa.testcases.ConsultantPageTest.verifyFunctionalityOfCancelButton()'><b>verifyFunctionalityOfCancelButton</b><br>Test class: com.staff.qa.testcases.ConsultantPageTest</td>
<td></td>
<td>9</td>
<td>com.staff.qa.testcases.ConsultantPageTest@14bf9759</td></tr>
<tr>
<td title='com.staff.qa.testcases.ConsultantPageTest.verifyPageLable()'><b>verifyPageLable</b><br>Test class: com.staff.qa.testcases.ConsultantPageTest</td>
<td></td>
<td>3</td>
<td>com.staff.qa.testcases.ConsultantPageTest@14bf9759</td></tr>
<tr>
<td title='com.staff.qa.testcases.ConsultantPageTest.verifyUn_ArchiveFunctionality()'><b>verifyUn_ArchiveFunctionality</b><br>Test class: com.staff.qa.testcases.ConsultantPageTest</td>
<td></td>
<td>7</td>
<td>com.staff.qa.testcases.ConsultantPageTest@14bf9759</td></tr>
<tr>
<td title='com.staff.qa.testcases.ConsultantPageTest.verifyUploadDocumentAppearInGrid()'><b>verifyUploadDocumentAppearInGrid</b><br>Test class: com.staff.qa.testcases.ConsultantPageTest</td>
<td></td>
<td>21</td>
<td>com.staff.qa.testcases.ConsultantPageTest@14bf9759</td></tr>
<tr>
<td title='com.staff.qa.testcases.ConsultantPageTest.verifyUploadDocumentFunctionality()'><b>verifyUploadDocumentFunctionality</b><br>Test class: com.staff.qa.testcases.ConsultantPageTest</td>
<td></td>
<td>21</td>
<td>com.staff.qa.testcases.ConsultantPageTest@14bf9759</td></tr>
<tr>
<td title='com.staff.qa.testcases.ConsultantPageTest.verifyUserNavigateToConsultantPage()'><b>verifyUserNavigateToConsultantPage</b><br>Test class: com.staff.qa.testcases.ConsultantPageTest</td>
<td></td>
<td>2</td>
<td>com.staff.qa.testcases.ConsultantPageTest@14bf9759</td></tr>
<tr>
<td title='com.staff.qa.testcases.ConsultantPageTest.verifyValidationForEmailSubject()'><b>verifyValidationForEmailSubject</b><br>Test class: com.staff.qa.testcases.ConsultantPageTest</td>
<td></td>
<td>13</td>
<td>com.staff.qa.testcases.ConsultantPageTest@14bf9759</td></tr>
</table><p>
</body>
</html>