<?xml version="1.0" encoding="UTF-8"?>
<!-- Generated by org.testng.reporters.JUnitXMLReporter -->
<testsuite hostname="Vijay-CH" ignored="6" name="E-Staff App Test Cases" tests="24" failures="3" timestamp="14 Oct 2019 09:56:14 GMT" time="889.775" errors="0">
  <testcase name="verifyAddRequirementFunctionality" time="57.74" classname="com.staff.qa.testcases.RequirementPageTest"/>
  <testcase name="verifyEditRequirementFunctionality" time="57.793" classname="com.staff.qa.testcases.RequirementPageTest"/>
  <testcase name="verifyUploadDocumentFunctionality" time="23.774" classname="com.staff.qa.testcases.RequirementPageTest"/>
  <testcase name="verifyUploadDocumentAppearInGrid" time="24.61" classname="com.staff.qa.testcases.RequirementPageTest"/>
  <testcase name="verifyDownloadUploadedDocument_requirement" time="14.87" classname="com.staff.qa.testcases.RequirementPageTest"/>
  <testcase name="verifyCancelBtnFunOfUploadDocPopUp_requirement" time="13.679" classname="com.staff.qa.testcases.RequirementPageTest"/>
  <testcase name="verifyEditJobDescriptionFunctionality" time="19.089" classname="com.staff.qa.testcases.RequirementPageTest"/>
  <testcase name="verifyArchivedRequirementFunctionality" time="39.261" classname="com.staff.qa.testcases.RequirementPageTest"/>
  <testcase name="verifyUnArchivedRequirementFunctionality" time="24.571" classname="com.staff.qa.testcases.RequirementPageTest"/>
  <testcase name="verifyValidationMessageForClosuredate" time="33.021" classname="com.staff.qa.testcases.RequirementPageTest"/>
  <testcase name="verifyValidationMessageForClosureReason" time="36.0" classname="com.staff.qa.testcases.RequirementPageTest"/>
  <testcase name="verifyCancelButtonFunctionalityOfArchiveRequirementPopUp" time="24.239" classname="com.staff.qa.testcases.RequirementPageTest"/>
  <testcase name="verifyValidationsForAddNewRequirement" time="3.893" classname="com.staff.qa.testcases.RequirementPageTest"/>
  <testcase name="verifyConsultantMapToRequirement" time="35.438" classname="com.staff.qa.testcases.RequirementPageTest">
    <failure type="java.lang.AssertionError" message="expected [Sanaz Afshar] but found [Don DeCosta]">
      <![CDATA[java.lang.AssertionError: expected [Sanaz Afshar] but found [Don DeCosta]
at com.staff.qa.testcases.RequirementPageTest.verifyConsultantMapToRequirement(RequirementPageTest.java:845)
... Removed 31 stack frames]]>
    </failure>
  </testcase> <!-- verifyConsultantMapToRequirement -->
  <testcase name="verifyConsultantMapToRequirement_alreadyExists" time="32.313" classname="com.staff.qa.testcases.RequirementPageTest"/>
  <testcase name="verifyArchivedConsultantMapToRequirement" time="29.015" classname="com.staff.qa.testcases.RequirementPageTest"/>
  <testcase name="verifyCancelBtnFunOfMapConsultantWindow" time="33.415" classname="com.staff.qa.testcases.RequirementPageTest"/>
  <testcase name="verifyAddNoteFunctionality" time="19.859" classname="com.staff.qa.testcases.RequirementPageTest"/>
  <testcase name="verifyCancelBtnFunOfAddNote" time="17.44" classname="com.staff.qa.testcases.RequirementPageTest"/>
  <testcase name="verifyNavigateToStatusPopUp" time="41.302" classname="com.staff.qa.testcases.RequirementPageTest">
    <failure type="java.lang.AssertionError" message="null">
      <![CDATA[java.lang.AssertionError: null
at com.staff.qa.testcases.RequirementPageTest.verifyNavigateToStatusPopUp(RequirementPageTest.java:1105)
... Removed 27 stack frames]]>
    </failure>
  </testcase> <!-- verifyNavigateToStatusPopUp -->
  <testcase name="verifySetTheStatusToConsultant" time="28.384" classname="com.staff.qa.testcases.RequirementPageTest"/>
  <testcase name="verifyCancelButtonFunOfSetStatusPopUp" time="36.749" classname="com.staff.qa.testcases.RequirementPageTest">
    <failure type="java.lang.AssertionError" message="null">
      <![CDATA[java.lang.AssertionError: null
at com.staff.qa.testcases.RequirementPageTest.verifyCancelButtonFunOfSetStatusPopUp(RequirementPageTest.java:1198)
... Removed 27 stack frames]]>
    </failure>
  </testcase> <!-- verifyCancelButtonFunOfSetStatusPopUp -->
  <testcase name="verifyDeleteRecentStatusFunctionality" time="22.933" classname="com.staff.qa.testcases.RequirementPageTest"/>
  <testcase name="verifyViewResumeFunctionality" time="18.396" classname="com.staff.qa.testcases.RequirementPageTest"/>
  <testcase name="verifyFunctionalityOfCancelButtonOfAddNewForm" time="0.0" classname="com.staff.qa.testcases.RequirementPageTest">
    <ignored/>
  </testcase> <!-- verifyFunctionalityOfCancelButtonOfAddNewForm -->
  <testcase name="verifyUserNavigateToConsultantPage" time="0.0" classname="com.staff.qa.testcases.RequirementPageTest">
    <ignored/>
  </testcase> <!-- verifyUserNavigateToConsultantPage -->
  <testcase name="getArchivedRequirementCount" time="0.0" classname="com.staff.qa.testcases.RequirementPageTest">
    <ignored/>
  </testcase> <!-- getArchivedRequirementCount -->
  <testcase name="getOpenRequirementCount" time="0.0" classname="com.staff.qa.testcases.RequirementPageTest">
    <ignored/>
  </testcase> <!-- getOpenRequirementCount -->
  <testcase name="getAllRequirementCount" time="0.0" classname="com.staff.qa.testcases.RequirementPageTest">
    <ignored/>
  </testcase> <!-- getAllRequirementCount -->
  <testcase name="verifyAddNewRequirementBtnClickable" time="0.0" classname="com.staff.qa.testcases.RequirementPageTest">
    <ignored/>
  </testcase> <!-- verifyAddNewRequirementBtnClickable -->
</testsuite> <!-- E-Staff App Test Cases -->
