<?xml version="1.0" encoding="UTF-8"?>
<!-- Generated by org.testng.reporters.JUnitReportReporter -->
<testsuite skipped="0" hostname="Vijay-CH" name="com.staff.qa.testcases.LoginPageTest" tests="9" failures="1" timestamp="18 Oct 2019 04:06:54 GMT" time="72.194" errors="0">
  <testcase name="validateUsernameMessageForIncorrectUsername" time="8.306" classname="com.staff.qa.testcases.LoginPageTest"/>
  <testcase name="validateLoginFunctionalityForIncorrectUserNamePassword" time="8.272" classname="com.staff.qa.testcases.LoginPageTest"/>
  <testcase name="validateUsernameMessageForBalankUsername" time="8.466" classname="com.staff.qa.testcases.LoginPageTest"/>
  <testcase name="loginPageTitleTest" time="6.123" classname="com.staff.qa.testcases.LoginPageTest"/>
  <testcase name="validatePasswordMessageForBlankPassword" time="8.156" classname="com.staff.qa.testcases.LoginPageTest"/>
  <testcase name="loginTest" time="8.125" classname="com.staff.qa.testcases.LoginPageTest"/>
  <testcase name="validatePasswordMessageForIncorrectPassword" time="8.109" classname="com.staff.qa.testcases.LoginPageTest">
    <failure type="java.lang.AssertionError" message="null">
      <![CDATA[java.lang.AssertionError: null
at org.testng.Assert.fail(Assert.java:96)
at org.testng.Assert.fail(Assert.java:103)
at com.staff.qa.testcases.LoginPageTest.validatePasswordMessageForIncorrectPassword(LoginPageTest.java:210)
at sun.reflect.NativeMethodAccessorImpl.invoke0(Native Method)
at sun.reflect.NativeMethodAccessorImpl.invoke(NativeMethodAccessorImpl.java:62)
at sun.reflect.DelegatingMethodAccessorImpl.invoke(DelegatingMethodAccessorImpl.java:43)
at java.lang.reflect.Method.invoke(Method.java:498)
at org.testng.internal.MethodInvocationHelper.invokeMethod(MethodInvocationHelper.java:124)
at org.testng.internal.Invoker.invokeMethod(Invoker.java:580)
at org.testng.internal.Invoker.invokeTestMethod(Invoker.java:716)
at org.testng.internal.Invoker.invokeTestMethods(Invoker.java:988)
at org.testng.internal.TestMethodWorker.invokeTestMethods(TestMethodWorker.java:125)
at org.testng.internal.TestMethodWorker.run(TestMethodWorker.java:109)
at java.util.concurrent.ThreadPoolExecutor.runWorker(ThreadPoolExecutor.java:1149)
at java.util.concurrent.ThreadPoolExecutor$Worker.run(ThreadPoolExecutor.java:624)
at java.lang.Thread.run(Thread.java:748)
]]>
    </failure>
  </testcase> <!-- validatePasswordMessageForIncorrectPassword -->
  <testcase name="validateMessageForBlankUsernamePassword" time="7.944" classname="com.staff.qa.testcases.LoginPageTest"/>
  <testcase name="validateMessageForBlankPasswordIncorrectUsername" time="8.693" classname="com.staff.qa.testcases.LoginPageTest"/>
</testsuite> <!-- com.staff.qa.testcases.LoginPageTest -->
